{"numFailedTestSuites":14,"numFailedTests":39,"numPassedTestSuites":5,"numPassedTests":194,"numPendingTestSuites":0,"numPendingTests":0,"numRuntimeErrorTestSuites":0,"numTodoTests":0,"numTotalTestSuites":19,"numTotalTests":233,"openHandles":[],"snapshot":{"added":0,"didUpdate":false,"failure":false,"filesAdded":0,"filesRemoved":0,"filesRemovedList":[],"filesUnmatched":0,"filesUpdated":0,"matched":0,"total":0,"unchecked":0,"uncheckedKeysByFile":[],"unmatched":0,"updated":0},"startTime":1778376983030,"success":false,"testResults":[{"assertionResults":[{"ancestorTitles":["UserService Unit Tests"],"duration":13,"failureDetails":[],"failureMessages":[],"fullName":"UserService Unit Tests TC-USER-001: Lấy user theo ID thành công","invocations":1,"location":null,"numPassingAsserts":1,"retryReasons":[],"status":"passed","title":"TC-USER-001: Lấy user theo ID thành công"},{"ancestorTitles":["UserService Unit Tests"],"duration":138,"failureDetails":[],"failureMessages":[],"fullName":"UserService Unit Tests TC-USER-002: Lấy user không tồn tại ném lỗi","invocations":1,"location":null,"numPassingAsserts":1,"retryReasons":[],"status":"passed","title":"TC-USER-002: Lấy user không tồn tại ném lỗi"},{"ancestorTitles":["UserService Unit Tests"],"duration":1,"failureDetails":[],"failureMessages":[],"fullName":"UserService Unit Tests TC-USER-003: Cập nhật user thành công","invocations":1,"location":null,"numPassingAsserts":1,"retryReasons":[],"status":"passed","title":"TC-USER-003: Cập nhật user thành công"},{"ancestorTitles":["UserService Unit Tests"],"duration":1,"failureDetails":[],"failureMessages":[],"fullName":"UserService Unit Tests TC-USER-004: Xóa user thành công","invocations":1,"location":null,"numPassingAsserts":1,"retryReasons":[],"status":"passed","title":"TC-USER-004: Xóa user thành công"},{"ancestorTitles":["UserService Unit Tests"],"duration":1,"failureDetails":[],"failureMessages":[],"fullName":"UserService Unit Tests TC-USER-005: Lấy tất cả user phân trang","invocations":1,"location":null,"numPassingAsserts":1,"retryReasons":[],"status":"passed","title":"TC-USER-005: Lấy tất cả user phân trang"},{"ancestorTitles":["UserService Unit Tests"],"duration":5,"failureDetails":[{"message":"expect(received).rejects.toThrow()\n\nReceived promise resolved instead of rejected\nResolved to value: {\"user_id\": 1}"}],"failureMessages":["Error: expect(received).rejects.toThrow()\n\nReceived promise resolved instead of rejected\nResolved to value: {\"user_id\": 1}\n    at expect (E:\\Desktop\\unit test\\datn-dev\\datn-dev\\node_modules\\expect\\build\\index.js:113:15)\n    at Object.<anonymous> (E:\\Desktop\\unit test\\datn-dev\\datn-dev\\src\\tests\\user.service.test.ts:78:11)\n    at Promise.then.completed (E:\\Desktop\\unit test\\datn-dev\\datn-dev\\node_modules\\jest-circus\\build\\utils.js:298:28)\n    at new Promise (<anonymous>)\n    at callAsyncCircusFn (E:\\Desktop\\unit test\\datn-dev\\datn-dev\\node_modules\\jest-circus\\build\\utils.js:231:10)\n    at _callCircusTest (E:\\Desktop\\unit test\\datn-dev\\datn-dev\\node_modules\\jest-circus\\build\\run.js:316:40)\n    at processTicksAndRejections (node:internal/process/task_queues:104:5)\n    at _runTest (E:\\Desktop\\unit test\\datn-dev\\datn-dev\\node_modules\\jest-circus\\build\\run.js:252:3)\n    at _runTestsForDescribeBlock (E:\\Desktop\\unit test\\datn-dev\\datn-dev\\node_modules\\jest-circus\\build\\run.js:126:9)\n    at _runTestsForDescribeBlock (E:\\Desktop\\unit test\\datn-dev\\datn-dev\\node_modules\\jest-circus\\build\\run.js:121:9)\n    at run (E:\\Desktop\\unit test\\datn-dev\\datn-dev\\node_modules\\jest-circus\\build\\run.js:71:3)\n    at runAndTransformResultsToJestFormat (E:\\Desktop\\unit test\\datn-dev\\datn-dev\\node_modules\\jest-circus\\build\\legacy-code-todo-rewrite\\jestAdapterInit.js:122:21)\n    at jestAdapter (E:\\Desktop\\unit test\\datn-dev\\datn-dev\\node_modules\\jest-circus\\build\\legacy-code-todo-rewrite\\jestAdapter.js:79:19)\n    at runTestInternal (E:\\Desktop\\unit test\\datn-dev\\datn-dev\\node_modules\\jest-runner\\build\\runTest.js:367:16)\n    at runTest (E:\\Desktop\\unit test\\datn-dev\\datn-dev\\node_modules\\jest-runner\\build\\runTest.js:444:34)\n    at Object.worker (E:\\Desktop\\unit test\\datn-dev\\datn-dev\\node_modules\\jest-runner\\build\\testWorker.js:106:12)"],"fullName":"UserService Unit Tests TC-USER-006: [FAILED] Cập nhật email trùng người khác","invocations":1,"location":null,"numPassingAsserts":0,"retryReasons":[],"status":"failed","title":"TC-USER-006: [FAILED] Cập nhật email trùng người khác"},{"ancestorTitles":["UserService Unit Tests"],"duration":1,"failureDetails":[{"message":"expect(received).rejects.toThrow()\n\nReceived promise resolved instead of rejected\nResolved to value: undefined"}],"failureMessages":["Error: expect(received).rejects.toThrow()\n\nReceived promise resolved instead of rejected\nResolved to value: undefined\n    at expect (E:\\Desktop\\unit test\\datn-dev\\datn-dev\\node_modules\\expect\\build\\index.js:113:15)\n    at Object.<anonymous> (E:\\Desktop\\unit test\\datn-dev\\datn-dev\\src\\tests\\user.service.test.ts:87:11)\n    at Promise.then.completed (E:\\Desktop\\unit test\\datn-dev\\datn-dev\\node_modules\\jest-circus\\build\\utils.js:298:28)\n    at new Promise (<anonymous>)\n    at callAsyncCircusFn (E:\\Desktop\\unit test\\datn-dev\\datn-dev\\node_modules\\jest-circus\\build\\utils.js:231:10)\n    at _callCircusTest (E:\\Desktop\\unit test\\datn-dev\\datn-dev\\node_modules\\jest-circus\\build\\run.js:316:40)\n    at processTicksAndRejections (node:internal/process/task_queues:104:5)\n    at _runTest (E:\\Desktop\\unit test\\datn-dev\\datn-dev\\node_modules\\jest-circus\\build\\run.js:252:3)\n    at _runTestsForDescribeBlock (E:\\Desktop\\unit test\\datn-dev\\datn-dev\\node_modules\\jest-circus\\build\\run.js:126:9)\n    at _runTestsForDescribeBlock (E:\\Desktop\\unit test\\datn-dev\\datn-dev\\node_modules\\jest-circus\\build\\run.js:121:9)\n    at run (E:\\Desktop\\unit test\\datn-dev\\datn-dev\\node_modules\\jest-circus\\build\\run.js:71:3)\n    at runAndTransformResultsToJestFormat (E:\\Desktop\\unit test\\datn-dev\\datn-dev\\node_modules\\jest-circus\\build\\legacy-code-todo-rewrite\\jestAdapterInit.js:122:21)\n    at jestAdapter (E:\\Desktop\\unit test\\datn-dev\\datn-dev\\node_modules\\jest-circus\\build\\legacy-code-todo-rewrite\\jestAdapter.js:79:19)\n    at runTestInternal (E:\\Desktop\\unit test\\datn-dev\\datn-dev\\node_modules\\jest-runner\\build\\runTest.js:367:16)\n    at runTest (E:\\Desktop\\unit test\\datn-dev\\datn-dev\\node_modules\\jest-runner\\build\\runTest.js:444:34)\n    at Object.worker (E:\\Desktop\\unit test\\datn-dev\\datn-dev\\node_modules\\jest-runner\\build\\testWorker.js:106:12)"],"fullName":"UserService Unit Tests TC-USER-007: [FAILED] Xóa user đã có lịch sử làm bài","invocations":1,"location":null,"numPassingAsserts":0,"retryReasons":[],"status":"failed","title":"TC-USER-007: [FAILED] Xóa user đã có lịch sử làm bài"},{"ancestorTitles":["UserService Unit Tests"],"duration":1,"failureDetails":[{"message":"expect(received).rejects.toThrow()\n\nReceived promise resolved instead of rejected\nResolved to value: {\"user_id\": 1}"}],"failureMessages":["Error: expect(received).rejects.toThrow()\n\nReceived promise resolved instead of rejected\nResolved to value: {\"user_id\": 1}\n    at expect (E:\\Desktop\\unit test\\datn-dev\\datn-dev\\node_modules\\expect\\build\\index.js:113:15)\n    at Object.<anonymous> (E:\\Desktop\\unit test\\datn-dev\\datn-dev\\src\\tests\\user.service.test.ts:96:11)\n    at Promise.then.completed (E:\\Desktop\\unit test\\datn-dev\\datn-dev\\node_modules\\jest-circus\\build\\utils.js:298:28)\n    at new Promise (<anonymous>)\n    at callAsyncCircusFn (E:\\Desktop\\unit test\\datn-dev\\datn-dev\\node_modules\\jest-circus\\build\\utils.js:231:10)\n    at _callCircusTest (E:\\Desktop\\unit test\\datn-dev\\datn-dev\\node_modules\\jest-circus\\build\\run.js:316:40)\n    at processTicksAndRejections (node:internal/process/task_queues:104:5)\n    at _runTest (E:\\Desktop\\unit test\\datn-dev\\datn-dev\\node_modules\\jest-circus\\build\\run.js:252:3)\n    at _runTestsForDescribeBlock (E:\\Desktop\\unit test\\datn-dev\\datn-dev\\node_modules\\jest-circus\\build\\run.js:126:9)\n    at _runTestsForDescribeBlock (E:\\Desktop\\unit test\\datn-dev\\datn-dev\\node_modules\\jest-circus\\build\\run.js:121:9)\n    at run (E:\\Desktop\\unit test\\datn-dev\\datn-dev\\node_modules\\jest-circus\\build\\run.js:71:3)\n    at runAndTransformResultsToJestFormat (E:\\Desktop\\unit test\\datn-dev\\datn-dev\\node_modules\\jest-circus\\build\\legacy-code-todo-rewrite\\jestAdapterInit.js:122:21)\n    at jestAdapter (E:\\Desktop\\unit test\\datn-dev\\datn-dev\\node_modules\\jest-circus\\build\\legacy-code-todo-rewrite\\jestAdapter.js:79:19)\n    at runTestInternal (E:\\Desktop\\unit test\\datn-dev\\datn-dev\\node_modules\\jest-runner\\build\\runTest.js:367:16)\n    at runTest (E:\\Desktop\\unit test\\datn-dev\\datn-dev\\node_modules\\jest-runner\\build\\runTest.js:444:34)\n    at Object.worker (E:\\Desktop\\unit test\\datn-dev\\datn-dev\\node_modules\\jest-runner\\build\\testWorker.js:106:12)"],"fullName":"UserService Unit Tests TC-USER-008: [FAILED] Cập nhật role không tồn tại","invocations":1,"location":null,"numPassingAsserts":0,"retryReasons":[],"status":"failed","title":"TC-USER-008: [FAILED] Cập nhật role không tồn tại"},{"ancestorTitles":["UserService Unit Tests"],"duration":1,"failureDetails":[{"message":"expect(received).rejects.toThrow()\n\nReceived promise resolved instead of rejected\nResolved to value: {\"user_id\": 1}"}],"failureMessages":["Error: expect(received).rejects.toThrow()\n\nReceived promise resolved instead of rejected\nResolved to value: {\"user_id\": 1}\n    at expect (E:\\Desktop\\unit test\\datn-dev\\datn-dev\\node_modules\\expect\\build\\index.js:113:15)\n    at Object.<anonymous> (E:\\Desktop\\unit test\\datn-dev\\datn-dev\\src\\tests\\user.service.test.ts:105:11)\n    at Promise.then.completed (E:\\Desktop\\unit test\\datn-dev\\datn-dev\\node_modules\\jest-circus\\build\\utils.js:298:28)\n    at new Promise (<anonymous>)\n    at callAsyncCircusFn (E:\\Desktop\\unit test\\datn-dev\\datn-dev\\node_modules\\jest-circus\\build\\utils.js:231:10)\n    at _callCircusTest (E:\\Desktop\\unit test\\datn-dev\\datn-dev\\node_modules\\jest-circus\\build\\run.js:316:40)\n    at processTicksAndRejections (node:internal/process/task_queues:104:5)\n    at _runTest (E:\\Desktop\\unit test\\datn-dev\\datn-dev\\node_modules\\jest-circus\\build\\run.js:252:3)\n    at _runTestsForDescribeBlock (E:\\Desktop\\unit test\\datn-dev\\datn-dev\\node_modules\\jest-circus\\build\\run.js:126:9)\n    at _runTestsForDescribeBlock (E:\\Desktop\\unit test\\datn-dev\\datn-dev\\node_modules\\jest-circus\\build\\run.js:121:9)\n    at run (E:\\Desktop\\unit test\\datn-dev\\datn-dev\\node_modules\\jest-circus\\build\\run.js:71:3)\n    at runAndTransformResultsToJestFormat (E:\\Desktop\\unit test\\datn-dev\\datn-dev\\node_modules\\jest-circus\\build\\legacy-code-todo-rewrite\\jestAdapterInit.js:122:21)\n    at jestAdapter (E:\\Desktop\\unit test\\datn-dev\\datn-dev\\node_modules\\jest-circus\\build\\legacy-code-todo-rewrite\\jestAdapter.js:79:19)\n    at runTestInternal (E:\\Desktop\\unit test\\datn-dev\\datn-dev\\node_modules\\jest-runner\\build\\runTest.js:367:16)\n    at runTest (E:\\Desktop\\unit test\\datn-dev\\datn-dev\\node_modules\\jest-runner\\build\\runTest.js:444:34)\n    at Object.worker (E:\\Desktop\\unit test\\datn-dev\\datn-dev\\node_modules\\jest-runner\\build\\testWorker.js:106:12)"],"fullName":"UserService Unit Tests TC-USER-009: [FAILED] Cập nhật mật khẩu thành rỗng","invocations":1,"location":null,"numPassingAsserts":0,"retryReasons":[],"status":"failed","title":"TC-USER-009: [FAILED] Cập nhật mật khẩu thành rỗng"},{"ancestorTitles":["UserService Unit Tests"],"duration":1,"failureDetails":[],"failureMessages":[],"fullName":"UserService Unit Tests TC-USER-010: Tìm kiếm user bằng tiếng Việt có dấu","invocations":1,"location":null,"numPassingAsserts":1,"retryReasons":[],"status":"passed","title":"TC-USER-010: Tìm kiếm user bằng tiếng Việt có dấu"},{"ancestorTitles":["UserService Unit Tests"],"duration":40,"failureDetails":[],"failureMessages":[],"fullName":"UserService Unit Tests TC-USER-011: Lấy thông tin cá nhân (Profile)","invocations":1,"location":null,"numPassingAsserts":1,"retryReasons":[],"status":"passed","title":"TC-USER-011: Lấy thông tin cá nhân (Profile)"},{"ancestorTitles":["UserService Unit Tests"],"duration":2,"failureDetails":[],"failureMessages":[],"fullName":"UserService Unit Tests TC-USER-012: Cập nhật avatar vượt dung lượng","invocations":1,"location":null,"numPassingAsserts":1,"retryReasons":[],"status":"passed","title":"TC-USER-012: Cập nhật avatar vượt dung lượng"},{"ancestorTitles":["UserService Unit Tests"],"duration":1,"failureDetails":[],"failureMessages":[],"fullName":"UserService Unit Tests TC-USER-013: Thay đổi trạng thái available","invocations":1,"location":null,"numPassingAsserts":1,"retryReasons":[],"status":"passed","title":"TC-USER-013: Thay đổi trạng thái available"},{"ancestorTitles":["UserService Unit Tests"],"duration":1,"failureDetails":[],"failureMessages":[],"fullName":"UserService Unit Tests TC-USER-014: Lấy danh sách user theo status","invocations":1,"location":null,"numPassingAsserts":1,"retryReasons":[],"status":"passed","title":"TC-USER-014: Lấy danh sách user theo status"},{"ancestorTitles":["UserService Unit Tests"],"duration":1,"failureDetails":[],"failureMessages":[],"fullName":"UserService Unit Tests TC-USER-015: Xóa user không tồn tại","invocations":1,"location":null,"numPassingAsserts":1,"retryReasons":[],"status":"passed","title":"TC-USER-015: Xóa user không tồn tại"},{"ancestorTitles":["UserService Unit Tests"],"duration":1,"failureDetails":[{"message":"expect(received).rejects.toThrow()\n\nReceived promise resolved instead of rejected\nResolved to value: {\"user_id\": 1}"}],"failureMessages":["Error: expect(received).rejects.toThrow()\n\nReceived promise resolved instead of rejected\nResolved to value: {\"user_id\": 1}\n    at expect (E:\\Desktop\\unit test\\datn-dev\\datn-dev\\node_modules\\expect\\build\\index.js:113:15)\n    at Object.<anonymous> (E:\\Desktop\\unit test\\datn-dev\\datn-dev\\src\\tests\\user.service.test.ts:166:11)\n    at Promise.then.completed (E:\\Desktop\\unit test\\datn-dev\\datn-dev\\node_modules\\jest-circus\\build\\utils.js:298:28)\n    at new Promise (<anonymous>)\n    at callAsyncCircusFn (E:\\Desktop\\unit test\\datn-dev\\datn-dev\\node_modules\\jest-circus\\build\\utils.js:231:10)\n    at _callCircusTest (E:\\Desktop\\unit test\\datn-dev\\datn-dev\\node_modules\\jest-circus\\build\\run.js:316:40)\n    at processTicksAndRejections (node:internal/process/task_queues:104:5)\n    at _runTest (E:\\Desktop\\unit test\\datn-dev\\datn-dev\\node_modules\\jest-circus\\build\\run.js:252:3)\n    at _runTestsForDescribeBlock (E:\\Desktop\\unit test\\datn-dev\\datn-dev\\node_modules\\jest-circus\\build\\run.js:126:9)\n    at _runTestsForDescribeBlock (E:\\Desktop\\unit test\\datn-dev\\datn-dev\\node_modules\\jest-circus\\build\\run.js:121:9)\n    at run (E:\\Desktop\\unit test\\datn-dev\\datn-dev\\node_modules\\jest-circus\\build\\run.js:71:3)\n    at runAndTransformResultsToJestFormat (E:\\Desktop\\unit test\\datn-dev\\datn-dev\\node_modules\\jest-circus\\build\\legacy-code-todo-rewrite\\jestAdapterInit.js:122:21)\n    at jestAdapter (E:\\Desktop\\unit test\\datn-dev\\datn-dev\\node_modules\\jest-circus\\build\\legacy-code-todo-rewrite\\jestAdapter.js:79:19)\n    at runTestInternal (E:\\Desktop\\unit test\\datn-dev\\datn-dev\\node_modules\\jest-runner\\build\\runTest.js:367:16)\n    at runTest (E:\\Desktop\\unit test\\datn-dev\\datn-dev\\node_modules\\jest-runner\\build\\runTest.js:444:34)\n    at Object.worker (E:\\Desktop\\unit test\\datn-dev\\datn-dev\\node_modules\\jest-runner\\build\\testWorker.js:106:12)"],"fullName":"UserService Unit Tests TC-USER-016: [FAILED] Cập nhật birthday ở tương lai","invocations":1,"location":null,"numPassingAsserts":0,"retryReasons":[],"status":"failed","title":"TC-USER-016: [FAILED] Cập nhật birthday ở tương lai"},{"ancestorTitles":["UserService Unit Tests"],"duration":1,"failureDetails":[],"failureMessages":[],"fullName":"UserService Unit Tests TC-USER-017: Lấy user theo role Admin","invocations":1,"location":null,"numPassingAsserts":1,"retryReasons":[],"status":"passed","title":"TC-USER-017: Lấy user theo role Admin"},{"ancestorTitles":["UserService Unit Tests"],"duration":0,"failureDetails":[],"failureMessages":[],"fullName":"UserService Unit Tests TC-USER-018: Search user với từ khóa rỗng","invocations":1,"location":null,"numPassingAsserts":1,"retryReasons":[],"status":"passed","title":"TC-USER-018: Search user với từ khóa rỗng"},{"ancestorTitles":["UserService Unit Tests"],"duration":2,"failureDetails":[],"failureMessages":[],"fullName":"UserService Unit Tests TC-USER-019: Cập nhật user với ID không hợp lệ","invocations":1,"location":null,"numPassingAsserts":1,"retryReasons":[],"status":"passed","title":"TC-USER-019: Cập nhật user với ID không hợp lệ"},{"ancestorTitles":["UserService Unit Tests"],"duration":1,"failureDetails":[],"failureMessages":[],"fullName":"UserService Unit Tests TC-USER-020: Lấy user với trang vượt giới hạn","invocations":1,"location":null,"numPassingAsserts":1,"retryReasons":[],"status":"passed","title":"TC-USER-020: Lấy user với trang vượt giới hạn"}],"endTime":1778376991964,"message":"  ● UserService Unit Tests › TC-USER-006: [FAILED] Cập nhật email trùng người khác\n\n    expect(received).rejects.toThrow()\n\n    Received promise resolved instead of rejected\n    Resolved to value: {\"user_id\": 1}\n\n    \u001b[0m \u001b[90m 76 |\u001b[39m   test(\u001b[32m'TC-USER-006: [FAILED] Cập nhật email trùng người khác'\u001b[39m\u001b[33m,\u001b[39m \u001b[36masync\u001b[39m () \u001b[33m=>\u001b[39m {\n     \u001b[90m 77 |\u001b[39m     mockQuery\u001b[33m.\u001b[39mmockResolvedValueOnce({ rows\u001b[33m:\u001b[39m [{ user_id\u001b[33m:\u001b[39m \u001b[35m1\u001b[39m }] })\u001b[33m;\u001b[39m \n    \u001b[31m\u001b[1m>\u001b[22m\u001b[39m\u001b[90m 78 |\u001b[39m     \u001b[36mawait\u001b[39m expect((\u001b[33mUserService\u001b[39m \u001b[36mas\u001b[39m any)\u001b[33m.\u001b[39mupdate(\u001b[35m1\u001b[39m\u001b[33m,\u001b[39m { email\u001b[33m:\u001b[39m \u001b[32m'other@ex.com'\u001b[39m }))\u001b[33m.\u001b[39mrejects\u001b[33m.\u001b[39mtoThrow(\u001b[32m'EMAIL_ALREADY_IN_USE'\u001b[39m)\u001b[33m;\u001b[39m\n     \u001b[90m    |\u001b[39m           \u001b[31m\u001b[1m^\u001b[22m\u001b[39m\n     \u001b[90m 79 |\u001b[39m   })\u001b[33m;\u001b[39m\n     \u001b[90m 80 |\u001b[39m\n     \u001b[90m 81 |\u001b[39m   \u001b[90m/**\u001b[39m\u001b[0m\n\n      at expect (node_modules/expect/build/index.js:113:15)\n      at Object.<anonymous> (src/tests/user.service.test.ts:78:11)\n\n  ● UserService Unit Tests › TC-USER-007: [FAILED] Xóa user đã có lịch sử làm bài\n\n    expect(received).rejects.toThrow()\n\n    Received promise resolved instead of rejected\n    Resolved to value: undefined\n\n    \u001b[0m \u001b[90m 85 |\u001b[39m   test(\u001b[32m'TC-USER-007: [FAILED] Xóa user đã có lịch sử làm bài'\u001b[39m\u001b[33m,\u001b[39m \u001b[36masync\u001b[39m () \u001b[33m=>\u001b[39m {\n     \u001b[90m 86 |\u001b[39m     mockQuery\u001b[33m.\u001b[39mmockResolvedValueOnce({ rowCount\u001b[33m:\u001b[39m \u001b[35m1\u001b[39m })\u001b[33m;\u001b[39m\n    \u001b[31m\u001b[1m>\u001b[22m\u001b[39m\u001b[90m 87 |\u001b[39m     \u001b[36mawait\u001b[39m expect((\u001b[33mUserService\u001b[39m \u001b[36mas\u001b[39m any)\u001b[33m.\u001b[39mremove(\u001b[35m1\u001b[39m))\u001b[33m.\u001b[39mrejects\u001b[33m.\u001b[39mtoThrow(\u001b[32m'FOREIGN_KEY_VIOLATION'\u001b[39m)\u001b[33m;\u001b[39m\n     \u001b[90m    |\u001b[39m           \u001b[31m\u001b[1m^\u001b[22m\u001b[39m\n     \u001b[90m 88 |\u001b[39m   })\u001b[33m;\u001b[39m\n     \u001b[90m 89 |\u001b[39m\n     \u001b[90m 90 |\u001b[39m   \u001b[90m/**\u001b[39m\u001b[0m\n\n      at expect (node_modules/expect/build/index.js:113:15)\n      at Object.<anonymous> (src/tests/user.service.test.ts:87:11)\n\n  ● UserService Unit Tests › TC-USER-008: [FAILED] Cập nhật role không tồn tại\n\n    expect(received).rejects.toThrow()\n\n    Received promise resolved instead of rejected\n    Resolved to value: {\"user_id\": 1}\n\n    \u001b[0m \u001b[90m 94 |\u001b[39m   test(\u001b[32m'TC-USER-008: [FAILED] Cập nhật role không tồn tại'\u001b[39m\u001b[33m,\u001b[39m \u001b[36masync\u001b[39m () \u001b[33m=>\u001b[39m {\n     \u001b[90m 95 |\u001b[39m     mockQuery\u001b[33m.\u001b[39mmockResolvedValueOnce({ rows\u001b[33m:\u001b[39m [{ user_id\u001b[33m:\u001b[39m \u001b[35m1\u001b[39m }] })\u001b[33m;\u001b[39m \n    \u001b[31m\u001b[1m>\u001b[22m\u001b[39m\u001b[90m 96 |\u001b[39m     \u001b[36mawait\u001b[39m expect((\u001b[33mUserService\u001b[39m \u001b[36mas\u001b[39m any)\u001b[33m.\u001b[39mupdate(\u001b[35m1\u001b[39m\u001b[33m,\u001b[39m { role_id\u001b[33m:\u001b[39m \u001b[35m999\u001b[39m }))\u001b[33m.\u001b[39mrejects\u001b[33m.\u001b[39mtoThrow(\u001b[32m'ROLE_NOT_FOUND'\u001b[39m)\u001b[33m;\u001b[39m\n     \u001b[90m    |\u001b[39m           \u001b[31m\u001b[1m^\u001b[22m\u001b[39m\n     \u001b[90m 97 |\u001b[39m   })\u001b[33m;\u001b[39m\n     \u001b[90m 98 |\u001b[39m\n     \u001b[90m 99 |\u001b[39m   \u001b[90m/**\u001b[39m\u001b[0m\n\n      at expect (node_modules/expect/build/index.js:113:15)\n      at Object.<anonymous> (src/tests/user.service.test.ts:96:11)\n\n  ● UserService Unit Tests › TC-USER-009: [FAILED] Cập nhật mật khẩu thành rỗng\n\n    expect(received).rejects.toThrow()\n\n    Received promise resolved instead of rejected\n    Resolved to value: {\"user_id\": 1}\n\n    \u001b[0m \u001b[90m 103 |\u001b[39m   test(\u001b[32m'TC-USER-009: [FAILED] Cập nhật mật khẩu thành rỗng'\u001b[39m\u001b[33m,\u001b[39m \u001b[36masync\u001b[39m () \u001b[33m=>\u001b[39m {\n     \u001b[90m 104 |\u001b[39m     mockQuery\u001b[33m.\u001b[39mmockResolvedValueOnce({ rows\u001b[33m:\u001b[39m [{ user_id\u001b[33m:\u001b[39m \u001b[35m1\u001b[39m }] })\u001b[33m;\u001b[39m \n    \u001b[31m\u001b[1m>\u001b[22m\u001b[39m\u001b[90m 105 |\u001b[39m     \u001b[36mawait\u001b[39m expect((\u001b[33mUserService\u001b[39m \u001b[36mas\u001b[39m any)\u001b[33m.\u001b[39mupdate(\u001b[35m1\u001b[39m\u001b[33m,\u001b[39m { password_hash\u001b[33m:\u001b[39m \u001b[32m''\u001b[39m }))\u001b[33m.\u001b[39mrejects\u001b[33m.\u001b[39mtoThrow(\u001b[32m'INVALID_PASSWORD'\u001b[39m)\u001b[33m;\u001b[39m\n     \u001b[90m     |\u001b[39m           \u001b[31m\u001b[1m^\u001b[22m\u001b[39m\n     \u001b[90m 106 |\u001b[39m   })\u001b[33m;\u001b[39m\n     \u001b[90m 107 |\u001b[39m\n     \u001b[90m 108 |\u001b[39m   \u001b[90m/**\u001b[39m\u001b[0m\n\n      at expect (node_modules/expect/build/index.js:113:15)\n      at Object.<anonymous> (src/tests/user.service.test.ts:105:11)\n\n  ● UserService Unit Tests › TC-USER-016: [FAILED] Cập nhật birthday ở tương lai\n\n    expect(received).rejects.toThrow()\n\n    Received promise resolved instead of rejected\n    Resolved to value: {\"user_id\": 1}\n\n    \u001b[0m \u001b[90m 164 |\u001b[39m   test(\u001b[32m'TC-USER-016: [FAILED] Cập nhật birthday ở tương lai'\u001b[39m\u001b[33m,\u001b[39m \u001b[36masync\u001b[39m () \u001b[33m=>\u001b[39m {\n     \u001b[90m 165 |\u001b[39m     mockQuery\u001b[33m.\u001b[39mmockResolvedValueOnce({ rows\u001b[33m:\u001b[39m [{ user_id\u001b[33m:\u001b[39m \u001b[35m1\u001b[39m }] })\u001b[33m;\u001b[39m\n    \u001b[31m\u001b[1m>\u001b[22m\u001b[39m\u001b[90m 166 |\u001b[39m     \u001b[36mawait\u001b[39m expect((\u001b[33mUserService\u001b[39m \u001b[36mas\u001b[39m any)\u001b[33m.\u001b[39mupdate(\u001b[35m1\u001b[39m\u001b[33m,\u001b[39m { birthday\u001b[33m:\u001b[39m \u001b[32m'2050-01-01'\u001b[39m } \u001b[36mas\u001b[39m any))\u001b[33m.\u001b[39mrejects\u001b[33m.\u001b[39mtoThrow()\u001b[33m;\u001b[39m\n     \u001b[90m     |\u001b[39m           \u001b[31m\u001b[1m^\u001b[22m\u001b[39m\n     \u001b[90m 167 |\u001b[39m   })\u001b[33m;\u001b[39m\n     \u001b[90m 168 |\u001b[39m\n     \u001b[90m 169 |\u001b[39m   \u001b[90m/**\u001b[39m\u001b[0m\n\n      at expect (node_modules/expect/build/index.js:113:15)\n      at Object.<anonymous> (src/tests/user.service.test.ts:166:11)\n","name":"E:\\Desktop\\unit test\\datn-dev\\datn-dev\\src\\tests\\user.service.test.ts","startTime":1778376984464,"status":"failed","summary":""},{"assertionResults":[{"ancestorTitles":["ScheduleStudyService Unit Tests"],"duration":4,"failureDetails":[],"failureMessages":[],"fullName":"ScheduleStudyService Unit Tests TC-SCHST-001: Lấy lịch học pending","invocations":1,"location":null,"numPassingAsserts":2,"retryReasons":[],"status":"passed","title":"TC-SCHST-001: Lấy lịch học pending"},{"ancestorTitles":["ScheduleStudyService Unit Tests"],"duration":1,"failureDetails":[],"failureMessages":[],"fullName":"ScheduleStudyService Unit Tests TC-SCHST-002: Cập nhật trạng thái lịch học","invocations":1,"location":null,"numPassingAsserts":1,"retryReasons":[],"status":"passed","title":"TC-SCHST-002: Cập nhật trạng thái lịch học"},{"ancestorTitles":["ScheduleStudyService Unit Tests"],"duration":1,"failureDetails":[{"matcherResult":{"message":"expect(received).toBeNull()\n\nReceived: \"Old\"","pass":false}}],"failureMessages":["Error: expect(received).toBeNull()\n\nReceived: \"Old\"\n    at Object.<anonymous> (E:\\Desktop\\unit test\\datn-dev\\datn-dev\\src\\tests\\schedule.study.service.test.ts:63:33)\n    at processTicksAndRejections (node:internal/process/task_queues:104:5)"],"fullName":"ScheduleStudyService Unit Tests TC-SCHST-003: Xóa trắng mô tả lịch học","invocations":1,"location":null,"numPassingAsserts":0,"retryReasons":[],"status":"failed","title":"TC-SCHST-003: Xóa trắng mô tả lịch học"},{"ancestorTitles":["ScheduleStudyService Unit Tests"],"duration":2,"failureDetails":[{"matcherResult":{"message":"expect(received).not.toContain(expected) // indexOf\n\nExpected substring: not \"INTERVAL '7 hours'\"\nReceived string:        \"\n            SELECT s.*, sub.subject_name\n            FROM study_schedule s\n            LEFT JOIN subject sub ON s.subject_id = sub.subject_id\n            WHERE s.status IN ('pending')\n                AND (s.end_time IS NULL OR s.end_time >= (NOW() + INTERVAL '7 hours'))\n            ORDER BY s.start_time DESC\n            \"","pass":true}}],"failureMessages":["Error: expect(received).not.toContain(expected) // indexOf\n\nExpected substring: not \"INTERVAL '7 hours'\"\nReceived string:        \"\n            SELECT s.*, sub.subject_name\n            FROM study_schedule s\n            LEFT JOIN subject sub ON s.subject_id = sub.subject_id\n            WHERE s.status IN ('pending')\n                AND (s.end_time IS NULL OR s.end_time >= (NOW() + INTERVAL '7 hours'))\n            ORDER BY s.start_time DESC\n            \"\n    at Object.<anonymous> (E:\\Desktop\\unit test\\datn-dev\\datn-dev\\src\\tests\\schedule.study.service.test.ts:83:27)\n    at processTicksAndRejections (node:internal/process/task_queues:104:5)"],"fullName":"ScheduleStudyService Unit Tests TC-SCHST-004: Múi giờ cứng (+7h) trong filter","invocations":1,"location":null,"numPassingAsserts":0,"retryReasons":[],"status":"failed","title":"TC-SCHST-004: Múi giờ cứng (+7h) trong filter"},{"ancestorTitles":["ScheduleStudyService Unit Tests"],"duration":0,"failureDetails":[],"failureMessages":[],"fullName":"ScheduleStudyService Unit Tests TC-SCHST-005: Đánh dấu quá hạn tự động","invocations":1,"location":null,"numPassingAsserts":1,"retryReasons":[],"status":"passed","title":"TC-SCHST-005: Đánh dấu quá hạn tự động"}],"endTime":1778376992320,"message":"  ● ScheduleStudyService Unit Tests › TC-SCHST-003: Xóa trắng mô tả lịch học\n\n    expect(received).toBeNull()\n\n    Received: \"Old\"\n\n    \u001b[0m \u001b[90m 61 |\u001b[39m     \n     \u001b[90m 62 |\u001b[39m     \u001b[90m// Mong đợi description trở thành null, nhưng thực tế sẽ giữ nguyên 'Old'\u001b[39m\n    \u001b[31m\u001b[1m>\u001b[22m\u001b[39m\u001b[90m 63 |\u001b[39m     expect(result\u001b[33m?\u001b[39m\u001b[33m.\u001b[39mdescription)\u001b[33m.\u001b[39mtoBeNull()\u001b[33m;\u001b[39m\n     \u001b[90m    |\u001b[39m                                 \u001b[31m\u001b[1m^\u001b[22m\u001b[39m\n     \u001b[90m 64 |\u001b[39m   })\u001b[33m;\u001b[39m\n     \u001b[90m 65 |\u001b[39m\n     \u001b[90m 66 |\u001b[39m   \u001b[90m/**\u001b[39m\u001b[0m\n\n      at Object.<anonymous> (src/tests/schedule.study.service.test.ts:63:33)\n\n  ● ScheduleStudyService Unit Tests › TC-SCHST-004: Múi giờ cứng (+7h) trong filter\n\n    expect(received).not.toContain(expected) // indexOf\n\n    Expected substring: not \"INTERVAL '7 hours'\"\n    Received string:        \"\n                SELECT s.*, sub.subject_name\n                FROM study_schedule s\n                LEFT JOIN subject sub ON s.subject_id = sub.subject_id\n                WHERE s.status IN ('pending')\n                    AND (s.end_time IS NULL OR s.end_time >= (NOW() + INTERVAL '7 hours'))\n                ORDER BY s.start_time DESC\n                \"\n\n    \u001b[0m \u001b[90m 81 |\u001b[39m     \n     \u001b[90m 82 |\u001b[39m     \u001b[90m// Mong đợi sử dụng UTC (không có cộng cứng), nhưng thực tế có '+ INTERVAL \\'7 hours\\''\u001b[39m\n    \u001b[31m\u001b[1m>\u001b[22m\u001b[39m\u001b[90m 83 |\u001b[39m     expect(lastQuery)\u001b[33m.\u001b[39mnot\u001b[33m.\u001b[39mtoContain(\u001b[32m\"INTERVAL '7 hours'\"\u001b[39m)\u001b[33m;\u001b[39m\n     \u001b[90m    |\u001b[39m                           \u001b[31m\u001b[1m^\u001b[22m\u001b[39m\n     \u001b[90m 84 |\u001b[39m   })\u001b[33m;\u001b[39m\n     \u001b[90m 85 |\u001b[39m\n     \u001b[90m 86 |\u001b[39m   \u001b[90m/**\u001b[39m\u001b[0m\n\n      at Object.<anonymous> (src/tests/schedule.study.service.test.ts:83:27)\n","name":"E:\\Desktop\\unit test\\datn-dev\\datn-dev\\src\\tests\\schedule.study.service.test.ts","startTime":1778376991986,"status":"failed","summary":""},{"assertionResults":[{"ancestorTitles":["TopicService Unit Tests"],"duration":35,"failureDetails":[],"failureMessages":[],"fullName":"TopicService Unit Tests TC-TOPIC-001: Lấy chủ đề theo môn học","invocations":1,"location":null,"numPassingAsserts":1,"retryReasons":[],"status":"passed","title":"TC-TOPIC-001: Lấy chủ đề theo môn học"},{"ancestorTitles":["TopicService Unit Tests"],"duration":1,"failureDetails":[],"failureMessages":[],"fullName":"TopicService Unit Tests TC-TOPIC-002: Tạo chủ đề thành công","invocations":1,"location":null,"numPassingAsserts":1,"retryReasons":[],"status":"passed","title":"TC-TOPIC-002: Tạo chủ đề thành công"},{"ancestorTitles":["TopicService Unit Tests"],"duration":15,"failureDetails":[{"message":"expect(received).rejects.toThrow()\n\nReceived promise resolved instead of rejected\nResolved to value: true"}],"failureMessages":["Error: expect(received).rejects.toThrow()\n\nReceived promise resolved instead of rejected\nResolved to value: true\n    at expect (E:\\Desktop\\unit test\\datn-dev\\datn-dev\\node_modules\\expect\\build\\index.js:113:15)\n    at Object.<anonymous> (E:\\Desktop\\unit test\\datn-dev\\datn-dev\\src\\tests\\topic.service.test.ts:48:11)\n    at Promise.then.completed (E:\\Desktop\\unit test\\datn-dev\\datn-dev\\node_modules\\jest-circus\\build\\utils.js:298:28)\n    at new Promise (<anonymous>)\n    at callAsyncCircusFn (E:\\Desktop\\unit test\\datn-dev\\datn-dev\\node_modules\\jest-circus\\build\\utils.js:231:10)\n    at _callCircusTest (E:\\Desktop\\unit test\\datn-dev\\datn-dev\\node_modules\\jest-circus\\build\\run.js:316:40)\n    at processTicksAndRejections (node:internal/process/task_queues:104:5)\n    at _runTest (E:\\Desktop\\unit test\\datn-dev\\datn-dev\\node_modules\\jest-circus\\build\\run.js:252:3)\n    at _runTestsForDescribeBlock (E:\\Desktop\\unit test\\datn-dev\\datn-dev\\node_modules\\jest-circus\\build\\run.js:126:9)\n    at _runTestsForDescribeBlock (E:\\Desktop\\unit test\\datn-dev\\datn-dev\\node_modules\\jest-circus\\build\\run.js:121:9)\n    at run (E:\\Desktop\\unit test\\datn-dev\\datn-dev\\node_modules\\jest-circus\\build\\run.js:71:3)\n    at runAndTransformResultsToJestFormat (E:\\Desktop\\unit test\\datn-dev\\datn-dev\\node_modules\\jest-circus\\build\\legacy-code-todo-rewrite\\jestAdapterInit.js:122:21)\n    at jestAdapter (E:\\Desktop\\unit test\\datn-dev\\datn-dev\\node_modules\\jest-circus\\build\\legacy-code-todo-rewrite\\jestAdapter.js:79:19)\n    at runTestInternal (E:\\Desktop\\unit test\\datn-dev\\datn-dev\\node_modules\\jest-runner\\build\\runTest.js:367:16)\n    at runTest (E:\\Desktop\\unit test\\datn-dev\\datn-dev\\node_modules\\jest-runner\\build\\runTest.js:444:34)\n    at Object.worker (E:\\Desktop\\unit test\\datn-dev\\datn-dev\\node_modules\\jest-runner\\build\\testWorker.js:106:12)"],"fullName":"TopicService Unit Tests TC-TOPIC-003: [FAILED] Xóa chủ đề có câu hỏi","invocations":1,"location":null,"numPassingAsserts":0,"retryReasons":[],"status":"failed","title":"TC-TOPIC-003: [FAILED] Xóa chủ đề có câu hỏi"},{"ancestorTitles":["TopicService Unit Tests"],"duration":1,"failureDetails":[],"failureMessages":[],"fullName":"TopicService Unit Tests TC-TOPIC-004: Cập nhật tên chủ đề","invocations":1,"location":null,"numPassingAsserts":1,"retryReasons":[],"status":"passed","title":"TC-TOPIC-004: Cập nhật tên chủ đề"},{"ancestorTitles":["TopicService Unit Tests"],"duration":4,"failureDetails":[],"failureMessages":[],"fullName":"TopicService Unit Tests TC-TOPIC-005: Lấy chủ đề kèm số lượng bài thi","invocations":1,"location":null,"numPassingAsserts":1,"retryReasons":[],"status":"passed","title":"TC-TOPIC-005: Lấy chủ đề kèm số lượng bài thi"},{"ancestorTitles":["TopicService Unit Tests"],"duration":1,"failureDetails":[{"message":"expect(received).rejects.toThrow()\n\nReceived promise resolved instead of rejected\nResolved to value: {\"id\": 2}"}],"failureMessages":["Error: expect(received).rejects.toThrow()\n\nReceived promise resolved instead of rejected\nResolved to value: {\"id\": 2}\n    at expect (E:\\Desktop\\unit test\\datn-dev\\datn-dev\\node_modules\\expect\\build\\index.js:113:15)\n    at Object.<anonymous> (E:\\Desktop\\unit test\\datn-dev\\datn-dev\\src\\tests\\topic.service.test.ts:75:11)\n    at Promise.then.completed (E:\\Desktop\\unit test\\datn-dev\\datn-dev\\node_modules\\jest-circus\\build\\utils.js:298:28)\n    at new Promise (<anonymous>)\n    at callAsyncCircusFn (E:\\Desktop\\unit test\\datn-dev\\datn-dev\\node_modules\\jest-circus\\build\\utils.js:231:10)\n    at _callCircusTest (E:\\Desktop\\unit test\\datn-dev\\datn-dev\\node_modules\\jest-circus\\build\\run.js:316:40)\n    at processTicksAndRejections (node:internal/process/task_queues:104:5)\n    at _runTest (E:\\Desktop\\unit test\\datn-dev\\datn-dev\\node_modules\\jest-circus\\build\\run.js:252:3)\n    at _runTestsForDescribeBlock (E:\\Desktop\\unit test\\datn-dev\\datn-dev\\node_modules\\jest-circus\\build\\run.js:126:9)\n    at _runTestsForDescribeBlock (E:\\Desktop\\unit test\\datn-dev\\datn-dev\\node_modules\\jest-circus\\build\\run.js:121:9)\n    at run (E:\\Desktop\\unit test\\datn-dev\\datn-dev\\node_modules\\jest-circus\\build\\run.js:71:3)\n    at runAndTransformResultsToJestFormat (E:\\Desktop\\unit test\\datn-dev\\datn-dev\\node_modules\\jest-circus\\build\\legacy-code-todo-rewrite\\jestAdapterInit.js:122:21)\n    at jestAdapter (E:\\Desktop\\unit test\\datn-dev\\datn-dev\\node_modules\\jest-circus\\build\\legacy-code-todo-rewrite\\jestAdapter.js:79:19)\n    at runTestInternal (E:\\Desktop\\unit test\\datn-dev\\datn-dev\\node_modules\\jest-runner\\build\\runTest.js:367:16)\n    at runTest (E:\\Desktop\\unit test\\datn-dev\\datn-dev\\node_modules\\jest-runner\\build\\runTest.js:444:34)\n    at Object.worker (E:\\Desktop\\unit test\\datn-dev\\datn-dev\\node_modules\\jest-runner\\build\\testWorker.js:106:12)"],"fullName":"TopicService Unit Tests TC-TOPIC-006: [FAILED] Tạo chủ đề trùng tên cùng môn","invocations":1,"location":null,"numPassingAsserts":0,"retryReasons":[],"status":"failed","title":"TC-TOPIC-006: [FAILED] Tạo chủ đề trùng tên cùng môn"},{"ancestorTitles":["TopicService Unit Tests"],"duration":1,"failureDetails":[],"failureMessages":[],"fullName":"TopicService Unit Tests TC-TOPIC-007: Lấy chi tiết chủ đề","invocations":1,"location":null,"numPassingAsserts":1,"retryReasons":[],"status":"passed","title":"TC-TOPIC-007: Lấy chi tiết chủ đề"},{"ancestorTitles":["TopicService Unit Tests"],"duration":1,"failureDetails":[],"failureMessages":[],"fullName":"TopicService Unit Tests TC-TOPIC-008: Ẩn chủ đề thành công","invocations":1,"location":null,"numPassingAsserts":1,"retryReasons":[],"status":"passed","title":"TC-TOPIC-008: Ẩn chủ đề thành công"},{"ancestorTitles":["TopicService Unit Tests"],"duration":0,"failureDetails":[],"failureMessages":[],"fullName":"TopicService Unit Tests TC-TOPIC-009: Lấy tất cả chủ đề phân trang","invocations":1,"location":null,"numPassingAsserts":1,"retryReasons":[],"status":"passed","title":"TC-TOPIC-009: Lấy tất cả chủ đề phân trang"},{"ancestorTitles":["TopicService Unit Tests"],"duration":0,"failureDetails":[],"failureMessages":[],"fullName":"TopicService Unit Tests TC-TOPIC-010: Tìm kiếm chủ đề theo tên","invocations":1,"location":null,"numPassingAsserts":1,"retryReasons":[],"status":"passed","title":"TC-TOPIC-010: Tìm kiếm chủ đề theo tên"},{"ancestorTitles":["TopicService Unit Tests"],"duration":2,"failureDetails":[],"failureMessages":[],"fullName":"TopicService Unit Tests TC-TOPIC-011: Tạo chủ đề cho môn không tồn tại","invocations":1,"location":null,"numPassingAsserts":1,"retryReasons":[],"status":"passed","title":"TC-TOPIC-011: Tạo chủ đề cho môn không tồn tại"},{"ancestorTitles":["TopicService Unit Tests"],"duration":1,"failureDetails":[],"failureMessages":[],"fullName":"TopicService Unit Tests TC-TOPIC-012: Cập nhật môn học cho chủ đề","invocations":1,"location":null,"numPassingAsserts":1,"retryReasons":[],"status":"passed","title":"TC-TOPIC-012: Cập nhật môn học cho chủ đề"},{"ancestorTitles":["TopicService Unit Tests"],"duration":0,"failureDetails":[],"failureMessages":[],"fullName":"TopicService Unit Tests TC-TOPIC-013: Lấy chủ đề theo mức độ ưu tiên","invocations":1,"location":null,"numPassingAsserts":1,"retryReasons":[],"status":"passed","title":"TC-TOPIC-013: Lấy chủ đề theo mức độ ưu tiên"},{"ancestorTitles":["TopicService Unit Tests"],"duration":1,"failureDetails":[],"failureMessages":[],"fullName":"TopicService Unit Tests TC-TOPIC-014: Xóa chủ đề rỗng","invocations":1,"location":null,"numPassingAsserts":1,"retryReasons":[],"status":"passed","title":"TC-TOPIC-014: Xóa chủ đề rỗng"},{"ancestorTitles":["TopicService Unit Tests"],"duration":0,"failureDetails":[],"failureMessages":[],"fullName":"TopicService Unit Tests TC-TOPIC-015: Lấy chủ đề theo loại bài học","invocations":1,"location":null,"numPassingAsserts":1,"retryReasons":[],"status":"passed","title":"TC-TOPIC-015: Lấy chủ đề theo loại bài học"}],"endTime":1778376992388,"message":"  ● TopicService Unit Tests › TC-TOPIC-003: [FAILED] Xóa chủ đề có câu hỏi\n\n    expect(received).rejects.toThrow()\n\n    Received promise resolved instead of rejected\n    Resolved to value: true\n\n    \u001b[0m \u001b[90m 46 |\u001b[39m   test(\u001b[32m'TC-TOPIC-003: [FAILED] Xóa chủ đề có câu hỏi'\u001b[39m\u001b[33m,\u001b[39m \u001b[36masync\u001b[39m () \u001b[33m=>\u001b[39m {\n     \u001b[90m 47 |\u001b[39m     jest\u001b[33m.\u001b[39mspyOn(\u001b[33mTopicService\u001b[39m \u001b[36mas\u001b[39m any\u001b[33m,\u001b[39m \u001b[32m'remove'\u001b[39m)\u001b[33m.\u001b[39mmockResolvedValue(\u001b[36mtrue\u001b[39m)\u001b[33m;\u001b[39m \u001b[90m// Bug: Cho xóa gây lỗi FK\u001b[39m\n    \u001b[31m\u001b[1m>\u001b[22m\u001b[39m\u001b[90m 48 |\u001b[39m     \u001b[36mawait\u001b[39m expect((\u001b[33mTopicService\u001b[39m \u001b[36mas\u001b[39m any)\u001b[33m.\u001b[39mremove(\u001b[35m1\u001b[39m))\u001b[33m.\u001b[39mrejects\u001b[33m.\u001b[39mtoThrow()\u001b[33m;\u001b[39m\n     \u001b[90m    |\u001b[39m           \u001b[31m\u001b[1m^\u001b[22m\u001b[39m\n     \u001b[90m 49 |\u001b[39m   })\u001b[33m;\u001b[39m\n     \u001b[90m 50 |\u001b[39m\n     \u001b[90m 51 |\u001b[39m   \u001b[90m/**\u001b[39m\u001b[0m\n\n      at expect (node_modules/expect/build/index.js:113:15)\n      at Object.<anonymous> (src/tests/topic.service.test.ts:48:11)\n\n  ● TopicService Unit Tests › TC-TOPIC-006: [FAILED] Tạo chủ đề trùng tên cùng môn\n\n    expect(received).rejects.toThrow()\n\n    Received promise resolved instead of rejected\n    Resolved to value: {\"id\": 2}\n\n    \u001b[0m \u001b[90m 73 |\u001b[39m   test(\u001b[32m'TC-TOPIC-006: [FAILED] Tạo chủ đề trùng tên cùng môn'\u001b[39m\u001b[33m,\u001b[39m \u001b[36masync\u001b[39m () \u001b[33m=>\u001b[39m {\n     \u001b[90m 74 |\u001b[39m     jest\u001b[33m.\u001b[39mspyOn(\u001b[33mTopicService\u001b[39m \u001b[36mas\u001b[39m any\u001b[33m,\u001b[39m \u001b[32m'create'\u001b[39m)\u001b[33m.\u001b[39mmockResolvedValue({ id\u001b[33m:\u001b[39m \u001b[35m2\u001b[39m })\u001b[33m;\u001b[39m \u001b[90m// Bug: Cho tạo trùng\u001b[39m\n    \u001b[31m\u001b[1m>\u001b[22m\u001b[39m\u001b[90m 75 |\u001b[39m     \u001b[36mawait\u001b[39m expect((\u001b[33mTopicService\u001b[39m \u001b[36mas\u001b[39m any)\u001b[33m.\u001b[39mcreate({ name\u001b[33m:\u001b[39m \u001b[32m'Algebra'\u001b[39m\u001b[33m,\u001b[39m subject_id\u001b[33m:\u001b[39m \u001b[35m1\u001b[39m }))\u001b[33m.\u001b[39mrejects\u001b[33m.\u001b[39mtoThrow()\u001b[33m;\u001b[39m\n     \u001b[90m    |\u001b[39m           \u001b[31m\u001b[1m^\u001b[22m\u001b[39m\n     \u001b[90m 76 |\u001b[39m   })\u001b[33m;\u001b[39m\n     \u001b[90m 77 |\u001b[39m\n     \u001b[90m 78 |\u001b[39m   \u001b[90m/**\u001b[39m\u001b[0m\n\n      at expect (node_modules/expect/build/index.js:113:15)\n      at Object.<anonymous> (src/tests/topic.service.test.ts:75:11)\n","name":"E:\\Desktop\\unit test\\datn-dev\\datn-dev\\src\\tests\\topic.service.test.ts","startTime":1778376984488,"status":"failed","summary":""},{"assertionResults":[{"ancestorTitles":["QuestionService Unit Tests"],"duration":15,"failureDetails":[],"failureMessages":[],"fullName":"QuestionService Unit Tests TC-QUES-001: Tạo câu hỏi trong giao dịch","invocations":1,"location":null,"numPassingAsserts":1,"retryReasons":[],"status":"passed","title":"TC-QUES-001: Tạo câu hỏi trong giao dịch"},{"ancestorTitles":["QuestionService Unit Tests"],"duration":82,"failureDetails":[],"failureMessages":[],"fullName":"QuestionService Unit Tests TC-QUES-002: Rollback khi xảy ra lỗi","invocations":1,"location":null,"numPassingAsserts":1,"retryReasons":[],"status":"passed","title":"TC-QUES-002: Rollback khi xảy ra lỗi"},{"ancestorTitles":["QuestionService Unit Tests"],"duration":3,"failureDetails":[{"message":"expect(received).rejects.toThrow()\n\nReceived promise resolved instead of rejected\nResolved to value: {\"id\": 1}"}],"failureMessages":["Error: expect(received).rejects.toThrow()\n\nReceived promise resolved instead of rejected\nResolved to value: {\"id\": 1}\n    at expect (E:\\Desktop\\unit test\\datn-dev\\datn-dev\\node_modules\\expect\\build\\index.js:113:15)\n    at Object.<anonymous> (E:\\Desktop\\unit test\\datn-dev\\datn-dev\\src\\tests\\question.service.test.ts:47:11)\n    at Promise.then.completed (E:\\Desktop\\unit test\\datn-dev\\datn-dev\\node_modules\\jest-circus\\build\\utils.js:298:28)\n    at new Promise (<anonymous>)\n    at callAsyncCircusFn (E:\\Desktop\\unit test\\datn-dev\\datn-dev\\node_modules\\jest-circus\\build\\utils.js:231:10)\n    at _callCircusTest (E:\\Desktop\\unit test\\datn-dev\\datn-dev\\node_modules\\jest-circus\\build\\run.js:316:40)\n    at processTicksAndRejections (node:internal/process/task_queues:104:5)\n    at _runTest (E:\\Desktop\\unit test\\datn-dev\\datn-dev\\node_modules\\jest-circus\\build\\run.js:252:3)\n    at _runTestsForDescribeBlock (E:\\Desktop\\unit test\\datn-dev\\datn-dev\\node_modules\\jest-circus\\build\\run.js:126:9)\n    at _runTestsForDescribeBlock (E:\\Desktop\\unit test\\datn-dev\\datn-dev\\node_modules\\jest-circus\\build\\run.js:121:9)\n    at run (E:\\Desktop\\unit test\\datn-dev\\datn-dev\\node_modules\\jest-circus\\build\\run.js:71:3)\n    at runAndTransformResultsToJestFormat (E:\\Desktop\\unit test\\datn-dev\\datn-dev\\node_modules\\jest-circus\\build\\legacy-code-todo-rewrite\\jestAdapterInit.js:122:21)\n    at jestAdapter (E:\\Desktop\\unit test\\datn-dev\\datn-dev\\node_modules\\jest-circus\\build\\legacy-code-todo-rewrite\\jestAdapter.js:79:19)\n    at runTestInternal (E:\\Desktop\\unit test\\datn-dev\\datn-dev\\node_modules\\jest-runner\\build\\runTest.js:367:16)\n    at runTest (E:\\Desktop\\unit test\\datn-dev\\datn-dev\\node_modules\\jest-runner\\build\\runTest.js:444:34)\n    at Object.worker (E:\\Desktop\\unit test\\datn-dev\\datn-dev\\node_modules\\jest-runner\\build\\testWorker.js:106:12)"],"fullName":"QuestionService Unit Tests TC-QUES-003: [FAILED] Tạo câu hỏi không có đáp án đúng","invocations":1,"location":null,"numPassingAsserts":0,"retryReasons":[],"status":"failed","title":"TC-QUES-003: [FAILED] Tạo câu hỏi không có đáp án đúng"},{"ancestorTitles":["QuestionService Unit Tests"],"duration":0,"failureDetails":[],"failureMessages":[],"fullName":"QuestionService Unit Tests TC-QUES-004: [FAILED] Xóa bớt đáp án khi update","invocations":1,"location":null,"numPassingAsserts":1,"retryReasons":[],"status":"passed","title":"TC-QUES-004: [FAILED] Xóa bớt đáp án khi update"},{"ancestorTitles":["QuestionService Unit Tests"],"duration":0,"failureDetails":[],"failureMessages":[],"fullName":"QuestionService Unit Tests TC-QUES-005: Tạo câu hỏi với nội dung cực dài","invocations":1,"location":null,"numPassingAsserts":1,"retryReasons":[],"status":"passed","title":"TC-QUES-005: Tạo câu hỏi với nội dung cực dài"},{"ancestorTitles":["QuestionService Unit Tests"],"duration":0,"failureDetails":[],"failureMessages":[],"fullName":"QuestionService Unit Tests TC-QUES-006: Tìm kiếm câu hỏi không có kết quả","invocations":1,"location":null,"numPassingAsserts":1,"retryReasons":[],"status":"passed","title":"TC-QUES-006: Tìm kiếm câu hỏi không có kết quả"},{"ancestorTitles":["QuestionService Unit Tests"],"duration":0,"failureDetails":[],"failureMessages":[],"fullName":"QuestionService Unit Tests TC-QUES-007: Cập nhật loại câu hỏi (MCQ sang Tự luận)","invocations":1,"location":null,"numPassingAsserts":1,"retryReasons":[],"status":"passed","title":"TC-QUES-007: Cập nhật loại câu hỏi (MCQ sang Tự luận)"},{"ancestorTitles":["QuestionService Unit Tests"],"duration":32,"failureDetails":[],"failureMessages":[],"fullName":"QuestionService Unit Tests TC-QUES-008: Lấy câu hỏi theo mảng ID","invocations":1,"location":null,"numPassingAsserts":1,"retryReasons":[],"status":"passed","title":"TC-QUES-008: Lấy câu hỏi theo mảng ID"},{"ancestorTitles":["QuestionService Unit Tests"],"duration":1,"failureDetails":[{"message":"expect(received).rejects.toThrow()\n\nReceived promise resolved instead of rejected\nResolved to value: true"}],"failureMessages":["Error: expect(received).rejects.toThrow()\n\nReceived promise resolved instead of rejected\nResolved to value: true\n    at expect (E:\\Desktop\\unit test\\datn-dev\\datn-dev\\node_modules\\expect\\build\\index.js:113:15)\n    at Object.<anonymous> (E:\\Desktop\\unit test\\datn-dev\\datn-dev\\src\\tests\\question.service.test.ts:102:11)\n    at Promise.then.completed (E:\\Desktop\\unit test\\datn-dev\\datn-dev\\node_modules\\jest-circus\\build\\utils.js:298:28)\n    at new Promise (<anonymous>)\n    at callAsyncCircusFn (E:\\Desktop\\unit test\\datn-dev\\datn-dev\\node_modules\\jest-circus\\build\\utils.js:231:10)\n    at _callCircusTest (E:\\Desktop\\unit test\\datn-dev\\datn-dev\\node_modules\\jest-circus\\build\\run.js:316:40)\n    at processTicksAndRejections (node:internal/process/task_queues:104:5)\n    at _runTest (E:\\Desktop\\unit test\\datn-dev\\datn-dev\\node_modules\\jest-circus\\build\\run.js:252:3)\n    at _runTestsForDescribeBlock (E:\\Desktop\\unit test\\datn-dev\\datn-dev\\node_modules\\jest-circus\\build\\run.js:126:9)\n    at _runTestsForDescribeBlock (E:\\Desktop\\unit test\\datn-dev\\datn-dev\\node_modules\\jest-circus\\build\\run.js:121:9)\n    at run (E:\\Desktop\\unit test\\datn-dev\\datn-dev\\node_modules\\jest-circus\\build\\run.js:71:3)\n    at runAndTransformResultsToJestFormat (E:\\Desktop\\unit test\\datn-dev\\datn-dev\\node_modules\\jest-circus\\build\\legacy-code-todo-rewrite\\jestAdapterInit.js:122:21)\n    at jestAdapter (E:\\Desktop\\unit test\\datn-dev\\datn-dev\\node_modules\\jest-circus\\build\\legacy-code-todo-rewrite\\jestAdapter.js:79:19)\n    at runTestInternal (E:\\Desktop\\unit test\\datn-dev\\datn-dev\\node_modules\\jest-runner\\build\\runTest.js:367:16)\n    at runTest (E:\\Desktop\\unit test\\datn-dev\\datn-dev\\node_modules\\jest-runner\\build\\runTest.js:444:34)\n    at Object.worker (E:\\Desktop\\unit test\\datn-dev\\datn-dev\\node_modules\\jest-runner\\build\\testWorker.js:106:12)"],"fullName":"QuestionService Unit Tests TC-QUES-009: [FAILED] Xóa câu hỏi đang nằm trong đề thi","invocations":1,"location":null,"numPassingAsserts":0,"retryReasons":[],"status":"failed","title":"TC-QUES-009: [FAILED] Xóa câu hỏi đang nằm trong đề thi"},{"ancestorTitles":["QuestionService Unit Tests"],"duration":2,"failureDetails":[],"failureMessages":[],"fullName":"QuestionService Unit Tests TC-QUES-010: Đính kèm ảnh vào câu hỏi thành công","invocations":1,"location":null,"numPassingAsserts":1,"retryReasons":[],"status":"passed","title":"TC-QUES-010: Đính kèm ảnh vào câu hỏi thành công"},{"ancestorTitles":["QuestionService Unit Tests"],"duration":1,"failureDetails":[{"message":"expect(received).rejects.toThrow()\n\nReceived promise resolved instead of rejected\nResolved to value: {\"id\": 2}"}],"failureMessages":["Error: expect(received).rejects.toThrow()\n\nReceived promise resolved instead of rejected\nResolved to value: {\"id\": 2}\n    at expect (E:\\Desktop\\unit test\\datn-dev\\datn-dev\\node_modules\\expect\\build\\index.js:113:15)\n    at Object.<anonymous> (E:\\Desktop\\unit test\\datn-dev\\datn-dev\\src\\tests\\question.service.test.ts:120:11)\n    at Promise.then.completed (E:\\Desktop\\unit test\\datn-dev\\datn-dev\\node_modules\\jest-circus\\build\\utils.js:298:28)\n    at new Promise (<anonymous>)\n    at callAsyncCircusFn (E:\\Desktop\\unit test\\datn-dev\\datn-dev\\node_modules\\jest-circus\\build\\utils.js:231:10)\n    at _callCircusTest (E:\\Desktop\\unit test\\datn-dev\\datn-dev\\node_modules\\jest-circus\\build\\run.js:316:40)\n    at processTicksAndRejections (node:internal/process/task_queues:104:5)\n    at _runTest (E:\\Desktop\\unit test\\datn-dev\\datn-dev\\node_modules\\jest-circus\\build\\run.js:252:3)\n    at _runTestsForDescribeBlock (E:\\Desktop\\unit test\\datn-dev\\datn-dev\\node_modules\\jest-circus\\build\\run.js:126:9)\n    at _runTestsForDescribeBlock (E:\\Desktop\\unit test\\datn-dev\\datn-dev\\node_modules\\jest-circus\\build\\run.js:121:9)\n    at run (E:\\Desktop\\unit test\\datn-dev\\datn-dev\\node_modules\\jest-circus\\build\\run.js:71:3)\n    at runAndTransformResultsToJestFormat (E:\\Desktop\\unit test\\datn-dev\\datn-dev\\node_modules\\jest-circus\\build\\legacy-code-todo-rewrite\\jestAdapterInit.js:122:21)\n    at jestAdapter (E:\\Desktop\\unit test\\datn-dev\\datn-dev\\node_modules\\jest-circus\\build\\legacy-code-todo-rewrite\\jestAdapter.js:79:19)\n    at runTestInternal (E:\\Desktop\\unit test\\datn-dev\\datn-dev\\node_modules\\jest-runner\\build\\runTest.js:367:16)\n    at runTest (E:\\Desktop\\unit test\\datn-dev\\datn-dev\\node_modules\\jest-runner\\build\\runTest.js:444:34)\n    at Object.worker (E:\\Desktop\\unit test\\datn-dev\\datn-dev\\node_modules\\jest-runner\\build\\testWorker.js:106:12)"],"fullName":"QuestionService Unit Tests TC-QUES-011: [FAILED] Tạo câu hỏi trùng nội dung trong topic","invocations":1,"location":null,"numPassingAsserts":0,"retryReasons":[],"status":"failed","title":"TC-QUES-011: [FAILED] Tạo câu hỏi trùng nội dung trong topic"},{"ancestorTitles":["QuestionService Unit Tests"],"duration":13,"failureDetails":[],"failureMessages":[],"fullName":"QuestionService Unit Tests TC-QUES-012: Lấy danh sách câu hỏi phân trang","invocations":1,"location":null,"numPassingAsserts":1,"retryReasons":[],"status":"passed","title":"TC-QUES-012: Lấy danh sách câu hỏi phân trang"},{"ancestorTitles":["QuestionService Unit Tests"],"duration":2,"failureDetails":[],"failureMessages":[],"fullName":"QuestionService Unit Tests TC-QUES-013: Cập nhật ảnh cho câu hỏi","invocations":1,"location":null,"numPassingAsserts":1,"retryReasons":[],"status":"passed","title":"TC-QUES-013: Cập nhật ảnh cho câu hỏi"},{"ancestorTitles":["QuestionService Unit Tests"],"duration":1,"failureDetails":[],"failureMessages":[],"fullName":"QuestionService Unit Tests TC-QUES-014: Tạo câu hỏi thiếu nội dung","invocations":1,"location":null,"numPassingAsserts":1,"retryReasons":[],"status":"passed","title":"TC-QUES-014: Tạo câu hỏi thiếu nội dung"},{"ancestorTitles":["QuestionService Unit Tests"],"duration":0,"failureDetails":[],"failureMessages":[],"fullName":"QuestionService Unit Tests TC-QUES-015: Lấy câu hỏi kèm đáp án đã trộn","invocations":1,"location":null,"numPassingAsserts":1,"retryReasons":[],"status":"passed","title":"TC-QUES-015: Lấy câu hỏi kèm đáp án đã trộn"},{"ancestorTitles":["QuestionService Unit Tests"],"duration":1,"failureDetails":[],"failureMessages":[],"fullName":"QuestionService Unit Tests TC-QUES-016: Xóa câu hỏi không tồn tại","invocations":1,"location":null,"numPassingAsserts":1,"retryReasons":[],"status":"passed","title":"TC-QUES-016: Xóa câu hỏi không tồn tại"},{"ancestorTitles":["QuestionService Unit Tests"],"duration":1,"failureDetails":[],"failureMessages":[],"fullName":"QuestionService Unit Tests TC-QUES-017: Lấy câu hỏi theo mức độ khó","invocations":1,"location":null,"numPassingAsserts":1,"retryReasons":[],"status":"passed","title":"TC-QUES-017: Lấy câu hỏi theo mức độ khó"},{"ancestorTitles":["QuestionService Unit Tests"],"duration":0,"failureDetails":[],"failureMessages":[],"fullName":"QuestionService Unit Tests TC-QUES-018: Cập nhật topic cho câu hỏi","invocations":1,"location":null,"numPassingAsserts":1,"retryReasons":[],"status":"passed","title":"TC-QUES-018: Cập nhật topic cho câu hỏi"},{"ancestorTitles":["QuestionService Unit Tests"],"duration":0,"failureDetails":[],"failureMessages":[],"fullName":"QuestionService Unit Tests TC-QUES-019: Tạo câu hỏi với 10 đáp án","invocations":1,"location":null,"numPassingAsserts":1,"retryReasons":[],"status":"passed","title":"TC-QUES-019: Tạo câu hỏi với 10 đáp án"},{"ancestorTitles":["QuestionService Unit Tests"],"duration":0,"failureDetails":[],"failureMessages":[],"fullName":"QuestionService Unit Tests TC-QUES-020: Tìm kiếm câu hỏi có dấu tiếng Việt","invocations":1,"location":null,"numPassingAsserts":1,"retryReasons":[],"status":"passed","title":"TC-QUES-020: Tìm kiếm câu hỏi có dấu tiếng Việt"}],"endTime":1778376992460,"message":"  ● QuestionService Unit Tests › TC-QUES-003: [FAILED] Tạo câu hỏi không có đáp án đúng\n\n    expect(received).rejects.toThrow()\n\n    Received promise resolved instead of rejected\n    Resolved to value: {\"id\": 1}\n\n    \u001b[0m \u001b[90m 45 |\u001b[39m   test(\u001b[32m'TC-QUES-003: [FAILED] Tạo câu hỏi không có đáp án đúng'\u001b[39m\u001b[33m,\u001b[39m \u001b[36masync\u001b[39m () \u001b[33m=>\u001b[39m {\n     \u001b[90m 46 |\u001b[39m     jest\u001b[33m.\u001b[39mspyOn(\u001b[33mQuestionService\u001b[39m \u001b[36mas\u001b[39m any\u001b[33m,\u001b[39m \u001b[32m'create'\u001b[39m)\u001b[33m.\u001b[39mmockResolvedValue({ id\u001b[33m:\u001b[39m \u001b[35m1\u001b[39m })\u001b[33m;\u001b[39m \u001b[90m// Bug: Cho phép tạo\u001b[39m\n    \u001b[31m\u001b[1m>\u001b[22m\u001b[39m\u001b[90m 47 |\u001b[39m     \u001b[36mawait\u001b[39m expect((\u001b[33mQuestionService\u001b[39m \u001b[36mas\u001b[39m any)\u001b[33m.\u001b[39mcreate({ answers\u001b[33m:\u001b[39m [{ is_correct\u001b[33m:\u001b[39m \u001b[36mfalse\u001b[39m }] } \u001b[36mas\u001b[39m any))\u001b[33m.\u001b[39mrejects\u001b[33m.\u001b[39mtoThrow(\u001b[32m'NO_CORRECT_ANSWER'\u001b[39m)\u001b[33m;\u001b[39m\n     \u001b[90m    |\u001b[39m           \u001b[31m\u001b[1m^\u001b[22m\u001b[39m\n     \u001b[90m 48 |\u001b[39m   })\u001b[33m;\u001b[39m\n     \u001b[90m 49 |\u001b[39m\n     \u001b[90m 50 |\u001b[39m   \u001b[90m/**\u001b[39m\u001b[0m\n\n      at expect (node_modules/expect/build/index.js:113:15)\n      at Object.<anonymous> (src/tests/question.service.test.ts:47:11)\n\n  ● QuestionService Unit Tests › TC-QUES-009: [FAILED] Xóa câu hỏi đang nằm trong đề thi\n\n    expect(received).rejects.toThrow()\n\n    Received promise resolved instead of rejected\n    Resolved to value: true\n\n    \u001b[0m \u001b[90m 100 |\u001b[39m   test(\u001b[32m'TC-QUES-009: [FAILED] Xóa câu hỏi đang nằm trong đề thi'\u001b[39m\u001b[33m,\u001b[39m \u001b[36masync\u001b[39m () \u001b[33m=>\u001b[39m {\n     \u001b[90m 101 |\u001b[39m     jest\u001b[33m.\u001b[39mspyOn(\u001b[33mQuestionService\u001b[39m \u001b[36mas\u001b[39m any\u001b[33m,\u001b[39m \u001b[32m'remove'\u001b[39m)\u001b[33m.\u001b[39mmockResolvedValue(\u001b[36mtrue\u001b[39m)\u001b[33m;\u001b[39m \u001b[90m// Bug: Cho phép xóa gây lỗi FK\u001b[39m\n    \u001b[31m\u001b[1m>\u001b[22m\u001b[39m\u001b[90m 102 |\u001b[39m     \u001b[36mawait\u001b[39m expect((\u001b[33mQuestionService\u001b[39m \u001b[36mas\u001b[39m any)\u001b[33m.\u001b[39mremove(\u001b[35m1\u001b[39m))\u001b[33m.\u001b[39mrejects\u001b[33m.\u001b[39mtoThrow()\u001b[33m;\u001b[39m\n     \u001b[90m     |\u001b[39m           \u001b[31m\u001b[1m^\u001b[22m\u001b[39m\n     \u001b[90m 103 |\u001b[39m   })\u001b[33m;\u001b[39m\n     \u001b[90m 104 |\u001b[39m\n     \u001b[90m 105 |\u001b[39m   \u001b[90m/**\u001b[39m\u001b[0m\n\n      at expect (node_modules/expect/build/index.js:113:15)\n      at Object.<anonymous> (src/tests/question.service.test.ts:102:11)\n\n  ● QuestionService Unit Tests › TC-QUES-011: [FAILED] Tạo câu hỏi trùng nội dung trong topic\n\n    expect(received).rejects.toThrow()\n\n    Received promise resolved instead of rejected\n    Resolved to value: {\"id\": 2}\n\n    \u001b[0m \u001b[90m 118 |\u001b[39m   test(\u001b[32m'TC-QUES-011: [FAILED] Tạo câu hỏi trùng nội dung trong topic'\u001b[39m\u001b[33m,\u001b[39m \u001b[36masync\u001b[39m () \u001b[33m=>\u001b[39m {\n     \u001b[90m 119 |\u001b[39m     jest\u001b[33m.\u001b[39mspyOn(\u001b[33mQuestionService\u001b[39m \u001b[36mas\u001b[39m any\u001b[33m,\u001b[39m \u001b[32m'create'\u001b[39m)\u001b[33m.\u001b[39mmockResolvedValue({ id\u001b[33m:\u001b[39m \u001b[35m2\u001b[39m })\u001b[33m;\u001b[39m \u001b[90m// Bug: Cho tạo trùng\u001b[39m\n    \u001b[31m\u001b[1m>\u001b[22m\u001b[39m\u001b[90m 120 |\u001b[39m     \u001b[36mawait\u001b[39m expect((\u001b[33mQuestionService\u001b[39m \u001b[36mas\u001b[39m any)\u001b[33m.\u001b[39mcreate({ content\u001b[33m:\u001b[39m \u001b[32m'Q1'\u001b[39m }))\u001b[33m.\u001b[39mrejects\u001b[33m.\u001b[39mtoThrow()\u001b[33m;\u001b[39m\n     \u001b[90m     |\u001b[39m           \u001b[31m\u001b[1m^\u001b[22m\u001b[39m\n     \u001b[90m 121 |\u001b[39m   })\u001b[33m;\u001b[39m\n     \u001b[90m 122 |\u001b[39m\n     \u001b[90m 123 |\u001b[39m   \u001b[90m/**\u001b[39m\u001b[0m\n\n      at expect (node_modules/expect/build/index.js:113:15)\n      at Object.<anonymous> (src/tests/question.service.test.ts:120:11)\n","name":"E:\\Desktop\\unit test\\datn-dev\\datn-dev\\src\\tests\\question.service.test.ts","startTime":1778376984483,"status":"failed","summary":""},{"assertionResults":[{"ancestorTitles":["UserGoalService Unit Tests"],"duration":3,"failureDetails":[],"failureMessages":[],"fullName":"UserGoalService Unit Tests TC-GOAL-001: Lấy mục tiêu người dùng","invocations":1,"location":null,"numPassingAsserts":2,"retryReasons":[],"status":"passed","title":"TC-GOAL-001: Lấy mục tiêu người dùng"},{"ancestorTitles":["UserGoalService Unit Tests"],"duration":1,"failureDetails":[],"failureMessages":[],"fullName":"UserGoalService Unit Tests TC-GOAL-002: Tạo mục tiêu học tập","invocations":1,"location":null,"numPassingAsserts":1,"retryReasons":[],"status":"passed","title":"TC-GOAL-002: Tạo mục tiêu học tập"},{"ancestorTitles":["UserGoalService Unit Tests"],"duration":13,"failureDetails":[{"matcherResult":{"message":"expect(received).rejects.toThrow(expected)\n\nExpected substring: \"INVALID_DEADLINE\"\nReceived message:   \"Cannot read properties of undefined (reading 'rows')\"\n\n    \u001b[0m \u001b[90m 41 |\u001b[39m         )\u001b[33m;\u001b[39m\n     \u001b[90m 42 |\u001b[39m\n    \u001b[31m\u001b[1m>\u001b[22m\u001b[39m\u001b[90m 43 |\u001b[39m         \u001b[36mreturn\u001b[39m result\u001b[33m.\u001b[39mrows[\u001b[35m0\u001b[39m]\u001b[33m;\u001b[39m\n     \u001b[90m    |\u001b[39m                       \u001b[31m\u001b[1m^\u001b[22m\u001b[39m\n     \u001b[90m 44 |\u001b[39m     }\u001b[33m,\u001b[39m\n     \u001b[90m 45 |\u001b[39m\n     \u001b[90m 46 |\u001b[39m     \u001b[36masync\u001b[39m \u001b[36mdelete\u001b[39m(id\u001b[33m:\u001b[39m number\u001b[33m,\u001b[39m userId\u001b[33m:\u001b[39m number)\u001b[33m:\u001b[39m \u001b[33mPromise\u001b[39m\u001b[33m<\u001b[39m\u001b[33mboolean\u001b[39m\u001b[33m>\u001b[39m {\u001b[0m\n\n      at Object.create (src/services/user.goal.service.ts:43:23)\n      at Object.<anonymous> (src/tests/user.goal.service.test.ts:50:5)","pass":false},"message":"expect(received).rejects.toThrow(expected)\n\nExpected substring: \"INVALID_DEADLINE\"\nReceived message:   \"Cannot read properties of undefined (reading 'rows')\"\n\n    \u001b[0m \u001b[90m 41 |\u001b[39m         )\u001b[33m;\u001b[39m\n     \u001b[90m 42 |\u001b[39m\n    \u001b[31m\u001b[1m>\u001b[22m\u001b[39m\u001b[90m 43 |\u001b[39m         \u001b[36mreturn\u001b[39m result\u001b[33m.\u001b[39mrows[\u001b[35m0\u001b[39m]\u001b[33m;\u001b[39m\n     \u001b[90m    |\u001b[39m                       \u001b[31m\u001b[1m^\u001b[22m\u001b[39m\n     \u001b[90m 44 |\u001b[39m     }\u001b[33m,\u001b[39m\n     \u001b[90m 45 |\u001b[39m\n     \u001b[90m 46 |\u001b[39m     \u001b[36masync\u001b[39m \u001b[36mdelete\u001b[39m(id\u001b[33m:\u001b[39m number\u001b[33m,\u001b[39m userId\u001b[33m:\u001b[39m number)\u001b[33m:\u001b[39m \u001b[33mPromise\u001b[39m\u001b[33m<\u001b[39m\u001b[33mboolean\u001b[39m\u001b[33m>\u001b[39m {\u001b[0m\n\n      at Object.create (src/services/user.goal.service.ts:43:23)\n      at Object.<anonymous> (src/tests/user.goal.service.test.ts:50:5)"}],"failureMessages":["Error: expect(received).rejects.toThrow(expected)\n\nExpected substring: \"INVALID_DEADLINE\"\nReceived message:   \"Cannot read properties of undefined (reading 'rows')\"\n\n    \u001b[0m \u001b[90m 41 |\u001b[39m         )\u001b[33m;\u001b[39m\n     \u001b[90m 42 |\u001b[39m\n    \u001b[31m\u001b[1m>\u001b[22m\u001b[39m\u001b[90m 43 |\u001b[39m         \u001b[36mreturn\u001b[39m result\u001b[33m.\u001b[39mrows[\u001b[35m0\u001b[39m]\u001b[33m;\u001b[39m\n     \u001b[90m    |\u001b[39m                       \u001b[31m\u001b[1m^\u001b[22m\u001b[39m\n     \u001b[90m 44 |\u001b[39m     }\u001b[33m,\u001b[39m\n     \u001b[90m 45 |\u001b[39m\n     \u001b[90m 46 |\u001b[39m     \u001b[36masync\u001b[39m \u001b[36mdelete\u001b[39m(id\u001b[33m:\u001b[39m number\u001b[33m,\u001b[39m userId\u001b[33m:\u001b[39m number)\u001b[33m:\u001b[39m \u001b[33mPromise\u001b[39m\u001b[33m<\u001b[39m\u001b[33mboolean\u001b[39m\u001b[33m>\u001b[39m {\u001b[0m\n\n      at Object.create (src/services/user.goal.service.ts:43:23)\n      at Object.<anonymous> (src/tests/user.goal.service.test.ts:50:5)\n    at Object.toThrow (E:\\Desktop\\unit test\\datn-dev\\datn-dev\\node_modules\\expect\\build\\index.js:218:22)\n    at Object.<anonymous> (E:\\Desktop\\unit test\\datn-dev\\datn-dev\\src\\tests\\user.goal.service.test.ts:50:34)\n    at Promise.then.completed (E:\\Desktop\\unit test\\datn-dev\\datn-dev\\node_modules\\jest-circus\\build\\utils.js:298:28)\n    at new Promise (<anonymous>)\n    at callAsyncCircusFn (E:\\Desktop\\unit test\\datn-dev\\datn-dev\\node_modules\\jest-circus\\build\\utils.js:231:10)\n    at _callCircusTest (E:\\Desktop\\unit test\\datn-dev\\datn-dev\\node_modules\\jest-circus\\build\\run.js:316:40)\n    at processTicksAndRejections (node:internal/process/task_queues:104:5)\n    at _runTest (E:\\Desktop\\unit test\\datn-dev\\datn-dev\\node_modules\\jest-circus\\build\\run.js:252:3)\n    at _runTestsForDescribeBlock (E:\\Desktop\\unit test\\datn-dev\\datn-dev\\node_modules\\jest-circus\\build\\run.js:126:9)\n    at _runTestsForDescribeBlock (E:\\Desktop\\unit test\\datn-dev\\datn-dev\\node_modules\\jest-circus\\build\\run.js:121:9)\n    at run (E:\\Desktop\\unit test\\datn-dev\\datn-dev\\node_modules\\jest-circus\\build\\run.js:71:3)\n    at runAndTransformResultsToJestFormat (E:\\Desktop\\unit test\\datn-dev\\datn-dev\\node_modules\\jest-circus\\build\\legacy-code-todo-rewrite\\jestAdapterInit.js:122:21)\n    at jestAdapter (E:\\Desktop\\unit test\\datn-dev\\datn-dev\\node_modules\\jest-circus\\build\\legacy-code-todo-rewrite\\jestAdapter.js:79:19)\n    at runTestInternal (E:\\Desktop\\unit test\\datn-dev\\datn-dev\\node_modules\\jest-runner\\build\\runTest.js:367:16)\n    at runTest (E:\\Desktop\\unit test\\datn-dev\\datn-dev\\node_modules\\jest-runner\\build\\runTest.js:444:34)\n    at Object.worker (E:\\Desktop\\unit test\\datn-dev\\datn-dev\\node_modules\\jest-runner\\build\\testWorker.js:106:12)"],"fullName":"UserGoalService Unit Tests TC-GOAL-003: Tạo mục tiêu đã quá hạn","invocations":1,"location":null,"numPassingAsserts":0,"retryReasons":[],"status":"failed","title":"TC-GOAL-003: Tạo mục tiêu đã quá hạn"},{"ancestorTitles":["UserGoalService Unit Tests"],"duration":4,"failureDetails":[{"matcherResult":{"message":"expect(received).toContain(expected) // indexOf\n\nExpected substring: \"deadline\"\nReceived string:    \"\n                UPDATE user_goal\n                SET status = 'miss'\n                WHERE end_time < (NOW() + INTERVAL '7 hours')\n                  AND status != 'done'\n                  AND status != 'miss';\n            \"","pass":false}}],"failureMessages":["Error: expect(received).toContain(expected) // indexOf\n\nExpected substring: \"deadline\"\nReceived string:    \"\n                UPDATE user_goal\n                SET status = 'miss'\n                WHERE end_time < (NOW() + INTERVAL '7 hours')\n                  AND status != 'done'\n                  AND status != 'miss';\n            \"\n    at Object.<anonymous> (E:\\Desktop\\unit test\\datn-dev\\datn-dev\\src\\tests\\user.goal.service.test.ts:66:23)\n    at processTicksAndRejections (node:internal/process/task_queues:104:5)"],"fullName":"UserGoalService Unit Tests TC-GOAL-004: Lỗi tên cột trong markOverTime","invocations":1,"location":null,"numPassingAsserts":0,"retryReasons":[],"status":"failed","title":"TC-GOAL-004: Lỗi tên cột trong markOverTime"},{"ancestorTitles":["UserGoalService Unit Tests"],"duration":2,"failureDetails":[],"failureMessages":[],"fullName":"UserGoalService Unit Tests TC-GOAL-005: Xóa mục tiêu của người khác","invocations":1,"location":null,"numPassingAsserts":1,"retryReasons":[],"status":"passed","title":"TC-GOAL-005: Xóa mục tiêu của người khác"}],"endTime":1778376992658,"message":"  ● UserGoalService Unit Tests › TC-GOAL-003: Tạo mục tiêu đã quá hạn\n\n    expect(received).rejects.toThrow(expected)\n\n    Expected substring: \"INVALID_DEADLINE\"\n    Received message:   \"Cannot read properties of undefined (reading 'rows')\"\n\n        \u001b[0m \u001b[90m 41 |\u001b[39m         )\u001b[33m;\u001b[39m\n         \u001b[90m 42 |\u001b[39m\n        \u001b[31m\u001b[1m>\u001b[22m\u001b[39m\u001b[90m 43 |\u001b[39m         \u001b[36mreturn\u001b[39m result\u001b[33m.\u001b[39mrows[\u001b[35m0\u001b[39m]\u001b[33m;\u001b[39m\n         \u001b[90m    |\u001b[39m                       \u001b[31m\u001b[1m^\u001b[22m\u001b[39m\n         \u001b[90m 44 |\u001b[39m     }\u001b[33m,\u001b[39m\n         \u001b[90m 45 |\u001b[39m\n         \u001b[90m 46 |\u001b[39m     \u001b[36masync\u001b[39m \u001b[36mdelete\u001b[39m(id\u001b[33m:\u001b[39m number\u001b[33m,\u001b[39m userId\u001b[33m:\u001b[39m number)\u001b[33m:\u001b[39m \u001b[33mPromise\u001b[39m\u001b[33m<\u001b[39m\u001b[33mboolean\u001b[39m\u001b[33m>\u001b[39m {\u001b[0m\n\n      at Object.create (src/services/user.goal.service.ts:43:23)\n      at Object.<anonymous> (src/tests/user.goal.service.test.ts:50:5)\n      at Object.toThrow (node_modules/expect/build/index.js:218:22)\n      at Object.<anonymous> (src/tests/user.goal.service.test.ts:50:34)\n\n  ● UserGoalService Unit Tests › TC-GOAL-004: Lỗi tên cột trong markOverTime\n\n    expect(received).toContain(expected) // indexOf\n\n    Expected substring: \"deadline\"\n    Received string:    \"\n                    UPDATE user_goal\n                    SET status = 'miss'\n                    WHERE end_time < (NOW() + INTERVAL '7 hours')\n                      AND status != 'done'\n                      AND status != 'miss';\n                \"\n\n    \u001b[0m \u001b[90m 64 |\u001b[39m     \n     \u001b[90m 65 |\u001b[39m     \u001b[90m// Mong đợi sử dụng cột 'deadline', nhưng thực tế sử dụng 'end_time'\u001b[39m\n    \u001b[31m\u001b[1m>\u001b[22m\u001b[39m\u001b[90m 66 |\u001b[39m     expect(lastQuery)\u001b[33m.\u001b[39mtoContain(\u001b[32m'deadline'\u001b[39m)\u001b[33m;\u001b[39m\n     \u001b[90m    |\u001b[39m                       \u001b[31m\u001b[1m^\u001b[22m\u001b[39m\n     \u001b[90m 67 |\u001b[39m     expect(lastQuery)\u001b[33m.\u001b[39mnot\u001b[33m.\u001b[39mtoContain(\u001b[32m'end_time'\u001b[39m)\u001b[33m;\u001b[39m\n     \u001b[90m 68 |\u001b[39m   })\u001b[33m;\u001b[39m\n     \u001b[90m 69 |\u001b[39m\u001b[0m\n\n      at Object.<anonymous> (src/tests/user.goal.service.test.ts:66:23)\n","name":"E:\\Desktop\\unit test\\datn-dev\\datn-dev\\src\\tests\\user.goal.service.test.ts","startTime":1778376992399,"status":"failed","summary":""},{"assertionResults":[{"ancestorTitles":["SubjectService Unit Tests"],"duration":44,"failureDetails":[],"failureMessages":[],"fullName":"SubjectService Unit Tests TC-SUBJ-001: Lấy môn học available","invocations":1,"location":null,"numPassingAsserts":1,"retryReasons":[],"status":"passed","title":"TC-SUBJ-001: Lấy môn học available"},{"ancestorTitles":["SubjectService Unit Tests"],"duration":5,"failureDetails":[{"message":"expect(received).rejects.toThrow()\n\nReceived promise resolved instead of rejected\nResolved to value: {\"id\": 2}"}],"failureMessages":["Error: expect(received).rejects.toThrow()\n\nReceived promise resolved instead of rejected\nResolved to value: {\"id\": 2}\n    at expect (E:\\Desktop\\unit test\\datn-dev\\datn-dev\\node_modules\\expect\\build\\index.js:113:15)\n    at Object.<anonymous> (E:\\Desktop\\unit test\\datn-dev\\datn-dev\\src\\tests\\subject.service.test.ts:39:11)\n    at Promise.then.completed (E:\\Desktop\\unit test\\datn-dev\\datn-dev\\node_modules\\jest-circus\\build\\utils.js:298:28)\n    at new Promise (<anonymous>)\n    at callAsyncCircusFn (E:\\Desktop\\unit test\\datn-dev\\datn-dev\\node_modules\\jest-circus\\build\\utils.js:231:10)\n    at _callCircusTest (E:\\Desktop\\unit test\\datn-dev\\datn-dev\\node_modules\\jest-circus\\build\\run.js:316:40)\n    at processTicksAndRejections (node:internal/process/task_queues:104:5)\n    at _runTest (E:\\Desktop\\unit test\\datn-dev\\datn-dev\\node_modules\\jest-circus\\build\\run.js:252:3)\n    at _runTestsForDescribeBlock (E:\\Desktop\\unit test\\datn-dev\\datn-dev\\node_modules\\jest-circus\\build\\run.js:126:9)\n    at _runTestsForDescribeBlock (E:\\Desktop\\unit test\\datn-dev\\datn-dev\\node_modules\\jest-circus\\build\\run.js:121:9)\n    at run (E:\\Desktop\\unit test\\datn-dev\\datn-dev\\node_modules\\jest-circus\\build\\run.js:71:3)\n    at runAndTransformResultsToJestFormat (E:\\Desktop\\unit test\\datn-dev\\datn-dev\\node_modules\\jest-circus\\build\\legacy-code-todo-rewrite\\jestAdapterInit.js:122:21)\n    at jestAdapter (E:\\Desktop\\unit test\\datn-dev\\datn-dev\\node_modules\\jest-circus\\build\\legacy-code-todo-rewrite\\jestAdapter.js:79:19)\n    at runTestInternal (E:\\Desktop\\unit test\\datn-dev\\datn-dev\\node_modules\\jest-runner\\build\\runTest.js:367:16)\n    at runTest (E:\\Desktop\\unit test\\datn-dev\\datn-dev\\node_modules\\jest-runner\\build\\runTest.js:444:34)\n    at Object.worker (E:\\Desktop\\unit test\\datn-dev\\datn-dev\\node_modules\\jest-runner\\build\\testWorker.js:106:12)"],"fullName":"SubjectService Unit Tests TC-SUBJ-002: [FAILED] Tạo môn học trùng tên","invocations":1,"location":null,"numPassingAsserts":0,"retryReasons":[],"status":"failed","title":"TC-SUBJ-002: [FAILED] Tạo môn học trùng tên"},{"ancestorTitles":["SubjectService Unit Tests"],"duration":2,"failureDetails":[],"failureMessages":[],"fullName":"SubjectService Unit Tests TC-SUBJ-003: Xóa môn học có chứa chủ đề","invocations":1,"location":null,"numPassingAsserts":1,"retryReasons":[],"status":"passed","title":"TC-SUBJ-003: Xóa môn học có chứa chủ đề"},{"ancestorTitles":["SubjectService Unit Tests"],"duration":2,"failureDetails":[],"failureMessages":[],"fullName":"SubjectService Unit Tests TC-SUBJ-004: Cập nhật trạng thái môn học","invocations":1,"location":null,"numPassingAsserts":1,"retryReasons":[],"status":"passed","title":"TC-SUBJ-004: Cập nhật trạng thái môn học"},{"ancestorTitles":["SubjectService Unit Tests"],"duration":0,"failureDetails":[],"failureMessages":[],"fullName":"SubjectService Unit Tests TC-SUBJ-005: Lấy môn học kèm số lượng chủ đề","invocations":1,"location":null,"numPassingAsserts":1,"retryReasons":[],"status":"passed","title":"TC-SUBJ-005: Lấy môn học kèm số lượng chủ đề"},{"ancestorTitles":["SubjectService Unit Tests"],"duration":1,"failureDetails":[],"failureMessages":[],"fullName":"SubjectService Unit Tests TC-SUBJ-006: Tạo môn học thiếu ảnh đại diện","invocations":1,"location":null,"numPassingAsserts":1,"retryReasons":[],"status":"passed","title":"TC-SUBJ-006: Tạo môn học thiếu ảnh đại diện"},{"ancestorTitles":["SubjectService Unit Tests"],"duration":0,"failureDetails":[],"failureMessages":[],"fullName":"SubjectService Unit Tests TC-SUBJ-007: Lấy danh sách môn học theo loại","invocations":1,"location":null,"numPassingAsserts":1,"retryReasons":[],"status":"passed","title":"TC-SUBJ-007: Lấy danh sách môn học theo loại"},{"ancestorTitles":["SubjectService Unit Tests"],"duration":2,"failureDetails":[],"failureMessages":[],"fullName":"SubjectService Unit Tests TC-SUBJ-008: Cập nhật môn học không tồn tại","invocations":1,"location":null,"numPassingAsserts":1,"retryReasons":[],"status":"passed","title":"TC-SUBJ-008: Cập nhật môn học không tồn tại"},{"ancestorTitles":["SubjectService Unit Tests"],"duration":1,"failureDetails":[],"failureMessages":[],"fullName":"SubjectService Unit Tests TC-SUBJ-009: Xóa môn học thành công (Rỗng)","invocations":1,"location":null,"numPassingAsserts":1,"retryReasons":[],"status":"passed","title":"TC-SUBJ-009: Xóa môn học thành công (Rỗng)"},{"ancestorTitles":["SubjectService Unit Tests"],"duration":1,"failureDetails":[],"failureMessages":[],"fullName":"SubjectService Unit Tests TC-SUBJ-010: Lấy môn học với search keyword","invocations":1,"location":null,"numPassingAsserts":1,"retryReasons":[],"status":"passed","title":"TC-SUBJ-010: Lấy môn học với search keyword"},{"ancestorTitles":["SubjectService Unit Tests"],"duration":1,"failureDetails":[],"failureMessages":[],"fullName":"SubjectService Unit Tests TC-SUBJ-011: Tạo môn học tên quá dài (>255)","invocations":1,"location":null,"numPassingAsserts":1,"retryReasons":[],"status":"passed","title":"TC-SUBJ-011: Tạo môn học tên quá dài (>255)"},{"ancestorTitles":["SubjectService Unit Tests"],"duration":2,"failureDetails":[],"failureMessages":[],"fullName":"SubjectService Unit Tests TC-SUBJ-012: Lấy chi tiết môn học","invocations":1,"location":null,"numPassingAsserts":1,"retryReasons":[],"status":"passed","title":"TC-SUBJ-012: Lấy chi tiết môn học"},{"ancestorTitles":["SubjectService Unit Tests"],"duration":1,"failureDetails":[],"failureMessages":[],"fullName":"SubjectService Unit Tests TC-SUBJ-013: Cập nhật tên môn học thành rỗng","invocations":1,"location":null,"numPassingAsserts":1,"retryReasons":[],"status":"passed","title":"TC-SUBJ-013: Cập nhật tên môn học thành rỗng"},{"ancestorTitles":["SubjectService Unit Tests"],"duration":0,"failureDetails":[],"failureMessages":[],"fullName":"SubjectService Unit Tests TC-SUBJ-014: Lấy môn học theo slug","invocations":1,"location":null,"numPassingAsserts":1,"retryReasons":[],"status":"passed","title":"TC-SUBJ-014: Lấy môn học theo slug"},{"ancestorTitles":["SubjectService Unit Tests"],"duration":0,"failureDetails":[],"failureMessages":[],"fullName":"SubjectService Unit Tests TC-SUBJ-015: Khôi phục môn học đã ẩn","invocations":1,"location":null,"numPassingAsserts":1,"retryReasons":[],"status":"passed","title":"TC-SUBJ-015: Khôi phục môn học đã ẩn"}],"endTime":1778376992740,"message":"  ● SubjectService Unit Tests › TC-SUBJ-002: [FAILED] Tạo môn học trùng tên\n\n    expect(received).rejects.toThrow()\n\n    Received promise resolved instead of rejected\n    Resolved to value: {\"id\": 2}\n\n    \u001b[0m \u001b[90m 37 |\u001b[39m   test(\u001b[32m'TC-SUBJ-002: [FAILED] Tạo môn học trùng tên'\u001b[39m\u001b[33m,\u001b[39m \u001b[36masync\u001b[39m () \u001b[33m=>\u001b[39m {\n     \u001b[90m 38 |\u001b[39m     jest\u001b[33m.\u001b[39mspyOn(\u001b[33mSubjectService\u001b[39m \u001b[36mas\u001b[39m any\u001b[33m,\u001b[39m \u001b[32m'create'\u001b[39m)\u001b[33m.\u001b[39mmockResolvedValue({ id\u001b[33m:\u001b[39m \u001b[35m2\u001b[39m })\u001b[33m;\u001b[39m \u001b[90m// Bug: Cho phép tạo trùng\u001b[39m\n    \u001b[31m\u001b[1m>\u001b[22m\u001b[39m\u001b[90m 39 |\u001b[39m     \u001b[36mawait\u001b[39m expect((\u001b[33mSubjectService\u001b[39m \u001b[36mas\u001b[39m any)\u001b[33m.\u001b[39mcreate({ name\u001b[33m:\u001b[39m \u001b[32m'Math'\u001b[39m }))\u001b[33m.\u001b[39mrejects\u001b[33m.\u001b[39mtoThrow(\u001b[32m'SUBJECT_EXISTS'\u001b[39m)\u001b[33m;\u001b[39m\n     \u001b[90m    |\u001b[39m           \u001b[31m\u001b[1m^\u001b[22m\u001b[39m\n     \u001b[90m 40 |\u001b[39m   })\u001b[33m;\u001b[39m\n     \u001b[90m 41 |\u001b[39m\n     \u001b[90m 42 |\u001b[39m   \u001b[90m/**\u001b[39m\u001b[0m\n\n      at expect (node_modules/expect/build/index.js:113:15)\n      at Object.<anonymous> (src/tests/subject.service.test.ts:39:11)\n","name":"E:\\Desktop\\unit test\\datn-dev\\datn-dev\\src\\tests\\subject.service.test.ts","startTime":1778376984550,"status":"failed","summary":""},{"assertionResults":[{"ancestorTitles":["FileService Unit Tests"],"duration":2,"failureDetails":[],"failureMessages":[],"fullName":"FileService Unit Tests TC-FILE-001: Lấy danh sách file JSON","invocations":1,"location":null,"numPassingAsserts":3,"retryReasons":[],"status":"passed","title":"TC-FILE-001: Lấy danh sách file JSON"},{"ancestorTitles":["FileService Unit Tests"],"duration":14,"failureDetails":[],"failureMessages":[],"fullName":"FileService Unit Tests TC-FILE-002: Lỗi khi file không tồn tại","invocations":1,"location":null,"numPassingAsserts":1,"retryReasons":[],"status":"passed","title":"TC-FILE-002: Lỗi khi file không tồn tại"},{"ancestorTitles":["FileService Unit Tests"],"duration":1,"failureDetails":[],"failureMessages":[],"fullName":"FileService Unit Tests TC-F
[...]
\\utils.js:231:10)\n    at _callCircusTest (E:\\Desktop\\unit test\\datn-dev\\datn-dev\\node_modules\\jest-circus\\build\\run.js:316:40)\n    at _runTest (E:\\Desktop\\unit test\\datn-dev\\datn-dev\\node_modules\\jest-circus\\build\\run.js:252:3)\n    at _runTestsForDescribeBlock (E:\\Desktop\\unit test\\datn-dev\\datn-dev\\node_modules\\jest-circus\\build\\run.js:126:9)\n    at _runTestsForDescribeBlock (E:\\Desktop\\unit test\\datn-dev\\datn-dev\\node_modules\\jest-circus\\build\\run.js:121:9)\n    at run (E:\\Desktop\\unit test\\datn-dev\\datn-dev\\node_modules\\jest-circus\\build\\run.js:71:3)\n    at runAndTransformResultsToJestFormat (E:\\Desktop\\unit test\\datn-dev\\datn-dev\\node_modules\\jest-circus\\build\\legacy-code-todo-rewrite\\jestAdapterInit.js:122:21)\n    at jestAdapter (E:\\Desktop\\unit test\\datn-dev\\datn-dev\\node_modules\\jest-circus\\build\\legacy-code-todo-rewrite\\jestAdapter.js:79:19)\n    at runTestInternal (E:\\Desktop\\unit test\\datn-dev\\datn-dev\\node_modules\\jest-runner\\build\\runTest.js:367:16)\n    at runTest (E:\\Desktop\\unit test\\datn-dev\\datn-dev\\node_modules\\jest-runner\\build\\runTest.js:444:34)\n    at Object.worker (E:\\Desktop\\unit test\\datn-dev\\datn-dev\\node_modules\\jest-runner\\build\\testWorker.js:106:12)"],"fullName":"AuthService Unit Tests TC-AUTH-009: Register with empty email","invocations":1,"location":null,"numPassingAsserts":0,"retryReasons":[],"status":"failed","title":"TC-AUTH-009: Register with empty email"},{"ancestorTitles":["AuthService Unit Tests"],"duration":127,"failureDetails":[],"failureMessages":[],"fullName":"AuthService Unit Tests TC-AUTH-011: SQL Injection trong register (username)","invocations":1,"location":null,"numPassingAsserts":1,"retryReasons":[],"status":"passed","title":"TC-AUTH-011: SQL Injection trong register (username)"},{"ancestorTitles":["AuthService Unit Tests"],"duration":101,"failureDetails":[{"message":"expect(received).rejects.toThrow()\n\nReceived promise resolved instead of rejected\nResolved to value: {\"token\": \"eyJhbGciOiJIUzI1NiIsInR5cCI6IkpXVCJ9.eyJ1c2VyX2lkIjoxLCJpYXQiOjE3NzgzNzY5OTMsImV4cCI6MTc3ODQ2MzM5M30.TtSoSQ7E1MptgU6iMJ5v-AH7xfWFR154SLIN0PeTfMs\", \"user\": {}}"}],"failureMessages":["Error: expect(received).rejects.toThrow()\n\nReceived promise resolved instead of rejected\nResolved to value: {\"token\": \"eyJhbGciOiJIUzI1NiIsInR5cCI6IkpXVCJ9.eyJ1c2VyX2lkIjoxLCJpYXQiOjE3NzgzNzY5OTMsImV4cCI6MTc3ODQ2MzM5M30.TtSoSQ7E1MptgU6iMJ5v-AH7xfWFR154SLIN0PeTfMs\", \"user\": {}}\n    at expect (E:\\Desktop\\unit test\\datn-dev\\datn-dev\\node_modules\\expect\\build\\index.js:113:15)\n    at Object.<anonymous> (E:\\Desktop\\unit test\\datn-dev\\datn-dev\\src\\tests\\auth.service.test.ts:123:11)\n    at Promise.then.completed (E:\\Desktop\\unit test\\datn-dev\\datn-dev\\node_modules\\jest-circus\\build\\utils.js:298:28)\n    at new Promise (<anonymous>)\n    at callAsyncCircusFn (E:\\Desktop\\unit test\\datn-dev\\datn-dev\\node_modules\\jest-circus\\build\\utils.js:231:10)\n    at _callCircusTest (E:\\Desktop\\unit test\\datn-dev\\datn-dev\\node_modules\\jest-circus\\build\\run.js:316:40)\n    at _runTest (E:\\Desktop\\unit test\\datn-dev\\datn-dev\\node_modules\\jest-circus\\build\\run.js:252:3)\n    at _runTestsForDescribeBlock (E:\\Desktop\\unit test\\datn-dev\\datn-dev\\node_modules\\jest-circus\\build\\run.js:126:9)\n    at _runTestsForDescribeBlock (E:\\Desktop\\unit test\\datn-dev\\datn-dev\\node_modules\\jest-circus\\build\\run.js:121:9)\n    at run (E:\\Desktop\\unit test\\datn-dev\\datn-dev\\node_modules\\jest-circus\\build\\run.js:71:3)\n    at runAndTransformResultsToJestFormat (E:\\Desktop\\unit test\\datn-dev\\datn-dev\\node_modules\\jest-circus\\build\\legacy-code-todo-rewrite\\jestAdapterInit.js:122:21)\n    at jestAdapter (E:\\Desktop\\unit test\\datn-dev\\datn-dev\\node_modules\\jest-circus\\build\\legacy-code-todo-rewrite\\jestAdapter.js:79:19)\n    at runTestInternal (E:\\Desktop\\unit test\\datn-dev\\datn-dev\\node_modules\\jest-runner\\build\\runTest.js:367:16)\n    at runTest (E:\\Desktop\\unit test\\datn-dev\\datn-dev\\node_modules\\jest-runner\\build\\runTest.js:444:34)\n    at Object.worker (E:\\Desktop\\unit test\\datn-dev\\datn-dev\\node_modules\\jest-runner\\build\\testWorker.js:106:12)"],"fullName":"AuthService Unit Tests TC-AUTH-012: [FAILED] Đăng ký với email không đúng định dạng","invocations":1,"location":null,"numPassingAsserts":0,"retryReasons":[],"status":"failed","title":"TC-AUTH-012: [FAILED] Đăng ký với email không đúng định dạng"},{"ancestorTitles":["AuthService Unit Tests"],"duration":1,"failureDetails":[],"failureMessages":[],"fullName":"AuthService Unit Tests TC-AUTH-013: Đăng nhập khi tài khoản bị khóa","invocations":1,"location":null,"numPassingAsserts":1,"retryReasons":[],"status":"passed","title":"TC-AUTH-013: Đăng nhập khi tài khoản bị khóa"},{"ancestorTitles":["AuthService Unit Tests"],"duration":1,"failureDetails":[],"failureMessages":[],"fullName":"AuthService Unit Tests TC-AUTH-014: Gửi yêu cầu reset password","invocations":1,"location":null,"numPassingAsserts":1,"retryReasons":[],"status":"passed","title":"TC-AUTH-014: Gửi yêu cầu reset password"},{"ancestorTitles":["AuthService Unit Tests"],"duration":1,"failureDetails":[],"failureMessages":[],"fullName":"AuthService Unit Tests TC-AUTH-015: Reset password với token sai","invocations":1,"location":null,"numPassingAsserts":1,"retryReasons":[],"status":"passed","title":"TC-AUTH-015: Reset password với token sai"},{"ancestorTitles":["AuthService Unit Tests"],"duration":98,"failureDetails":[{"message":"expect(received).rejects.toThrow()\n\nReceived promise resolved instead of rejected\nResolved to value: {\"token\": \"eyJhbGciOiJIUzI1NiIsInR5cCI6IkpXVCJ9.eyJ1c2VyX2lkIjoxLCJpYXQiOjE3NzgzNzY5OTMsImV4cCI6MTc3ODQ2MzM5M30.TtSoSQ7E1MptgU6iMJ5v-AH7xfWFR154SLIN0PeTfMs\", \"user\": {}}"}],"failureMessages":["Error: expect(received).rejects.toThrow()\n\nReceived promise resolved instead of rejected\nResolved to value: {\"token\": \"eyJhbGciOiJIUzI1NiIsInR5cCI6IkpXVCJ9.eyJ1c2VyX2lkIjoxLCJpYXQiOjE3NzgzNzY5OTMsImV4cCI6MTc3ODQ2MzM5M30.TtSoSQ7E1MptgU6iMJ5v-AH7xfWFR154SLIN0PeTfMs\", \"user\": {}}\n    at expect (E:\\Desktop\\unit test\\datn-dev\\datn-dev\\node_modules\\expect\\build\\index.js:113:15)\n    at Object.<anonymous> (E:\\Desktop\\unit test\\datn-dev\\datn-dev\\src\\tests\\auth.service.test.ts:158:11)\n    at Promise.then.completed (E:\\Desktop\\unit test\\datn-dev\\datn-dev\\node_modules\\jest-circus\\build\\utils.js:298:28)\n    at new Promise (<anonymous>)\n    at callAsyncCircusFn (E:\\Desktop\\unit test\\datn-dev\\datn-dev\\node_modules\\jest-circus\\build\\utils.js:231:10)\n    at _callCircusTest (E:\\Desktop\\unit test\\datn-dev\\datn-dev\\node_modules\\jest-circus\\build\\run.js:316:40)\n    at _runTest (E:\\Desktop\\unit test\\datn-dev\\datn-dev\\node_modules\\jest-circus\\build\\run.js:252:3)\n    at _runTestsForDescribeBlock (E:\\Desktop\\unit test\\datn-dev\\datn-dev\\node_modules\\jest-circus\\build\\run.js:126:9)\n    at _runTestsForDescribeBlock (E:\\Desktop\\unit test\\datn-dev\\datn-dev\\node_modules\\jest-circus\\build\\run.js:121:9)\n    at run (E:\\Desktop\\unit test\\datn-dev\\datn-dev\\node_modules\\jest-circus\\build\\run.js:71:3)\n    at runAndTransformResultsToJestFormat (E:\\Desktop\\unit test\\datn-dev\\datn-dev\\node_modules\\jest-circus\\build\\legacy-code-todo-rewrite\\jestAdapterInit.js:122:21)\n    at jestAdapter (E:\\Desktop\\unit test\\datn-dev\\datn-dev\\node_modules\\jest-circus\\build\\legacy-code-todo-rewrite\\jestAdapter.js:79:19)\n    at runTestInternal (E:\\Desktop\\unit test\\datn-dev\\datn-dev\\node_modules\\jest-runner\\build\\runTest.js:367:16)\n    at runTest (E:\\Desktop\\unit test\\datn-dev\\datn-dev\\node_modules\\jest-runner\\build\\runTest.js:444:34)\n    at Object.worker (E:\\Desktop\\unit test\\datn-dev\\datn-dev\\node_modules\\jest-runner\\build\\testWorker.js:106:12)"],"fullName":"AuthService Unit Tests TC-AUTH-016: [FAILED] Đăng ký với username chứa ký tự đặc biệt","invocations":1,"location":null,"numPassingAsserts":0,"retryReasons":[],"status":"failed","title":"TC-AUTH-016: [FAILED] Đăng ký với username chứa ký tự đặc biệt"},{"ancestorTitles":["AuthService Unit Tests"],"duration":1,"failureDetails":[],"failureMessages":[],"fullName":"AuthService Unit Tests TC-AUTH-017: Đăng nhập đồng thời trên nhiều thiết bị","invocations":1,"location":null,"numPassingAsserts":1,"retryReasons":[],"status":"passed","title":"TC-AUTH-017: Đăng nhập đồng thời trên nhiều thiết bị"},{"ancestorTitles":["AuthService Unit Tests"],"duration":102,"failureDetails":[{"message":"expect(received).rejects.toThrow()\n\nReceived promise resolved instead of rejected\nResolved to value: {\"token\": \"eyJhbGciOiJIUzI1NiIsInR5cCI6IkpXVCJ9.eyJ1c2VyX2lkIjoxLCJpYXQiOjE3NzgzNzY5OTMsImV4cCI6MTc3ODQ2MzM5M30.TtSoSQ7E1MptgU6iMJ5v-AH7xfWFR154SLIN0PeTfMs\", \"user\": {}}"}],"failureMessages":["Error: expect(received).rejects.toThrow()\n\nReceived promise resolved instead of rejected\nResolved to value: {\"token\": \"eyJhbGciOiJIUzI1NiIsInR5cCI6IkpXVCJ9.eyJ1c2VyX2lkIjoxLCJpYXQiOjE3NzgzNzY5OTMsImV4cCI6MTc3ODQ2MzM5M30.TtSoSQ7E1MptgU6iMJ5v-AH7xfWFR154SLIN0PeTfMs\", \"user\": {}}\n    at expect (E:\\Desktop\\unit test\\datn-dev\\datn-dev\\node_modules\\expect\\build\\index.js:113:15)\n    at Object.<anonymous> (E:\\Desktop\\unit test\\datn-dev\\datn-dev\\src\\tests\\auth.service.test.ts:173:11)\n    at Promise.then.completed (E:\\Desktop\\unit test\\datn-dev\\datn-dev\\node_modules\\jest-circus\\build\\utils.js:298:28)\n    at new Promise (<anonymous>)\n    at callAsyncCircusFn (E:\\Desktop\\unit test\\datn-dev\\datn-dev\\node_modules\\jest-circus\\build\\utils.js:231:10)\n    at _callCircusTest (E:\\Desktop\\unit test\\datn-dev\\datn-dev\\node_modules\\jest-circus\\build\\run.js:316:40)\n    at _runTest (E:\\Desktop\\unit test\\datn-dev\\datn-dev\\node_modules\\jest-circus\\build\\run.js:252:3)\n    at _runTestsForDescribeBlock (E:\\Desktop\\unit test\\datn-dev\\datn-dev\\node_modules\\jest-circus\\build\\run.js:126:9)\n    at _runTestsForDescribeBlock (E:\\Desktop\\unit test\\datn-dev\\datn-dev\\node_modules\\jest-circus\\build\\run.js:121:9)\n    at run (E:\\Desktop\\unit test\\datn-dev\\datn-dev\\node_modules\\jest-circus\\build\\run.js:71:3)\n    at runAndTransformResultsToJestFormat (E:\\Desktop\\unit test\\datn-dev\\datn-dev\\node_modules\\jest-circus\\build\\legacy-code-todo-rewrite\\jestAdapterInit.js:122:21)\n    at jestAdapter (E:\\Desktop\\unit test\\datn-dev\\datn-dev\\node_modules\\jest-circus\\build\\legacy-code-todo-rewrite\\jestAdapter.js:79:19)\n    at runTestInternal (E:\\Desktop\\unit test\\datn-dev\\datn-dev\\node_modules\\jest-runner\\build\\runTest.js:367:16)\n    at runTest (E:\\Desktop\\unit test\\datn-dev\\datn-dev\\node_modules\\jest-runner\\build\\runTest.js:444:34)\n    at Object.worker (E:\\Desktop\\unit test\\datn-dev\\datn-dev\\node_modules\\jest-runner\\build\\testWorker.js:106:12)"],"fullName":"AuthService Unit Tests TC-AUTH-018: [FAILED] Đăng ký với password chỉ có khoảng trắng","invocations":1,"location":null,"numPassingAsserts":0,"retryReasons":[],"status":"failed","title":"TC-AUTH-018: [FAILED] Đăng ký với password chỉ có khoảng trắng"},{"ancestorTitles":["AuthService Unit Tests"],"duration":1,"failureDetails":[],"failureMessages":[],"fullName":"AuthService Unit Tests TC-AUTH-019: Xác thực quyền Admin truy cập trang User","invocations":1,"location":null,"numPassingAsserts":1,"retryReasons":[],"status":"passed","title":"TC-AUTH-019: Xác thực quyền Admin truy cập trang User"},{"ancestorTitles":["AuthService Unit Tests"],"duration":1,"failureDetails":[],"failureMessages":[],"fullName":"AuthService Unit Tests TC-AUTH-020: Refresh token sau khi hết hạn","invocations":1,"location":null,"numPassingAsserts":1,"retryReasons":[],"status":"passed","title":"TC-AUTH-020: Refresh token sau khi hết hạn"}],"endTime":1778376994023,"message":"  ● AuthService Unit Tests › TC-AUTH-006: [FAILED] Min password length\n\n    expect(received).rejects.toThrow()\n\n    Received promise resolved instead of rejected\n    Resolved to value: {\"token\": \"eyJhbGciOiJIUzI1NiIsInR5cCI6IkpXVCJ9.eyJ1c2VyX2lkIjoxLCJpYXQiOjE3NzgzNzY5OTMsImV4cCI6MTc3ODQ2MzM5M30.TtSoSQ7E1MptgU6iMJ5v-AH7xfWFR154SLIN0PeTfMs\", \"user\": {}}\n\n    \u001b[0m \u001b[90m 77 |\u001b[39m     mockQuery\u001b[33m.\u001b[39mmockResolvedValueOnce({ rows\u001b[33m:\u001b[39m [] })\u001b[33m;\u001b[39m\n     \u001b[90m 78 |\u001b[39m     mockQuery\u001b[33m.\u001b[39mmockResolvedValueOnce({ rows\u001b[33m:\u001b[39m [{ user_id\u001b[33m:\u001b[39m \u001b[35m1\u001b[39m }] })\u001b[33m;\u001b[39m\n    \u001b[31m\u001b[1m>\u001b[22m\u001b[39m\u001b[90m 79 |\u001b[39m     \u001b[36mawait\u001b[39m expect((\u001b[33mAuthService\u001b[39m \u001b[36mas\u001b[39m any)\u001b[33m.\u001b[39mregister(\u001b[32m'u'\u001b[39m\u001b[33m,\u001b[39m \u001b[32m'1'\u001b[39m\u001b[33m,\u001b[39m \u001b[32m'a@a.com'\u001b[39m))\u001b[33m.\u001b[39mrejects\u001b[33m.\u001b[39mtoThrow(\u001b[32m'PASSWORD_TOO_SHORT'\u001b[39m)\u001b[33m;\u001b[39m\n     \u001b[90m    |\u001b[39m           \u001b[31m\u001b[1m^\u001b[22m\u001b[39m\n     \u001b[90m 80 |\u001b[39m   })\u001b[33m;\u001b[39m\n     \u001b[90m 81 |\u001b[39m\n     \u001b[90m 82 |\u001b[39m   \u001b[90m/**\u001b[39m\u001b[0m\n\n      at expect (node_modules/expect/build/index.js:113:15)\n      at Object.<anonymous> (src/tests/auth.service.test.ts:79:11)\n\n  ● AuthService Unit Tests › TC-AUTH-009: Register with empty email\n\n    expect(received).rejects.toThrow()\n\n    Received promise resolved instead of rejected\n    Resolved to value: {\"token\": \"eyJhbGciOiJIUzI1NiIsInR5cCI6IkpXVCJ9.eyJ1c2VyX2lkIjoxLCJpYXQiOjE3NzgzNzY5OTMsImV4cCI6MTc3ODQ2MzM5M30.TtSoSQ7E1MptgU6iMJ5v-AH7xfWFR154SLIN0PeTfMs\", \"user\": {}}\n\n    \u001b[0m \u001b[90m 103 |\u001b[39m     mockQuery\u001b[33m.\u001b[39mmockResolvedValueOnce({ rows\u001b[33m:\u001b[39m [] })\u001b[33m;\u001b[39m\n     \u001b[90m 104 |\u001b[39m     mockQuery\u001b[33m.\u001b[39mmockResolvedValueOnce({ rows\u001b[33m:\u001b[39m [{ user_id\u001b[33m:\u001b[39m \u001b[35m1\u001b[39m }] })\u001b[33m;\u001b[39m\n    \u001b[31m\u001b[1m>\u001b[22m\u001b[39m\u001b[90m 105 |\u001b[39m     \u001b[36mawait\u001b[39m expect((\u001b[33mAuthService\u001b[39m \u001b[36mas\u001b[39m any)\u001b[33m.\u001b[39mregister(\u001b[32m'u'\u001b[39m\u001b[33m,\u001b[39m \u001b[32m'p'\u001b[39m\u001b[33m,\u001b[39m \u001b[32m''\u001b[39m))\u001b[33m.\u001b[39mrejects\u001b[33m.\u001b[39mtoThrow()\u001b[33m;\u001b[39m\n     \u001b[90m     |\u001b[39m           \u001b[31m\u001b[1m^\u001b[22m\u001b[39m\n     \u001b[90m 106 |\u001b[39m   })\u001b[33m;\u001b[39m\n     \u001b[90m 107 |\u001b[39m\n     \u001b[90m 108 |\u001b[39m   \u001b[90m/**\u001b[39m\u001b[0m\n\n      at expect (node_modules/expect/build/index.js:113:15)\n      at Object.<anonymous> (src/tests/auth.service.test.ts:105:11)\n\n  ● AuthService Unit Tests › TC-AUTH-012: [FAILED] Đăng ký với email không đúng định dạng\n\n    expect(received).rejects.toThrow()\n\n    Received promise resolved instead of rejected\n    Resolved to value: {\"token\": \"eyJhbGciOiJIUzI1NiIsInR5cCI6IkpXVCJ9.eyJ1c2VyX2lkIjoxLCJpYXQiOjE3NzgzNzY5OTMsImV4cCI6MTc3ODQ2MzM5M30.TtSoSQ7E1MptgU6iMJ5v-AH7xfWFR154SLIN0PeTfMs\", \"user\": {}}\n\n    \u001b[0m \u001b[90m 121 |\u001b[39m     mockQuery\u001b[33m.\u001b[39mmockResolvedValueOnce({ rows\u001b[33m:\u001b[39m [] })\u001b[33m;\u001b[39m\n     \u001b[90m 122 |\u001b[39m     mockQuery\u001b[33m.\u001b[39mmockResolvedValueOnce({ rows\u001b[33m:\u001b[39m [{ user_id\u001b[33m:\u001b[39m \u001b[35m1\u001b[39m }] })\u001b[33m;\u001b[39m\n    \u001b[31m\u001b[1m>\u001b[22m\u001b[39m\u001b[90m 123 |\u001b[39m     \u001b[36mawait\u001b[39m expect((\u001b[33mAuthService\u001b[39m \u001b[36mas\u001b[39m any)\u001b[33m.\u001b[39mregister(\u001b[32m'u'\u001b[39m\u001b[33m,\u001b[39m \u001b[32m'p'\u001b[39m\u001b[33m,\u001b[39m \u001b[32m'abc'\u001b[39m))\u001b[33m.\u001b[39mrejects\u001b[33m.\u001b[39mtoThrow(\u001b[32m'INVALID_EMAIL'\u001b[39m)\u001b[33m;\u001b[39m\n     \u001b[90m     |\u001b[39m           \u001b[31m\u001b[1m^\u001b[22m\u001b[39m\n     \u001b[90m 124 |\u001b[39m   })\u001b[33m;\u001b[39m\n     \u001b[90m 125 |\u001b[39m\n     \u001b[90m 126 |\u001b[39m   \u001b[90m/**\u001b[39m\u001b[0m\n\n      at expect (node_modules/expect/build/index.js:113:15)\n      at Object.<anonymous> (src/tests/auth.service.test.ts:123:11)\n\n  ● AuthService Unit Tests › TC-AUTH-016: [FAILED] Đăng ký với username chứa ký tự đặc biệt\n\n    expect(received).rejects.toThrow()\n\n    Received promise resolved instead of rejected\n    Resolved to value: {\"token\": \"eyJhbGciOiJIUzI1NiIsInR5cCI6IkpXVCJ9.eyJ1c2VyX2lkIjoxLCJpYXQiOjE3NzgzNzY5OTMsImV4cCI6MTc3ODQ2MzM5M30.TtSoSQ7E1MptgU6iMJ5v-AH7xfWFR154SLIN0PeTfMs\", \"user\": {}}\n\n    \u001b[0m \u001b[90m 156 |\u001b[39m     mockQuery\u001b[33m.\u001b[39mmockResolvedValueOnce({ rows\u001b[33m:\u001b[39m [] })\u001b[33m;\u001b[39m \u001b[90m// Email not taken\u001b[39m\n     \u001b[90m 157 |\u001b[39m     mockQuery\u001b[33m.\u001b[39mmockResolvedValueOnce({ rows\u001b[33m:\u001b[39m [{ user_id\u001b[33m:\u001b[39m \u001b[35m1\u001b[39m }] })\u001b[33m;\u001b[39m \u001b[90m// INSERT success\u001b[39m\n    \u001b[31m\u001b[1m>\u001b[22m\u001b[39m\u001b[90m 158 |\u001b[39m     \u001b[36mawait\u001b[39m expect((\u001b[33mAuthService\u001b[39m \u001b[36mas\u001b[39m any)\u001b[33m.\u001b[39mregister(\u001b[32m'!@#$%^'\u001b[39m\u001b[33m,\u001b[39m \u001b[32m'p'\u001b[39m\u001b[33m,\u001b[39m \u001b[32m'a@a.com'\u001b[39m))\u001b[33m.\u001b[39mrejects\u001b[33m.\u001b[39mtoThrow(\u001b[32m'INVALID_USERNAME'\u001b[39m)\u001b[33m;\u001b[39m\n     \u001b[90m     |\u001b[39m           \u001b[31m\u001b[1m^\u001b[22m\u001b[39m\n     \u001b[90m 159 |\u001b[39m   })\u001b[33m;\u001b[39m\n     \u001b[90m 160 |\u001b[39m\n     \u001b[90m 161 |\u001b[39m   \u001b[90m/**\u001b[39m\u001b[0m\n\n      at expect (node_modules/expect/build/index.js:113:15)\n      at Object.<anonymous> (src/tests/auth.service.test.ts:158:11)\n\n  ● AuthService Unit Tests › TC-AUTH-018: [FAILED] Đăng ký với password chỉ có khoảng trắng\n\n    expect(received).rejects.toThrow()\n\n    Received promise resolved instead of rejected\n    Resolved to value: {\"token\": \"eyJhbGciOiJIUzI1NiIsInR5cCI6IkpXVCJ9.eyJ1c2VyX2lkIjoxLCJpYXQiOjE3NzgzNzY5OTMsImV4cCI6MTc3ODQ2MzM5M30.TtSoSQ7E1MptgU6iMJ5v-AH7xfWFR154SLIN0PeTfMs\", \"user\": {}}\n\n    \u001b[0m \u001b[90m 171 |\u001b[39m     mockQuery\u001b[33m.\u001b[39mmockResolvedValueOnce({ rows\u001b[33m:\u001b[39m [] })\u001b[33m;\u001b[39m \u001b[90m// Email not taken\u001b[39m\n     \u001b[90m 172 |\u001b[39m     mockQuery\u001b[33m.\u001b[39mmockResolvedValueOnce({ rows\u001b[33m:\u001b[39m [{ user_id\u001b[33m:\u001b[39m \u001b[35m1\u001b[39m }] })\u001b[33m;\u001b[39m \u001b[90m// INSERT success\u001b[39m\n    \u001b[31m\u001b[1m>\u001b[22m\u001b[39m\u001b[90m 173 |\u001b[39m     \u001b[36mawait\u001b[39m expect((\u001b[33mAuthService\u001b[39m \u001b[36mas\u001b[39m any)\u001b[33m.\u001b[39mregister(\u001b[32m'u'\u001b[39m\u001b[33m,\u001b[39m \u001b[32m'   '\u001b[39m\u001b[33m,\u001b[39m \u001b[32m'a@a.com'\u001b[39m))\u001b[33m.\u001b[39mrejects\u001b[33m.\u001b[39mtoThrow(\u001b[32m'INVALID_PASSWORD'\u001b[39m)\u001b[33m;\u001b[39m\n     \u001b[90m     |\u001b[39m           \u001b[31m\u001b[1m^\u001b[22m\u001b[39m\n     \u001b[90m 174 |\u001b[39m   })\u001b[33m;\u001b[39m\n     \u001b[90m 175 |\u001b[39m\n     \u001b[90m 176 |\u001b[39m   \u001b[90m/**\u001b[39m\u001b[0m\n\n      at expect (node_modules/expect/build/index.js:113:15)\n      at Object.<anonymous> (src/tests/auth.service.test.ts:173:11)\n","name":"E:\\Desktop\\unit test\\datn-dev\\datn-dev\\src\\tests\\auth.service.test.ts","startTime":1778376984487,"status":"failed","summary":""}],"wasInterrupted":false}
