{"E:\\Desktop\\unit test\\datn-dev\\datn-dev\\src\\services\\auth.service.ts": {"path":"E:\\Desktop\\unit test\\datn-dev\\datn-dev\\src\\services\\auth.service.ts","statementMap":{"0":{"start":{"line":2,"column":0},"end":{"line":2,"column":43}},"1":{"start":{"line":4,"column":0},"end":{"line":4,"column":28}},"2":{"start":{"line":5,"column":0},"end":{"line":5,"column":48}},"3":{"start":{"line":7,"column":72},"end":{"line":10,"column":2}},"4":{"start":{"line":12,"column":22},"end":{"line":12,"column":23}},"5":{"start":{"line":14,"column":29},"end":{"line":25,"column":1}},"6":{"start":{"line":17,"column":2},"end":{"line":22,"column":3}},"7":{"start":{"line":18,"column":4},"end":{"line":21,"column":6}},"8":{"start":{"line":24,"column":2},"end":{"line":24,"column":40}},"9":{"start":{"line":27,"column":20},"end":{"line":107,"column":2}},"10":{"start":{"line":35,"column":22},"end":{"line":37,"column":6}},"11":{"start":{"line":38,"column":4},"end":{"line":40,"column":5}},"12":{"start":{"line":39,"column":6},"end":{"line":39,"column":38}},"13":{"start":{"line":43,"column":25},"end":{"line":43,"column":56}},"14":{"start":{"line":46,"column":19},"end":{"line":49,"column":null}},"15":{"start":{"line":52,"column":26},"end":{"line":52,"column":40}},"16":{"start":{"line":53,"column":61},"end":{"line":53,"column":68}},"17":{"start":{"line":56,"column":18},"end":{"line":56,"column":61}},"18":{"start":{"line":58,"column":4},"end":{"line":58,"column":45}},"19":{"start":{"line":69,"column":23},"end":{"line":71,"column":null}},"20":{"start":{"line":74,"column":4},"end":{"line":76,"column":5}},"21":{"start":{"line":75,"column":6},"end":{"line":75,"column":40}},"22":{"start":{"line":78,"column":28},"end":{"line":78,"column":46}},"23":{"start":{"line":80,"column":4},"end":{"line":82,"column":5}},"24":{"start":{"line":81,"column":6},"end":{"line":81,"column":44}},"25":{"start":{"line":84,"column":20},"end":{"line":86,"column":null}},"26":{"start":{"line":88,"column":4},"end":{"line":90,"column":5}},"27":{"start":{"line":89,"column":6},"end":{"line":89,"column":42}},"28":{"start":{"line":92,"column":18},"end":{"line":94,"column":null}},"29":{"start":{"line":97,"column":24},"end":{"line":97,"column":63}},"30":{"start":{"line":99,"column":43},"end":{"line":99,"column":52}},"31":{"start":{"line":101,"column":4},"end":{"line":105,"column":6}},"32":{"start":{"line":109,"column":0},"end":{"line":109,"column":27}}},"fnMap":{"0":{"name":"(anonymous_1)","decl":{"start":{"line":14,"column":29},"end":{"line":14,"column":null}},"loc":{"start":{"line":16,"column":29},"end":{"line":25,"column":1}}},"1":{"name":"(anonymous_2)","decl":{"start":{"line":28,"column":2},"end":{"line":28,"column":7}},"loc":{"start":{"line":31,"column":17},"end":{"line":59,"column":3}}},"2":{"name":"(anonymous_3)","decl":{"start":{"line":61,"column":2},"end":{"line":61,"column":7}},"loc":{"start":{"line":63,"column":20},"end":{"line":106,"column":3}}}},"branchMap":{"0":{"loc":{"start":{"line":17,"column":2},"end":{"line":22,"column":3}},"type":"if","locations":[{"start":{"line":17,"column":2},"end":{"line":22,"column":3}}]},"1":{"loc":{"start":{"line":24,"column":9},"end":{"line":24,"column":39}},"type":"binary-expr","locations":[{"start":{"line":24,"column":9},"end":{"line":24,"column":33}},{"start":{"line":24,"column":37},"end":{"line":24,"column":39}}]},"2":{"loc":{"start":{"line":38,"column":4},"end":{"line":40,"column":5}},"type":"if","locations":[{"start":{"line":38,"column":4},"end":{"line":40,"column":5}}]},"3":{"loc":{"start":{"line":74,"column":4},"end":{"line":76,"column":5}},"type":"if","locations":[{"start":{"line":74,"column":4},"end":{"line":76,"column":5}}]},"4":{"loc":{"start":{"line":80,"column":4},"end":{"line":82,"column":5}},"type":"if","locations":[{"start":{"line":80,"column":4},"end":{"line":82,"column":5}}]},"5":{"loc":{"start":{"line":88,"column":4},"end":{"line":90,"column":5}},"type":"if","locations":[{"start":{"line":88,"column":4},"end":{"line":90,"column":5}}]}},"s":{"0":1,"1":1,"2":1,"3":1,"4":1,"5":1,"6":1,"7":0,"8":1,"9":1,"10":8,"11":8,"12":1,"13":7,"14":7,"15":7,"16":7,"17":6,"18":6,"19":6,"20":6,"21":3,"22":3,"23":3,"24":1,"25":2,"26":2,"27":1,"28":1,"29":1,"30":1,"31":1,"32":1},"f":{"0":1,"1":8,"2":6},"b":{"0":[0],"1":[1,1],"2":[1],"3":[3],"4":[1],"5":[1]}}
,"E:\\Desktop\\unit test\\datn-dev\\datn-dev\\src\\services\\bank.question.service.ts": {"path":"E:\\Desktop\\unit test\\datn-dev\\datn-dev\\src\\services\\bank.question.service.ts","statementMap":{"0":{"start":{"line":1,"column":0},"end":{"line":1,"column":49}},"1":{"start":{"line":5,"column":13},"end":{"line":74,"column":null}},"2":{"start":{"line":9,"column":8},"end":{"line":11,"column":9}},"3":{"start":{"line":10,"column":12},"end":{"line":10,"column":69}},"4":{"start":{"line":13,"column":23},"end":{"line":13,"column":43}},"5":{"start":{"line":15,"column":8},"end":{"line":64,"column":9}},"6":{"start":{"line":16,"column":12},"end":{"line":16,"column":40}},"7":{"start":{"line":18,"column":28},"end":{"line":18,"column":56}},"8":{"start":{"line":21,"column":35},"end":{"line":21,"column":76}},"9":{"start":{"line":21,"column":62},"end":{"line":21,"column":75}},"10":{"start":{"line":24,"column":12},"end":{"line":31,"column":14}},"11":{"start":{"line":28,"column":69},"end":{"line":28,"column":80}},"12":{"start":{"line":34,"column":34},"end":{"line":34,"column":36}},"13":{"start":{"line":35,"column":33},"end":{"line":40,"column":26}},"14":{"start":{"line":37,"column":20},"end":{"line":37,"column":58}},"15":{"start":{"line":38,"column":20},"end":{"line":38,"column":60}},"16":{"start":{"line":42,"column":12},"end":{"line":49,"column":14}},"17":{"start":{"line":51,"column":12},"end":{"line":51,"column":41}},"18":{"start":{"line":53,"column":12},"end":{"line":56,"column":14}},"19":{"start":{"line":59,"column":12},"end":{"line":59,"column":43}},"20":{"start":{"line":60,"column":12},"end":{"line":60,"column":22}},"21":{"start":{"line":63,"column":12},"end":{"line":63,"column":29}},"22":{"start":{"line":68,"column":23},"end":{"line":70,"column":null}},"23":{"start":{"line":72,"column":8},"end":{"line":72,"column":42}}},"fnMap":{"0":{"name":"(anonymous_9)","decl":{"start":{"line":6,"column":4},"end":{"line":6,"column":9}},"loc":{"start":{"line":7,"column":69},"end":{"line":65,"column":5}}},"1":{"name":"(anonymous_10)","decl":{"start":{"line":21,"column":57},"end":{"line":21,"column":58}},"loc":{"start":{"line":21,"column":62},"end":{"line":21,"column":75}}},"2":{"name":"(anonymous_11)","decl":{"start":{"line":28,"column":59},"end":{"line":28,"column":60}},"loc":{"start":{"line":28,"column":69},"end":{"line":28,"column":80}}},"3":{"name":"(anonymous_12)","decl":{"start":{"line":36,"column":21},"end":{"line":36,"column":22}},"loc":{"start":{"line":36,"column":30},"end":{"line":39,"column":17}}},"4":{"name":"(anonymous_13)","decl":{"start":{"line":67,"column":4},"end":{"line":67,"column":9}},"loc":{"start":{"line":67,"column":35},"end":{"line":73,"column":5}}}},"branchMap":{"0":{"loc":{"start":{"line":9,"column":8},"end":{"line":11,"column":9}},"type":"if","locations":[{"start":{"line":9,"column":8},"end":{"line":11,"column":9}}]},"1":{"loc":{"start":{"line":9,"column":12},"end":{"line":9,"column":79}},"type":"binary-expr","locations":[{"start":{"line":9,"column":12},"end":{"line":9,"column":45}},{"start":{"line":9,"column":49},"end":{"line":9,"column":79}}]},"2":{"loc":{"start":{"line":72,"column":16},"end":{"line":72,"column":36}},"type":"binary-expr","locations":[{"start":{"line":72,"column":16},"end":{"line":72,"column":31}},{"start":{"line":72,"column":35},"end":{"line":72,"column":36}}]}},"s":{"0":1,"1":1,"2":2,"3":1,"4":1,"5":1,"6":1,"7":1,"8":1,"9":1,"10":1,"11":1,"12":1,"13":1,"14":1,"15":1,"16":1,"17":1,"18":1,"19":0,"20":0,"21":1,"22":1,"23":1},"f":{"0":2,"1":1,"2":1,"3":1,"4":1},"b":{"0":[1],"1":[2,2],"2":[1,0]}}
,"E:\\Desktop\\unit test\\datn-dev\\datn-dev\\src\\services\\bank.service.ts": {"path":"E:\\Desktop\\unit test\\datn-dev\\datn-dev\\src\\services\\bank.service.ts","statementMap":{"0":{"start":{"line":1,"column":0},"end":{"line":1,"column":49}},"1":{"start":{"line":4,"column":0},"end":{"line":4,"column":74}},"2":{"start":{"line":6,"column":20},"end":{"line":537,"column":2}},"3":{"start":{"line":14,"column":26},"end":{"line":59,"column":10}},"4":{"start":{"line":61,"column":31},"end":{"line":61,"column":63}},"5":{"start":{"line":63,"column":34},"end":{"line":69,"column":10}},"6":{"start":{"line":71,"column":34},"end":{"line":71,"column":73}},"7":{"start":{"line":74,"column":12},"end":{"line":74,"column":59}},"8":{"start":{"line":76,"column":33},"end":{"line":77,"column":null}},"9":{"start":{"line":81,"column":8},"end":{"line":84,"column":10}},"10":{"start":{"line":95,"column":22},"end":{"line":95,"column":24}},"11":{"start":{"line":96,"column":23},"end":{"line":96,"column":41}},"12":{"start":{"line":98,"column":37},"end":{"line":98,"column":39}},"13":{"start":{"line":99,"column":30},"end":{"line":99,"column":32}},"14":{"start":{"line":100,"column":18},"end":{"line":100,"column":19}},"15":{"start":{"line":103,"column":8},"end":{"line":113,"column":9}},"16":{"start":{"line":104,"column":12},"end":{"line":110,"column":13}},"17":{"start":{"line":111,"column":12},"end":{"line":111,"column":44}},"18":{"start":{"line":112,"column":12},"end":{"line":112,"column":18}},"19":{"start":{"line":116,"column":8},"end":{"line":120,"column":9}},"20":{"start":{"line":117,"column":12},"end":{"line":117,"column":53}},"21":{"start":{"line":118,"column":12},"end":{"line":118,"column":43}},"22":{"start":{"line":119,"column":12},"end":{"line":119,"column":18}},"23":{"start":{"line":123,"column":8},"end":{"line":127,"column":9}},"24":{"start":{"line":124,"column":12},"end":{"line":124,"column":52}},"25":{"start":{"line":125,"column":12},"end":{"line":125,"column":34}},"26":{"start":{"line":126,"column":12},"end":{"line":126,"column":18}},"27":{"start":{"line":130,"column":8},"end":{"line":134,"column":9}},"28":{"start":{"line":131,"column":12},"end":{"line":131,"column":55}},"29":{"start":{"line":132,"column":12},"end":{"line":132,"column":36}},"30":{"start":{"line":133,"column":12},"end":{"line":133,"column":18}},"31":{"start":{"line":136,"column":28},"end":{"line":138,"column":16}},"32":{"start":{"line":141,"column":26},"end":{"line":152,"column":10}},"33":{"start":{"line":153,"column":27},"end":{"line":153,"column":57}},"34":{"start":{"line":156,"column":27},"end":{"line":162,"column":10}},"35":{"start":{"line":164,"column":31},"end":{"line":166,"column":10}},"36":{"start":{"line":168,"column":8},"end":{"line":171,"column":10}},"37":{"start":{"line":175,"column":26},"end":{"line":177,"column":45}},"38":{"start":{"line":178,"column":23},"end":{"line":178,"column":97}},"39":{"start":{"line":179,"column":8},"end":{"line":179,"column":30}},"40":{"start":{"line":183,"column":30},"end":{"line":183,"column":110}},"41":{"start":{"line":184,"column":23},"end":{"line":184,"column":88}},"42":{"start":{"line":185,"column":8},"end":{"line":185,"column":38}},"43":{"start":{"line":195,"column":23},"end":{"line":195,"column":43}},"44":{"start":{"line":197,"column":8},"end":{"line":315,"column":9}},"45":{"start":{"line":198,"column":12},"end":{"line":198,"column":40}},"46":{"start":{"line":201,"column":29},"end":{"line":209,"column":null}},"47":{"start":{"line":213,"column":24},"end":{"line":213,"column":46}},"48":{"start":{"line":214,"column":12},"end":{"line":226,"column":13}},"49":{"start":{"line":215,"column":16},"end":{"line":221,"column":17}},"50":{"start":{"line":216,"column":20},"end":{"line":220,"column":23}},"51":{"start":{"line":222,"column":28},"end":{"line":222,"column":50}},"52":{"start":{"line":223,"column":16},"end":{"line":225,"column":60}},"53":{"start":{"line":229,"column":24},"end":{"line":229,"column":25}},"54":{"start":{"line":230,"column":12},"end":{"line":251,"column":13}},"55":{"start":{"line":231,"column":29},"end":{"line":231,"column":54}},"56":{"start":{"line":232,"column":16},"end":{"line":232,"column":36}},"57":{"start":{"line":232,"column":27},"end":{"line":232,"column":36}},"58":{"start":{"line":234,"column":16},"end":{"line":245,"column":17}},"59":{"start":{"line":236,"column":20},"end":{"line":236,"column":34}},"60":{"start":{"line":238,"column":21},"end":{"line":245,"column":17}},"61":{"start":{"line":239,"column":36},"end":{"line":240,"column":77}},"62":{"start":{"line":240,"column":29},"end":{"line":240,"column":69}},"63":{"start":{"line":241,"column":20},"end":{"line":244,"column":36}},"64":{"start":{"line":241,"column":41},"end":{"line":241,"column":54}},"65":{"start":{"line":242,"column":25},"end":{"line":244,"column":36}},"66":{"start":{"line":242,"column":46},"end":{"line":242,"column":60}},"67":{"start":{"line":243,"column":25},"end":{"line":244,"column":36}},"68":{"start":{"line":243,"column":46},"end":{"line":243,"column":59}},"69":{"start":{"line":244,"column":25},"end":{"line":244,"column":36}},"70":{"start":{"line":246,"column":16},"end":{"line":250,"column":17}},"71":{"start":{"line":249,"column":20},"end":{"line":249,"column":61}},"72":{"start":{"line":254,"column":34},"end":{"line":260,"column":null}},"73":{"start":{"line":263,"column":36},"end":{"line":263,"column":73}},"74":{"start":{"line":266,"column":12},"end":{"line":305,"column":13}},"75":{"start":{"line":267,"column":16},"end":{"line":304,"column":17}},"76":{"start":{"line":270,"column":20},"end":{"line":303,"column":21}},"77":{"start":{"line":271,"column":24},"end":{"line":284,"column":26}},"78":{"start":{"line":288,"column":25},"end":{"line":303,"column":21}},"79":{"start":{"line":289,"column":24},"end":{"line":302,"column":26}},"80":{"start":{"line":307,"column":12},"end":{"line":307,"column":41}},"81":{"start":{"line":308,"column":12},"end":{"line":308,"column":46}},"82":{"start":{"line":311,"column":12},"end":{"line":311,"column":43}},"83":{"start":{"line":312,"column":12},"end":{"line":312,"column":22}},"84":{"start":{"line":314,"column":12},"end":{"line":314,"column":29}},"85":{"start":{"line":330,"column":8},"end":{"line":351,"column":9}},"86":{"start":{"line":332,"column":16},"end":{"line":336,"column":null}},"87":{"start":{"line":337,"column":25},"end":{"line":337,"column":58}},"88":{"start":{"line":338,"column":12},"end":{"line":342,"column":13}},"89":{"start":{"line":339,"column":16},"end":{"line":341,"column":18}},"90":{"start":{"line":344,"column":12},"end":{"line":346,"column":14}},"91":{"start":{"line":349,"column":12},"end":{"line":349,"column":59}},"92":{"start":{"line":350,"column":12},"end":{"line":350,"column":61}},"93":{"start":{"line":363,"column":28},"end":{"line":365,"column":null}},"94":{"start":{"line":367,"column":22},"end":{"line":367,"column":56}},"95":{"start":{"line":370,"column":28},"end":{"line":408,"column":10}},"96":{"start":{"line":409,"column":31},"end":{"line":409,"column":71}},"97":{"start":{"line":412,"column":24},"end":{"line":421,"column":10}},"98":{"start":{"line":422,"column":27},"end":{"line":422,"column":71}},"99":{"start":{"line":425,"column":24},"end":{"line":425,"column":null}},"100":{"start":{"line":430,"column":8},"end":{"line":439,"column":9}},"101":{"start":{"line":431,"column":12},"end":{"line":433,"column":13}},"102":{"start":{"line":432,"column":16},"end":{"line":432,"column":49}},"103":{"start":{"line":435,"column":12},"end":{"line":438,"column":15}},"104":{"start":{"line":442,"column":47},"end":{"line":442,"column":70}},"105":{"start":{"line":444,"column":8},"end":{"line":453,"column":9}},"106":{"start":{"line":445,"column":12},"end":{"line":452,"column":15}},"107":{"start":{"line":455,"column":8},"end":{"line":458,"column":10}},"108":{"start":{"line":462,"column":23},"end":{"line":464,"column":null}},"109":{"start":{"line":466,"column":8},"end":{"line":466,"column":42}},"110":{"start":{"line":470,"column":26},"end":{"line":470,"column":63}},"111":{"start":{"line":471,"column":23},"end":{"line":471,"column":51}},"112":{"start":{"line":472,"column":8},"end":{"line":472,"column":42}},"113":{"start":{"line":477,"column":22},"end":{"line":477,"column":24}},"114":{"start":{"line":478,"column":23},"end":{"line":478,"column":41}},"115":{"start":{"line":480,"column":25},"end":{"line":480,"column":27}},"116":{"start":{"line":481,"column":21},"end":{"line":481,"column":23}},"117":{"start":{"line":482,"column":18},"end":{"line":482,"column":19}},"118":{"start":{"line":485,"column":8},"end":{"line":485,"column":46}},"119":{"start":{"line":488,"column":8},"end":{"line":492,"column":9}},"120":{"start":{"line":489,"column":12},"end":{"line":489,"column":74}},"121":{"start":{"line":490,"column":12},"end":{"line":490,"column":44}},"122":{"start":{"line":491,"column":12},"end":{"line":491,"column":18}},"123":{"start":{"line":495,"column":8},"end":{"line":499,"column":9}},"124":{"start":{"line":496,"column":12},"end":{"line":496,"column":57}},"125":{"start":{"line":497,"column":12},"end":{"line":497,"column":34}},"126":{"start":{"line":498,"column":12},"end":{"line":498,"column":18}},"127":{"start":{"line":501,"column":28},"end":{"line":501,"column":88}},"128":{"start":{"line":503,"column":26},"end":{"line":512,"column":18}},"129":{"start":{"line":514,"column":23},"end":{"line":514,"column":53}},"130":{"start":{"line":517,"column":27},"end":{"line":521,"column":18}},"131":{"start":{"line":523,"column":28},"end":{"line":523,"column":59}},"132":{"start":{"line":525,"column":27},"end":{"line":525,"column":71}},"133":{"start":{"line":527,"column":8},"end":{"line":527,"column":50}},"134":{"start":{"line":531,"column":30},"end":{"line":531,"column":86}},"135":{"start":{"line":532,"column":29},"end":{"line":532,"column":66}},"136":{"start":{"line":533,"column":8},"end":{"line":535,"column":10}},"137":{"start":{"line":534,"column":46},"end":{"line":534,"column":61}},"138":{"start":{"line":539,"column":0},"end":{"line":539,"column":27}}},"fnMap":{"0":{"name":"(anonymous_9)","decl":{"start":{"line":7,"column":4},"end":{"line":7,"column":9}},"loc":{"start":{"line":8,"column":22},"end":{"line":85,"column":5}}},"1":{"name":"(anonymous_10)","decl":{"start":{"line":87,"column":4},"end":{"line":87,"column":9}},"loc":{"start":{"line":92,"column":34},"end":{"line":172,"column":5}}},"2":{"name":"(anonymous_11)","decl":{"start":{"line":174,"column":4},"end":{"line":174,"column":9}},"loc":{"start":{"line":174,"column":27},"end":{"line":180,"column":5}}},"3":{"name":"(anonymous_12)","decl":{"start":{"line":182,"column":4},"end":{"line":182,"column":9}},"loc":{"start":{"line":182,"column":39},"end":{"line":186,"column":5}}},"4":{"name":"(anonymous_13)","decl":{"start":{"line":188,"column":4},"end":{"line":188,"column":9}},"loc":{"start":{"line":193,"column":28},"end":{"line":316,"column":5}}},"5":{"name":"(anonymous_14)","decl":{"start":{"line":240,"column":24},"end":{"line":240,"column":25}},"loc":{"start":{"line":240,"column":29},"end":{"line":240,"column":69}}},"6":{"name":"(anonymous_15)","decl":{"start":{"line":318,"column":4},"end":{"line":318,"column":9}},"loc":{"start":{"line":319,"column":23},"end":{"line":352,"column":5}}},"7":{"name":"(anonymous_16)","decl":{"start":{"line":354,"column":4},"end":{"line":354,"column":9}},"loc":{"start":{"line":356,"column":23},"end":{"line":459,"column":5}}},"8":{"name":"(anonymous_17)","decl":{"start":{"line":461,"column":4},"end":{"line":461,"column":9}},"loc":{"start":{"line":461,"column":53},"end":{"line":467,"column":5}}},"9":{"name":"(anonymous_18)","decl":{"start":{"line":469,"column":4},"end":{"line":469,"column":9}},"loc":{"start":{"line":469,"column":27},"end":{"line":473,"column":5}}},"10":{"name":"(anonymous_19)","decl":{"start":{"line":475,"column":4},"end":{"line":475,"column":9}},"loc":{"start":{"line":475,"column":68},"end":{"line":528,"column":5}}},"11":{"name":"(anonymous_20)","decl":{"start":{"line":530,"column":4},"end":{"line":530,"column":9}},"loc":{"start":{"line":530,"column":43},"end":{"line":536,"column":5}}},"12":{"name":"(anonymous_21)","decl":{"start":{"line":534,"column":12},"end":{"line":534,"column":13}},"loc":{"start":{"line":534,"column":46},"end":{"line":534,"column":61}}}},"branchMap":{"0":{"loc":{"start":{"line":74,"column":12},"end":{"line":74,"column":59}},"type":"binary-expr","locations":[{"start":{"line":74,"column":12},"end":{"line":74,"column":51}},{"start":{"line":74,"column":55},"end":{"line":74,"column":59}}]},"1":{"loc":{"start":{"line":103,"column":8},"end":{"line":113,"column":9}},"type":"if","locations":[{"start":{"line":103,"column":8},"end":{"line":113,"column":9}}]},"2":{"loc":{"start":{"line":116,"column":8},"end":{"line":120,"column":9}},"type":"if","locations":[{"start":{"line":116,"column":8},"end":{"line":120,"column":9}}]},"3":{"loc":{"start":{"line":123,"column":8},"end":{"line":127,"column":9}},"type":"if","locations":[{"start":{"line":123,"column":8},"end":{"line":127,"column":9}}]},"4":{"loc":{"start":{"line":130,"column":8},"end":{"line":134,"column":9}},"type":"if","locations":[{"start":{"line":130,"column":8},"end":{"line":134,"column":9}}]},"5":{"loc":{"start":{"line":136,"column":28},"end":{"line":138,"column":16}},"type":"cond-expr","locations":[{"start":{"line":137,"column":14},"end":{"line":137,"column":49}},{"start":{"line":138,"column":14},"end":{"line":138,"column":16}}]},"6":{"loc":{"start":{"line":185,"column":15},"end":{"line":185,"column":37}},"type":"binary-expr","locations":[{"start":{"line":185,"column":15},"end":{"line":185,"column":29}},{"start":{"line":185,"column":33},"end":{"line":185,"column":37}}]},"7":{"loc":{"start":{"line":215,"column":16},"end":{"line":221,"column":17}},"type":"if","locations":[{"start":{"line":215,"column":16},"end":{"line":221,"column":17}}]},"8":{"loc":{"start":{"line":223,"column":16},"end":{"line":225,"column":59}},"type":"cond-expr","locations":[{"start":{"line":224,"column":23},"end":{"line":224,"column":58}},{"start":{"line":225,"column":22},"end":{"line":225,"column":59}}]},"9":{"loc":{"start":{"line":232,"column":16},"end":{"line":232,"column":36}},"type":"if","locations":[{"start":{"line":232,"column":16},"end":{"line":232,"column":36}}]},"10":{"loc":{"start":{"line":234,"column":16},"end":{"line":245,"column":17}},"type":"if","locations":[{"start":{"line":234,"column":16},"end":{"line":245,"column":17}},{"start":{"line":238,"column":21},"end":{"line":245,"column":17}}]},"11":{"loc":{"start":{"line":234,"column":20},"end":{"line":235,"column":66}},"type":"binary-expr","locations":[{"start":{"line":234,"column":20},"end":{"line":234,"column":44}},{"start":{"line":235,"column":20},"end":{"line":235,"column":66}}]},"12":{"loc":{"start":{"line":238,"column":21},"end":{"line":245,"column":17}},"type":"if","locations":[{"start":{"line":238,"column":21},"end":{"line":245,"column":17}}]},"13":{"loc":{"start":{"line":241,"column":20},"end":{"line":244,"column":36}},"type":"if","locations":[{"start":{"line":241,"column":20},"end":{"line":244,"column":36}},{"start":{"line":242,"column":25},"end":{"line":244,"column":36}}]},"14":{"loc":{"start":{"line":242,"column":25},"end":{"line":244,"column":36}},"type":"if","locations":[{"start":{"line":242,"column":25},"end":{"line":244,"column":36}},{"start":{"line":243,"column":25},"end":{"line":244,"column":36}}]},"15":{"loc":{"start":{"line":243,"column":25},"end":{"line":244,"column":36}},"type":"if","locations":[{"start":{"line":243,"column":25},"end":{"line":244,"column":36}},{"start":{"line":244,"column":25},"end":{"line":244,"column":36}}]},"16":{"loc":{"start":{"line":246,"column":16},"end":{"line":250,"column":17}},"type":"if","locations":[{"start":{"line":246,"column":16},"end":{"line":250,"column":17}}]},"17":{"loc":{"start":{"line":246,"column":20},"end":{"line":248,"column":66}},"type":"binary-expr","locations":[{"start":{"line":246,"column":20},"end":{"line":246,"column":44}},{"start":{"line":247,"column":20},"end":{"line":248,"column":66}}]},"18":{"loc":{"start":{"line":249,"column":29},"end":{"line":249,"column":60}},"type":"cond-expr","locations":[{"start":{"line":249,"column":50},"end":{"line":249,"column":53}},{"start":{"line":249,"column":56},"end":{"line":249,"column":60}}]},"19":{"loc":{"start":{"line":270,"column":20},"end":{"line":303,"column":21}},"type":"if","locations":[{"start":{"line":270,"column":20},"end":{"line":303,"column":21}},{"start":{"line":288,"column":25},"end":{"line":303,"column":21}}]},"20":{"loc":{"start":{"line":288,"column":25},"end":{"line":303,"column":21}},"type":"if","locations":[{"start":{"line":288,"column":25},"end":{"line":303,"column":21}}]},"21":{"loc":{"start":{"line":338,"column":12},"end":{"line":342,"column":13}},"type":"if","locations":[{"start":{"line":338,"column":12},"end":{"line":342,"column":13}}]},"22":{"loc":{"start":{"line":338,"column":16},"end":{"line":338,"column":47}},"type":"binary-expr","locations":[{"start":{"line":338,"column":16},"end":{"line":338,"column":21}},{"start":{"line":338,"column":25},"end":{"line":338,"column":47}}]},"23":{"loc":{"start":{"line":367,"column":22},"end":{"line":367,"column":56}},"type":"binary-expr","locations":[{"start":{"line":367,"column":22},"end":{"line":367,"column":48}},{"start":{"line":367,"column":52},"end":{"line":367,"column":56}}]},"24":{"loc":{"start":{"line":431,"column":12},"end":{"line":433,"column":13}},"type":"if","locations":[{"start":{"line":431,"column":12},"end":{"line":433,"column":13}}]},"25":{"loc":{"start":{"line":436,"column":27},"end":{"line":436,"column":48}},"type":"binary-expr","locations":[{"start":{"line":436,"column":27},"end":{"line":436,"column":40}},{"start":{"line":436,"column":44},"end":{"line":436,"column":48}}]},"26":{"loc":{"start":{"line":437,"column":32},"end":{"line":437,"column":82}},"type":"binary-expr","locations":[{"start":{"line":437,"column":32},"end":{"line":437,"column":50}},{"start":{"line":437,"column":54},"end":{"line":437,"column":74}},{"start":{"line":437,"column":78},"end":{"line":437,"column":82}}]},"27":{"loc":{"start":{"line":449,"column":24},"end":{"line":449,"column":38}},"type":"binary-expr","locations":[{"start":{"line":449,"column":24},"end":{"line":449,"column":32}},{"start":{"line":449,"column":36},"end":{"line":449,"column":38}}]},"28":{"loc":{"start":{"line":450,"column":33},"end":{"line":450,"column":56}},"type":"binary-expr","locations":[{"start":{"line":450,"column":33},"end":{"line":450,"column":50}},{"start":{"line":450,"column":54},"end":{"line":450,"column":56}}]},"29":{"loc":{"start":{"line":451,"column":30},"end":{"line":451,"column":62}},"type":"binary-expr","locations":[{"start":{"line":451,"column":30},"end":{"line":451,"column":56}},{"start":{"line":451,"column":60},"end":{"line":451,"column":62}}]},"30":{"loc":{"start":{"line":466,"column":16},"end":{"line":466,"column":36}},"type":"binary-expr","locations":[{"start":{"line":466,"column":16},"end":{"line":466,"column":31}},{"start":{"line":466,"column":35},"end":{"line":466,"column":36}}]},"31":{"loc":{"start":{"line":472,"column":16},"end":{"line":472,"column":36}},"type":"binary-expr","locations":[{"start":{"line":472,"column":16},"end":{"line":472,"column":31}},{"start":{"line":472,"column":35},"end":{"line":472,"column":36}}]},"32":{"loc":{"start":{"line":488,"column":8},"end":{"line":492,"column":9}},"type":"if","locations":[{"start":{"line":488,"column":8},"end":{"line":492,"column":9}}]},"33":{"loc":{"start":{"line":495,"column":8},"end":{"line":499,"column":9}},"type":"if","locations":[{"start":{"line":495,"column":8},"end":{"line":499,"column":9}}]},"34":{"loc":{"start":{"line":501,"column":28},"end":{"line":501,"column":88}},"type":"cond-expr","locations":[{"start":{"line":501,"column":48},"end":{"line":501,"column":83}},{"start":{"line":501,"column":86},"end":{"line":501,"column":88}}]}},"s":{"0":1,"1":1,"2":1,"3":0,"4":0,"5":0,"6":0,"7":0,"8":0,"9":0,"10":0,"11":0,"12":0,"13":0,"14":0,"15":0,"16":0,"17":0,"18":0,"19":0,"20":0,"21":0,"22":0,"23":0,"24":0,"25":0,"26":0,"27":0,"28":0,"29":0,"30":0,"31":0,"32":0,"33":0,"34":0,"35":0,"36":0,"37":0,"38":0,"39":0,"40":0,"41":0,"42":0,"43":0,"44":0,"45":0,"46":0,"47":0,"48":0,"49":0,"50":0,"51":0,"52":0,"53":0,"54":0,"55":0,"56":0,"57":0,"58":0,"59":0,"60":0,"61":0,"62":0,"63":0,"64":0,"65":0,"66":0,"67":0,"68":0,"69":0,"70":0,"71":0,"72":0,"73":0,"74":0,"75":0,"76":0,"77":0,"78":0,"79":0,"80":0,"81":0,"82":0,"83":0,"84":0,"85":0,"86":0,"87":0,"88":0,"89":0,"90":0,"91":0,"92":0,"93":0,"94":0,"95":0,"96":0,"97":0,"98":0,"99":0,"100":0,"101":0,"102":0,"103":0,"104":0,"105":0,"106":0,"107":0,"108":0,"109":0,"110":0,"111":0,"112":0,"113":0,"114":0,"115":0,"116":0,"117":0,"118":0,"119":0,"120":0,"121":0,"122":0,"123":0,"124":0,"125":0,"126":0,"127":0,"128":0,"129":0,"130":0,"131":0,"132":0,"133":0,"134":0,"135":0,"136":0,"137":0,"138":1},"f":{"0":0,"1":0,"2":0,"3":0,"4":0,"5":0,"6":0,"7":0,"8":0,"9":0,"10":0,"11":0,"12":0},"b":{"0":[0,0],"1":[0],"2":[0],"3":[0],"4":[0],"5":[0,0],"6":[0,0],"7":[0],"8":[0,0],"9":[0],"10":[0,0],"11":[0,0],"12":[0],"13":[0,0],"14":[0,0],"15":[0,0],"16":[0],"17":[0,0],"18":[0,0],"19":[0,0],"20":[0],"21":[0],"22":[0,0],"23":[0,0],"24":[0],"25":[0,0],"26":[0,0,0],"27":[0,0],"28":[0,0],"29":[0,0],"30":[0,0],"31":[0,0],"32":[0],"33":[0],"34":[0,0]}}
,"E:\\Desktop\\unit test\\datn-dev\\datn-dev\\src\\services\\current.process.service.ts": {"path":"E:\\Desktop\\unit test\\datn-dev\\datn-dev\\src\\services\\current.process.service.ts","statementMap":{"0":{"start":{"line":2,"column":0},"end":{"line":2,"column":43}},"1":{"start":{"line":6,"column":46},"end":{"line":6,"column":54}},"2":{"start":{"line":8,"column":23},"end":{"line":12,"column":null}},"3":{"start":{"line":15,"column":8},"end":{"line":15,"column":30}},"4":{"start":{"line":19,"column":23},"end":{"line":21,"column":null}},"5":{"start":{"line":23,"column":8},"end":{"line":23,"column":27}},"6":{"start":{"line":27,"column":23},"end":{"line":29,"column":null}},"7":{"start":{"line":31,"column":8},"end":{"line":31,"column":38}},"8":{"start":{"line":35,"column":8},"end":{"line":38,"column":10}},"9":{"start":{"line":4,"column":0},"end":{"line":4,"column":13}}},"fnMap":{"0":{"name":"(anonymous_0)","decl":{"start":{"line":5,"column":4},"end":{"line":5,"column":10}},"loc":{"start":{"line":5,"column":49},"end":{"line":16,"column":5}}},"1":{"name":"(anonymous_1)","decl":{"start":{"line":18,"column":4},"end":{"line":18,"column":10}},"loc":{"start":{"line":18,"column":46},"end":{"line":24,"column":5}}},"2":{"name":"(anonymous_2)","decl":{"start":{"line":26,"column":4},"end":{"line":26,"column":10}},"loc":{"start":{"line":26,"column":52},"end":{"line":32,"column":5}}},"3":{"name":"(anonymous_3)","decl":{"start":{"line":34,"column":4},"end":{"line":34,"column":10}},"loc":{"start":{"line":34,"column":51},"end":{"line":39,"column":5}}}},"branchMap":{"0":{"loc":{"start":{"line":31,"column":15},"end":{"line":31,"column":37}},"type":"binary-expr","locations":[{"start":{"line":31,"column":15},"end":{"line":31,"column":29}},{"start":{"line":31,"column":33},"end":{"line":31,"column":37}}]}},"s":{"0":1,"1":0,"2":0,"3":0,"4":0,"5":0,"6":0,"7":0,"8":0,"9":1},"f":{"0":0,"1":0,"2":0,"3":0},"b":{"0":[0,0]}}
,"E:\\Desktop\\unit test\\datn-dev\\datn-dev\\src\\services\\dashboard.service.ts": {"path":"E:\\Desktop\\unit test\\datn-dev\\datn-dev\\src\\services\\dashboard.service.ts","statementMap":{"0":{"start":{"line":1,"column":0},"end":{"line":1,"column":38}},"1":{"start":{"line":3,"column":0},"end":{"line":3,"column":44}},"2":{"start":{"line":5,"column":13},"end":{"line":285,"column":2}},"3":{"start":{"line":9,"column":21},"end":{"line":9,"column":64}},"4":{"start":{"line":11,"column":4},"end":{"line":91,"column":7}},"5":{"start":{"line":12,"column":21},"end":{"line":12,"column":41}},"6":{"start":{"line":13,"column":6},"end":{"line":90,"column":7}},"7":{"start":{"line":14,"column":29},"end":{"line":14,"column":77}},"8":{"start":{"line":15,"column":27},"end":{"line":15,"column":71}},"9":{"start":{"line":16,"column":26},"end":{"line":16,"column":74}},"10":{"start":{"line":17,"column":24},"end":{"line":17,"column":72}},"11":{"start":{"line":19,"column":20},"end":{"line":31,"column":10}},"12":{"start":{"line":33,"column":25},"end":{"line":38,"column":10}},"13":{"start":{"line":40,"column":18},"end":{"line":40,"column":25}},"14":{"start":{"line":42,"column":27},"end":{"line":43,"column":61}},"15":{"start":{"line":43,"column":10},"end":{"line":43,"column":61}},"16":{"start":{"line":45,"column":27},"end":{"line":55,"column":10}},"17":{"start":{"line":58,"column":10},"end":{"line":59,"column":45}},"18":{"start":{"line":61,"column":24},"end":{"line":66,"column":10}},"19":{"start":{"line":68,"column":18},"end":{"line":73,"column":19}},"20":{"start":{"line":75,"column":8},"end":{"line":87,"column":10}},"21":{"start":{"line":89,"column":8},"end":{"line":89,"column":25}},"22":{"start":{"line":96,"column":4},"end":{"line":115,"column":7}},"23":{"start":{"line":97,"column":18},"end":{"line":111,"column":8}},"24":{"start":{"line":113,"column":23},"end":{"line":113,"column":44}},"25":{"start":{"line":114,"column":6},"end":{"line":114,"column":28}},"26":{"start":{"line":120,"column":4},"end":{"line":189,"column":7}},"27":{"start":{"line":121,"column":21},"end":{"line":121,"column":41}},"28":{"start":{"line":122,"column":6},"end":{"line":188,"column":7}},"29":{"start":{"line":123,"column":25},"end":{"line":135,"column":10}},"30":{"start":{"line":137,"column":24},"end":{"line":144,"column":10}},"31":{"start":{"line":146,"column":24},"end":{"line":154,"column":10}},"32":{"start":{"line":156,"column":45},"end":{"line":160,"column":10}},"33":{"start":{"line":162,"column":31},"end":{"line":162,"column":33}},"34":{"start":{"line":163,"column":8},"end":{"line":170,"column":11}},"35":{"start":{"line":164,"column":10},"end":{"line":169,"column":12}},"36":{"start":{"line":172,"column":30},"end":{"line":172,"column":32}},"37":{"start":{"line":173,"column":8},"end":{"line":173,"column":70}},"38":{"start":{"line":173,"column":34},"end":{"line":173,"column":68}},"39":{"start":{"line":175,"column":30},"end":{"line":175,"column":32}},"40":{"start":{"line":176,"column":8},"end":{"line":176,"column":70}},"41":{"start":{"line":176,"column":34},"end":{"line":176,"column":68}},"42":{"start":{"line":178,"column":8},"end":{"line":185,"column":10}},"43":{"start":{"line":187,"column":8},"end":{"line":187,"column":25}},"44":{"start":{"line":194,"column":4},"end":{"line":241,"column":7}},"45":{"start":{"line":195,"column":21},"end":{"line":195,"column":41}},"46":{"start":{"line":196,"column":6},"end":{"line":240,"column":7}},"47":{"start":{"line":197,"column":23},"end":{"line":202,"column":10}},"48":{"start":{"line":204,"column":23},"end":{"line":209,"column":10}},"49":{"start":{"line":211,"column":23},"end":{"line":220,"column":10}},"50":{"start":{"line":222,"column":32},"end":{"line":226,"column":10}},"51":{"start":{"line":228,"column":25},"end":{"line":231,"column":10}},"52":{"start":{"line":228,"column":58},"end":{"line":231,"column":10}},"53":{"start":{"line":229,"column":32},"end":{"line":229,"column":39}},"54":{"start":{"line":230,"column":50},"end":{"line":230,"column":57}},"55":{"start":{"line":233,"column":8},"end":{"line":237,"column":10}},"56":{"start":{"line":239,"column":8},"end":{"line":239,"column":25}},"57":{"start":{"line":246,"column":21},"end":{"line":246,"column":44}},"58":{"start":{"line":248,"column":4},"end":{"line":283,"column":7}},"59":{"start":{"line":249,"column":18},"end":{"line":272,"column":8}},"60":{"start":{"line":274,"column":23},"end":{"line":274,"column":44}},"61":{"start":{"line":276,"column":6},"end":{"line":282,"column":10}},"62":{"start":{"line":276,"column":30},"end":{"line":282,"column":8}}},"fnMap":{"0":{"name":"(anonymous_1)","decl":{"start":{"line":8,"column":2},"end":{"line":8,"column":7}},"loc":{"start":{"line":8,"column":44},"end":{"line":92,"column":3}}},"1":{"name":"(anonymous_2)","decl":{"start":{"line":11,"column":36},"end":{"line":11,"column":41}},"loc":{"start":{"line":11,"column":47},"end":{"line":91,"column":5}}},"2":{"name":"(anonymous_3)","decl":{"start":{"line":42,"column":27},"end":{"line":42,"column":28}},"loc":{"start":{"line":43,"column":10},"end":{"line":43,"column":61}}},"3":{"name":"(anonymous_4)","decl":{"start":{"line":95,"column":2},"end":{"line":95,"column":7}},"loc":{"start":{"line":95,"column":29},"end":{"line":116,"column":3}}},"4":{"name":"(anonymous_5)","decl":{"start":{"line":96,"column":51},"end":{"line":96,"column":56}},"loc":{"start":{"line":96,"column":62},"end":{"line":115,"column":5}}},"5":{"name":"(anonymous_6)","decl":{"start":{"line":119,"column":2},"end":{"line":119,"column":7}},"loc":{"start":{"line":119,"column":28},"end":{"line":190,"column":3}}},"6":{"name":"(anonymous_7)","decl":{"start":{"line":120,"column":43},"end":{"line":120,"column":48}},"loc":{"start":{"line":120,"column":54},"end":{"line":189,"column":5}}},"7":{"name":"(anonymous_8)","decl":{"start":{"line":163,"column":30},"end":{"line":163,"column":31}},"loc":{"start":{"line":163,"column":34},"end":{"line":170,"column":9}}},"8":{"name":"(anonymous_9)","decl":{"start":{"line":173,"column":29},"end":{"line":173,"column":30}},"loc":{"start":{"line":173,"column":34},"end":{"line":173,"column":68}}},"9":{"name":"(anonymous_10)","decl":{"start":{"line":176,"column":29},"end":{"line":176,"column":30}},"loc":{"start":{"line":176,"column":34},"end":{"line":176,"column":68}}},"10":{"name":"(anonymous_11)","decl":{"start":{"line":193,"column":2},"end":{"line":193,"column":7}},"loc":{"start":{"line":193,"column":28},"end":{"line":242,"column":3}}},"11":{"name":"(anonymous_12)","decl":{"start":{"line":194,"column":43},"end":{"line":194,"column":48}},"loc":{"start":{"line":194,"column":54},"end":{"line":241,"column":5}}},"12":{"name":"(anonymous_13)","decl":{"start":{"line":228,"column":25},"end":{"line":228,"column":26}},"loc":{"start":{"line":228,"column":58},"end":{"line":231,"column":10}}},"13":{"name":"(anonymous_14)","decl":{"start":{"line":229,"column":27},"end":{"line":229,"column":28}},"loc":{"start":{"line":229,"column":32},"end":{"line":229,"column":39}}},"14":{"name":"(anonymous_15)","decl":{"start":{"line":230,"column":45},"end":{"line":230,"column":46}},"loc":{"start":{"line":230,"column":50},"end":{"line":230,"column":57}}},"15":{"name":"(anonymous_16)","decl":{"start":{"line":245,"column":2},"end":{"line":245,"column":7}},"loc":{"start":{"line":245,"column":30},"end":{"line":284,"column":3}}},"16":{"name":"(anonymous_17)","decl":{"start":{"line":248,"column":36},"end":{"line":248,"column":41}},"loc":{"start":{"line":248,"column":47},"end":{"line":283,"column":5}}},"17":{"name":"(anonymous_18)","decl":{"start":{"line":276,"column":22},"end":{"line":276,"column":23}},"loc":{"start":{"line":276,"column":30},"end":{"line":282,"column":8}}}},"branchMap":{"0":{"loc":{"start":{"line":43,"column":10},"end":{"line":43,"column":61}},"type":"cond-expr","locations":[{"start":{"line":43,"column":21},"end":{"line":43,"column":38}},{"start":{"line":43,"column":42},"end":{"line":43,"column":61}}]},"1":{"loc":{"start":{"line":43,"column":21},"end":{"line":43,"column":38}},"type":"cond-expr","locations":[{"start":{"line":43,"column":31},"end":{"line":43,"column":32}},{"start":{"line":43,"column":35},"end":{"line":43,"column":38}}]},"2":{"loc":{"start":{"line":58,"column":10},"end":{"line":59,"column":45}},"type":"binary-expr","locations":[{"start":{"line":58,"column":10},"end":{"line":58,"column":78}},{"start":{"line":59,"column":13},"end":{"line":59,"column":45}}]},"3":{"loc":{"start":{"line":279,"column":26},"end":{"line":279,"column":43}},"type":"binary-expr","locations":[{"start":{"line":279,"column":26},"end":{"line":279,"column":38}},{"start":{"line":279,"column":42},"end":{"line":279,"column":43}}]},"4":{"loc":{"start":{"line":280,"column":27},"end":{"line":280,"column":45}},"type":"binary-expr","locations":[{"start":{"line":280,"column":27},"end":{"line":280,"column":40}},{"start":{"line":280,"column":44},"end":{"line":280,"column":45}}]},"5":{"loc":{"start":{"line":281,"column":30},"end":{"line":281,"column":51}},"type":"binary-expr","locations":[{"start":{"line":281,"column":30},"end":{"line":281,"column":46}},{"start":{"line":281,"column":50},"end":{"line":281,"column":51}}]}},"s":{"0":1,"1":1,"2":1,"3":0,"4":0,"5":0,"6":0,"7":0,"8":0,"9":0,"10":0,"11":0,"12":0,"13":0,"14":0,"15":0,"16":0,"17":0,"18":0,"19":0,"20":0,"21":0,"22":0,"23":0,"24":0,"25":0,"26":0,"27":0,"28":0,"29":0,"30":0,"31":0,"32":0,"33":0,"34":0,"35":0,"36":0,"37":0,"38":0,"39":0,"40":0,"41":0,"42":0,"43":0,"44":0,"45":0,"46":0,"47":0,"48":0,"49":0,"50":0,"51":0,"52":0,"53":0,"54":0,"55":0,"56":0,"57":0,"58":0,"59":0,"60":0,"61":0,"62":0},"f":{"0":0,"1":0,"2":0,"3":0,"4":0,"5":0,"6":0,"7":0,"8":0,"9":0,"10":0,"11":0,"12":0,"13":0,"14":0,"15":0,"16":0,"17":0},"b":{"0":[0,0],"1":[0,0],"2":[0,0],"3":[0,0],"4":[0,0],"5":[0,0]}}
,"E:\\Desktop\\unit test\\datn-dev\\datn-dev\\src\\services\\document.service.ts": {"path":"E:\\Desktop\\unit test\\datn-dev\\datn-dev\\src\\services\\document.service.ts","statementMap":{"0":{"start":{"line":1,"column":0},"end":{"line":1,"column":43}},"1":{"start":{"line":5,"column":24},"end":{"line":160,"column":null}},"2":{"start":{"line":14,"column":22},"end":{"line":14,"column":24}},"3":{"start":{"line":15,"column":23},"end":{"line":15,"column":41}},"4":{"start":{"line":17,"column":35},"end":{"line":17,"column":37}},"5":{"start":{"line":18,"column":28},"end":{"line":18,"column":30}},"6":{"start":{"line":19,"column":18},"end":{"line":19,"column":19}},"7":{"start":{"line":22,"column":8},"end":{"line":30,"column":9}},"8":{"start":{"line":23,"column":12},"end":{"line":27,"column":13}},"9":{"start":{"line":28,"column":12},"end":{"line":28,"column":44}},"10":{"start":{"line":29,"column":12},"end":{"line":29,"column":18}},"11":{"start":{"line":33,"column":8},"end":{"line":37,"column":9}},"12":{"start":{"line":34,"column":12},"end":{"line":34,"column":53}},"13":{"start":{"line":35,"column":12},"end":{"line":35,"column":32}},"14":{"start":{"line":36,"column":12},"end":{"line":36,"column":18}},"15":{"start":{"line":40,"column":8},"end":{"line":44,"column":9}},"16":{"start":{"line":41,"column":12},"end":{"line":41,"column":54}},"17":{"start":{"line":42,"column":12},"end":{"line":42,"column":34}},"18":{"start":{"line":43,"column":12},"end":{"line":43,"column":18}},"19":{"start":{"line":47,"column":8},"end":{"line":51,"column":9}},"20":{"start":{"line":48,"column":12},"end":{"line":48,"column":57}},"21":{"start":{"line":49,"column":12},"end":{"line":49,"column":36}},"22":{"start":{"line":50,"column":12},"end":{"line":50,"column":18}},"23":{"start":{"line":54,"column":12},"end":{"line":54,"column":76}},"24":{"start":{"line":57,"column":26},"end":{"line":73,"column":10}},"25":{"start":{"line":75,"column":23},"end":{"line":75,"column":53}},"26":{"start":{"line":76,"column":26},"end":{"line":76,"column":37}},"27":{"start":{"line":79,"column":27},"end":{"line":85,"column":10}},"28":{"start":{"line":87,"column":28},"end":{"line":87,"column":59}},"29":{"start":{"line":88,"column":27},"end":{"line":88,"column":71}},"30":{"start":{"line":90,"column":8},"end":{"line":93,"column":10}},"31":{"start":{"line":98,"column":23},"end":{"line":102,"column":null}},"32":{"start":{"line":105,"column":38},"end":{"line":105,"column":52}},"33":{"start":{"line":113,"column":8},"end":{"line":113,"column":27}},"34":{"start":{"line":117,"column":8},"end":{"line":119,"column":9}},"35":{"start":{"line":118,"column":12},"end":{"line":118,"column":55}},"36":{"start":{"line":122,"column":24},"end":{"line":122,"column":53}},"37":{"start":{"line":123,"column":33},"end":{"line":123,"column":35}},"38":{"start":{"line":124,"column":30},"end":{"line":124,"column":32}},"39":{"start":{"line":125,"column":18},"end":{"line":125,"column":19}},"40":{"start":{"line":127,"column":8},"end":{"line":134,"column":9}},"41":{"start":{"line":128,"column":27},"end":{"line":128,"column":48}},"42":{"start":{"line":129,"column":12},"end":{"line":133,"column":13}},"43":{"start":{"line":130,"column":16},"end":{"line":130,"column":48}},"44":{"start":{"line":131,"column":16},"end":{"line":131,"column":35}},"45":{"start":{"line":132,"column":16},"end":{"line":132,"column":22}},"46":{"start":{"line":136,"column":8},"end":{"line":138,"column":9}},"47":{"start":{"line":137,"column":12},"end":{"line":137,"column":67}},"48":{"start":{"line":140,"column":8},"end":{"line":140,"column":24}},"49":{"start":{"line":141,"column":26},"end":{"line":145,"column":29}},"50":{"start":{"line":146,"column":23},"end":{"line":146,"column":53}},"51":{"start":{"line":148,"column":8},"end":{"line":148,"column":null}},"52":{"start":{"line":152,"column":23},"end":{"line":152,"column":112}},"53":{"start":{"line":153,"column":8},"end":{"line":153,"column":42}},"54":{"start":{"line":157,"column":8},"end":{"line":157,"column":73}},"55":{"start":{"line":161,"column":0},"end":{"line":161,"column":31}}},"fnMap":{"0":{"name":"(anonymous_0)","decl":{"start":{"line":6,"column":4},"end":{"line":6,"column":9}},"loc":{"start":{"line":11,"column":34},"end":{"line":94,"column":5}}},"1":{"name":"(anonymous_1)","decl":{"start":{"line":96,"column":4},"end":{"line":96,"column":9}},"loc":{"start":{"line":96,"column":53},"end":{"line":114,"column":5}}},"2":{"name":"(anonymous_2)","decl":{"start":{"line":116,"column":4},"end":{"line":116,"column":9}},"loc":{"start":{"line":116,"column":56},"end":{"line":149,"column":5}}},"3":{"name":"(anonymous_3)","decl":{"start":{"line":151,"column":4},"end":{"line":151,"column":9}},"loc":{"start":{"line":151,"column":53},"end":{"line":154,"column":5}}},"4":{"name":"(anonymous_4)","decl":{"start":{"line":156,"column":4},"end":{"line":156,"column":9}},"loc":{"start":{"line":156,"column":27},"end":{"line":158,"column":5}}}},"branchMap":{"0":{"loc":{"start":{"line":7,"column":8},"end":{"line":7,"column":24}},"type":"default-arg","locations":[{"start":{"line":7,"column":23},"end":{"line":7,"column":24}}]},"1":{"loc":{"start":{"line":8,"column":8},"end":{"line":8,"column":30}},"type":"default-arg","locations":[{"start":{"line":8,"column":25},"end":{"line":8,"column":30}}]},"2":{"loc":{"start":{"line":9,"column":8},"end":{"line":9,"column":32}},"type":"default-arg","locations":[{"start":{"line":9,"column":30},"end":{"line":9,"column":32}}]},"3":{"loc":{"start":{"line":22,"column":8},"end":{"line":30,"column":9}},"type":"if","locations":[{"start":{"line":22,"column":8},"end":{"line":30,"column":9}}]},"4":{"loc":{"start":{"line":33,"column":8},"end":{"line":37,"column":9}},"type":"if","locations":[{"start":{"line":33,"column":8},"end":{"line":37,"column":9}}]},"5":{"loc":{"start":{"line":40,"column":8},"end":{"line":44,"column":9}},"type":"if","locations":[{"start":{"line":40,"column":8},"end":{"line":44,"column":9}}]},"6":{"loc":{"start":{"line":47,"column":8},"end":{"line":51,"column":9}},"type":"if","locations":[{"start":{"line":47,"column":8},"end":{"line":51,"column":9}}]},"7":{"loc":{"start":{"line":54,"column":12},"end":{"line":54,"column":76}},"type":"cond-expr","locations":[{"start":{"line":54,"column":36},"end":{"line":54,"column":71}},{"start":{"line":54,"column":74},"end":{"line":54,"column":76}}]},"8":{"loc":{"start":{"line":117,"column":8},"end":{"line":119,"column":9}},"type":"if","locations":[{"start":{"line":117,"column":8},"end":{"line":119,"column":9}}]},"9":{"loc":{"start":{"line":129,"column":12},"end":{"line":133,"column":13}},"type":"if","locations":[{"start":{"line":129,"column":12},"end":{"line":133,"column":13}}]},"10":{"loc":{"start":{"line":136,"column":8},"end":{"line":138,"column":9}},"type":"if","locations":[{"start":{"line":136,"column":8},"end":{"line":138,"column":9}}]},"11":{"loc":{"start":{"line":153,"column":16},"end":{"line":153,"column":36}},"type":"binary-expr","locations":[{"start":{"line":153,"column":16},"end":{"line":153,"column":31}},{"start":{"line":153,"column":35},"end":{"line":153,"column":36}}]}},"s":{"0":1,"1":1,"2":1,"3":1,"4":1,"5":1,"6":1,"7":1,"8":0,"9":0,"10":0,"11":1,"12":0,"13":0,"14":0,"15":1,"16":1,"17":1,"18":1,"19":1,"20":1,"21":1,"22":1,"23":1,"24":1,"25":1,"26":1,"27":1,"28":1,"29":1,"30":1,"31":1,"32":1,"33":1,"34":1,"35":0,"36":1,"37":1,"38":1,"39":1,"40":1,"41":3,"42":3,"43":1,"44":1,"45":1,"46":1,"47":0,"48":1,"49":1,"50":1,"51":1,"52":0,"53":0,"54":1,"55":1},"f":{"0":1,"1":1,"2":1,"3":0,"4":1},"b":{"0":[0],"1":[0],"2":[0],"3":[0],"4":[0],"5":[1],"6":[1],"7":[1,0],"8":[0],"9":[1],"10":[0],"11":[0,0]}}
,"E:\\Desktop\\unit test\\datn-dev\\datn-dev\\src\\services\\exam.question.service.ts": {"path":"E:\\Desktop\\unit test\\datn-dev\\datn-dev\\src\\services\\exam.question.service.ts","statementMap":{"0":{"start":{"line":1,"column":0},"end":{"line":1,"column":49}},"1":{"start":{"line":3,"column":0},"end":{"line":3,"column":40}},"2":{"start":{"line":5,"column":13},"end":{"line":78,"column":null}},"3":{"start":{"line":9,"column":8},"end":{"line":11,"column":9}},"4":{"start":{"line":10,"column":12},"end":{"line":10,"column":66}},"5":{"start":{"line":13,"column":23},"end":{"line":13,"column":43}},"6":{"start":{"line":15,"column":8},"end":{"line":66,"column":9}},"7":{"start":{"line":16,"column":12},"end":{"line":16,"column":40}},"8":{"start":{"line":18,"column":28},"end":{"line":18,"column":56}},"9":{"start":{"line":20,"column":35},"end":{"line":20,"column":76}},"10":{"start":{"line":20,"column":62},"end":{"line":20,"column":75}},"11":{"start":{"line":23,"column":12},"end":{"line":30,"column":14}},"12":{"start":{"line":27,"column":69},"end":{"line":27,"column":80}},"13":{"start":{"line":33,"column":34},"end":{"line":33,"column":36}},"14":{"start":{"line":34,"column":33},"end":{"line":39,"column":26}},"15":{"start":{"line":36,"column":20},"end":{"line":36,"column":58}},"16":{"start":{"line":37,"column":20},"end":{"line":37,"column":60}},"17":{"start":{"line":41,"column":12},"end":{"line":48,"column":14}},"18":{"start":{"line":50,"column":12},"end":{"line":50,"column":41}},"19":{"start":{"line":53,"column":12},"end":{"line":53,"column":52}},"20":{"start":{"line":55,"column":12},"end":{"line":58,"column":14}},"21":{"start":{"line":61,"column":12},"end":{"line":61,"column":43}},"22":{"start":{"line":62,"column":12},"end":{"line":62,"column":24}},"23":{"start":{"line":65,"column":12},"end":{"line":65,"column":29}},"24":{"start":{"line":70,"column":23},"end":{"line":72,"column":null}},"25":{"start":{"line":75,"column":8},"end":{"line":75,"column":53}},"26":{"start":{"line":76,"column":8},"end":{"line":76,"column":42}}},"fnMap":{"0":{"name":"(anonymous_9)","decl":{"start":{"line":6,"column":4},"end":{"line":6,"column":9}},"loc":{"start":{"line":7,"column":69},"end":{"line":67,"column":5}}},"1":{"name":"(anonymous_10)","decl":{"start":{"line":20,"column":57},"end":{"line":20,"column":58}},"loc":{"start":{"line":20,"column":62},"end":{"line":20,"column":75}}},"2":{"name":"(anonymous_11)","decl":{"start":{"line":27,"column":59},"end":{"line":27,"column":60}},"loc":{"start":{"line":27,"column":69},"end":{"line":27,"column":80}}},"3":{"name":"(anonymous_12)","decl":{"start":{"line":35,"column":21},"end":{"line":35,"column":22}},"loc":{"start":{"line":35,"column":30},"end":{"line":38,"column":17}}},"4":{"name":"(anonymous_13)","decl":{"start":{"line":69,"column":4},"end":{"line":69,"column":9}},"loc":{"start":{"line":69,"column":35},"end":{"line":77,"column":5}}}},"branchMap":{"0":{"loc":{"start":{"line":9,"column":8},"end":{"line":11,"column":9}},"type":"if","locations":[{"start":{"line":9,"column":8},"end":{"line":11,"column":9}}]},"1":{"loc":{"start":{"line":76,"column":16},"end":{"line":76,"column":36}},"type":"binary-expr","locations":[{"start":{"line":76,"column":16},"end":{"line":76,"column":31}},{"start":{"line":76,"column":35},"end":{"line":76,"column":36}}]}},"s":{"0":1,"1":1,"2":1,"3":1,"4":0,"5":1,"6":1,"7":1,"8":1,"9":1,"10":1,"11":1,"12":1,"13":1,"14":1,"15":1,"16":1,"17":1,"18":1,"19":1,"20":1,"21":0,"22":0,"23":1,"24":1,"25":1,"26":1},"f":{"0":1,"1":1,"2":1,"3":1,"4":1},"b":{"0":[0],"1":[1,0]}}
,"E:\\Desktop\\unit test\\datn-dev\\datn-dev\\src\\services\\exam.service.ts": {"path":"E:\\Desktop\\unit test\\datn-dev\\datn-dev\\src\\services\\exam.service.ts","statementMap":{"0":{"start":{"line":2,"column":0},"end":{"line":2,"column":49}},"1":{"start":{"line":4,"column":0},"end":{"line":4,"column":40}},"2":{"start":{"line":5,"column":0},"end":{"line":5,"column":74}},"3":{"start":{"line":6,"column":0},"end":{"line":6,"column":44}},"4":{"start":{"line":9,"column":20},"end":{"line":753,"column":2}},"5":{"start":{"line":17,"column":4},"end":{"line":89,"column":6}},"6":{"start":{"line":21,"column":26},"end":{"line":64,"column":8}},"7":{"start":{"line":66,"column":31},"end":{"line":66,"column":63}},"8":{"start":{"line":68,"column":33},"end":{"line":74,"column":8}},"9":{"start":{"line":76,"column":34},"end":{"line":76,"column":73}},"10":{"start":{"line":78,"column":10},"end":{"line":78,"column":57}},"11":{"start":{"line":80,"column":33},"end":{"line":81,"column":null}},"12":{"start":{"line":84,"column":8},"end":{"line":87,"column":10}},"13":{"start":{"line":93,"column":22},"end":{"line":97,"column":6}},"14":{"start":{"line":98,"column":19},"end":{"line":104,"column":6}},"15":{"start":{"line":105,"column":4},"end":{"line":105,"column":26}},"16":{"start":{"line":109,"column":22},"end":{"line":114,"column":6}},"17":{"start":{"line":115,"column":19},"end":{"line":121,"column":6}},"18":{"start":{"line":122,"column":4},"end":{"line":122,"column":34}},"19":{"start":{"line":126,"column":19},"end":{"line":128,"column":null}},"20":{"start":{"line":130,"column":4},"end":{"line":130,"column":38}},"21":{"start":{"line":134,"column":19},"end":{"line":134,"column":75}},"22":{"start":{"line":135,"column":4},"end":{"line":135,"column":38}},"23":{"start":{"line":145,"column":18},"end":{"line":145,"column":20}},"24":{"start":{"line":146,"column":19},"end":{"line":146,"column":37}},"25":{"start":{"line":148,"column":33},"end":{"line":148,"column":35}},"26":{"start":{"line":149,"column":26},"end":{"line":149,"column":28}},"27":{"start":{"line":150,"column":14},"end":{"line":150,"column":15}},"28":{"start":{"line":152,"column":4},"end":{"line":162,"column":5}},"29":{"start":{"line":153,"column":6},"end":{"line":159,"column":7}},"30":{"start":{"line":160,"column":6},"end":{"line":160,"column":38}},"31":{"start":{"line":161,"column":6},"end":{"line":161,"column":12}},"32":{"start":{"line":164,"column":4},"end":{"line":168,"column":5}},"33":{"start":{"line":165,"column":6},"end":{"line":165,"column":47}},"34":{"start":{"line":166,"column":6},"end":{"line":166,"column":26}},"35":{"start":{"line":167,"column":6},"end":{"line":167,"column":12}},"36":{"start":{"line":170,"column":4},"end":{"line":174,"column":5}},"37":{"start":{"line":171,"column":6},"end":{"line":171,"column":46}},"38":{"start":{"line":172,"column":6},"end":{"line":172,"column":28}},"39":{"start":{"line":173,"column":6},"end":{"line":173,"column":12}},"40":{"start":{"line":176,"column":4},"end":{"line":180,"column":5}},"41":{"start":{"line":177,"column":6},"end":{"line":177,"column":49}},"42":{"start":{"line":178,"column":6},"end":{"line":178,"column":30}},"43":{"start":{"line":179,"column":6},"end":{"line":179,"column":12}},"44":{"start":{"line":182,"column":24},"end":{"line":182,"column":84}},"45":{"start":{"line":184,"column":22},"end":{"line":203,"column":4}},"46":{"start":{"line":205,"column":19},"end":{"line":205,"column":49}},"47":{"start":{"line":206,"column":18},"end":{"line":206,"column":29}},"48":{"start":{"line":209,"column":26},"end":{"line":232,"column":null}},"49":{"start":{"line":211,"column":24},"end":{"line":215,"column":null}},"50":{"start":{"line":218,"column":21},"end":{"line":218,"column":23}},"51":{"start":{"line":219,"column":8},"end":{"line":229,"column":9}},"52":{"start":{"line":219,"column":21},"end":{"line":219,"column":22}},"53":{"start":{"line":220,"column":25},"end":{"line":220,"column":47}},"54":{"start":{"line":221,"column":25},"end":{"line":221,"column":91}},"55":{"start":{"line":222,"column":10},"end":{"line":228,"column":13}},"56":{"start":{"line":231,"column":8},"end":{"line":231,"column":33}},"57":{"start":{"line":236,"column":23},"end":{"line":243,"column":4}},"58":{"start":{"line":245,"column":24},"end":{"line":245,"column":55}},"59":{"start":{"line":246,"column":23},"end":{"line":246,"column":75}},"60":{"start":{"line":248,"column":4},"end":{"line":248,"column":48}},"61":{"start":{"line":259,"column":19},"end":{"line":259,"column":39}},"62":{"start":{"line":261,"column":4},"end":{"line":407,"column":5}},"63":{"start":{"line":262,"column":6},"end":{"line":262,"column":34}},"64":{"start":{"line":264,"column":23},"end":{"line":272,"column":null}},"65":{"start":{"line":276,"column":18},"end":{"line":276,"column":40}},"66":{"start":{"line":277,"column":6},"end":{"line":289,"column":7}},"67":{"start":{"line":278,"column":8},"end":{"line":284,"column":9}},"68":{"start":{"line":279,"column":10},"end":{"line":283,"column":13}},"69":{"start":{"line":285,"column":20},"end":{"line":285,"column":42}},"70":{"start":{"line":286,"column":8},"end":{"line":288,"column":50}},"71":{"start":{"line":293,"column":18},"end":{"line":293,"column":19}},"72":{"start":{"line":294,"column":6},"end":{"line":331,"column":7}},"73":{"start":{"line":295,"column":21},"end":{"line":295,"column":46}},"74":{"start":{"line":296,"column":8},"end":{"line":296,"column":82}},"75":{"start":{"line":296,"column":73},"end":{"line":296,"column":82}},"76":{"start":{"line":299,"column":8},"end":{"line":330,"column":9}},"77":{"start":{"line":300,"column":10},"end":{"line":302,"column":11}},"78":{"start":{"line":301,"column":12},"end":{"line":301,"column":26}},"79":{"start":{"line":306,"column":13},"end":{"line":330,"column":9}},"80":{"start":{"line":307,"column":31},"end":{"line":309,"column":18}},"81":{"start":{"line":308,"column":12},"end":{"line":308,"column":52}},"82":{"start":{"line":311,"column":10},"end":{"line":314,"column":52}},"83":{"start":{"line":311,"column":60},"end":{"line":311,"column":71}},"84":{"start":{"line":312,"column":15},"end":{"line":314,"column":52}},"85":{"start":{"line":312,"column":39},"end":{"line":312,"column":52}},"86":{"start":{"line":313,"column":15},"end":{"line":314,"column":52}},"87":{"start":{"line":313,"column":39},"end":{"line":313,"column":53}},"88":{"start":{"line":314,"column":15},"end":{"line":314,"column":52}},"89":{"start":{"line":314,"column":39},"end":{"line":314,"column":52}},"90":{"start":{"line":318,"column":13},"end":{"line":330,"column":9}},"91":{"start":{"line":319,"column":27},"end":{"line":321,"column":26}},"92":{"start":{"line":323,"column":30},"end":{"line":325,"column":26}},"93":{"start":{"line":327,"column":10},"end":{"line":329,"column":11}},"94":{"start":{"line":328,"column":12},"end":{"line":328,"column":53}},"95":{"start":{"line":334,"column":28},"end":{"line":340,"column":null}},"96":{"start":{"line":343,"column":30},"end":{"line":343,"column":67}},"97":{"start":{"line":348,"column":6},"end":{"line":387,"column":7}},"98":{"start":{"line":349,"column":8},"end":{"line":386,"column":9}},"99":{"start":{"line":352,"column":10},"end":{"line":385,"column":11}},"100":{"start":{"line":353,"column":12},"end":{"line":366,"column":14}},"101":{"start":{"line":370,"column":15},"end":{"line":385,"column":11}},"102":{"start":{"line":371,"column":12},"end":{"line":384,"column":14}},"103":{"start":{"line":389,"column":6},"end":{"line":389,"column":35}},"104":{"start":{"line":391,"column":23},"end":{"line":391,"column":47}},"105":{"start":{"line":393,"column":8},"end":{"line":393,"column":54}},"106":{"start":{"line":394,"column":6},"end":{"line":399,"column":8}},"107":{"start":{"line":400,"column":6},"end":{"line":400,"column":40}},"108":{"start":{"line":403,"column":6},"end":{"line":403,"column":37}},"109":{"start":{"line":404,"column":6},"end":{"line":404,"column":16}},"110":{"start":{"line":406,"column":6},"end":{"line":406,"column":23}},"111":{"start":{"line":431,"column":16},"end":{"line":431,"column":18}},"112":{"start":{"line":432,"column":16},"end":{"line":432,"column":34}},"113":{"start":{"line":433,"column":14},"end":{"line":433,"column":27}},"114":{"start":{"line":435,"column":21},"end":{"line":435,"column":51}},"115":{"start":{"line":436,"column":20},"end":{"line":436,"column":61}},"116":{"start":{"line":438,"column":2},"end":{"line":526,"column":3}},"117":{"start":{"line":442,"column":24},"end":{"line":478,"column":null}},"118":{"start":{"line":446,"column":25},"end":{"line":468,"column":null}},"119":{"start":{"line":471,"column":8},"end":{"line":477,"column":12}},"120":{"start":{"line":471,"column":37},"end":{"line":477,"column":10}},"121":{"start":{"line":481,"column":23},"end":{"line":481,"column":41}},"122":{"start":{"line":482,"column":23},"end":{"line":482,"column":52}},"123":{"start":{"line":487,"column":17},"end":{"line":487,"column":46}},"124":{"start":{"line":492,"column":20},"end":{"line":509,"column":null}},"125":{"start":{"line":496,"column":22},"end":{"line":497,"column":null}},"126":{"start":{"line":497,"column":17},"end":{"line":497,"column":38}},"127":{"start":{"line":500,"column":8},"end":{"line":500,"column":38}},"128":{"start":{"line":500,"column":26},"end":{"line":500,"column":38}},"129":{"start":{"line":502,"column":19},"end":{"line":502,"column":37}},"130":{"start":{"line":504,"column":8},"end":{"line":508,"column":10}},"131":{"start":{"line":512,"column":4},"end":{"line":517,"column":6}},"132":{"start":{"line":519,"column":4},"end":{"line":519,"column":44}},"133":{"start":{"line":520,"column":4},"end":{"line":525,"column":6}},"134":{"start":{"line":539,"column":4},"end":{"line":560,"column":5}},"135":{"start":{"line":541,"column":8},"end":{"line":545,"column":null}},"136":{"start":{"line":546,"column":19},"end":{"line":546,"column":52}},"137":{"start":{"line":547,"column":6},"end":{"line":551,"column":7}},"138":{"start":{"line":548,"column":8},"end":{"line":550,"column":10}},"139":{"start":{"line":553,"column":6},"end":{"line":555,"column":8}},"140":{"start":{"line":558,"column":6},"end":{"line":558,"column":53}},"141":{"start":{"line":559,"column":6},"end":{"line":559,"column":55}},"142":{"start":{"line":572,"column":24},"end":{"line":574,"column":null}},"143":{"start":{"line":576,"column":18},"end":{"line":576,"column":52}},"144":{"start":{"line":579,"column":24},"end":{"line":617,"column":6}},"145":{"start":{"line":618,"column":27},"end":{"line":618,"column":67}},"146":{"start":{"line":621,"column":20},"end":{"line":630,"column":6}},"147":{"start":{"line":631,"column":23},"end":{"line":631,"column":67}},"148":{"start":{"line":634,"column":20},"end":{"line":634,"column":null}},"149":{"start":{"line":639,"column":4},"end":{"line":648,"column":5}},"150":{"start":{"line":640,"column":6},"end":{"line":642,"column":7}},"151":{"start":{"line":641,"column":8},"end":{"line":641,"column":41}},"152":{"start":{"line":644,"column":6},"end":{"line":647,"column":9}},"153":{"start":{"line":651,"column":43},"end":{"line":651,"column":66}},"154":{"start":{"line":653,"column":4},"end":{"line":662,"column":5}},"155":{"start":{"line":654,"column":6},"end":{"line":661,"column":9}},"156":{"start":{"line":664,"column":4},"end":{"line":667,"column":6}},"157":{"start":{"line":675,"column":16},"end":{"line":681,"column":6}},"158":{"start":{"line":683,"column":19},"end":{"line":683,"column":55}},"159":{"start":{"line":685,"column":4},"end":{"line":690,"column":5}},"160":{"start":{"line":686,"column":6},"end":{"line":689,"column":8}},"161":{"start":{"line":692,"column":21},"end":{"line":702,"column":null}},"162":{"start":{"line":705,"column":4},"end":{"line":710,"column":5}},"163":{"start":{"line":706,"column":6},"end":{"line":709,"column":8}},"164":{"start":{"line":712,"column":36},"end":{"line":712,"column":43}},"165":{"start":{"line":714,"column":4},"end":{"line":719,"column":5}},"166":{"start":{"line":715,"column":6},"end":{"line":718,"column":8}},"167":{"start":{"line":721,"column":4},"end":{"line":726,"column":5}},"168":{"start":{"line":722,"column":6},"end":{"line":725,"column":8}},"169":{"start":{"line":728,"column":4},"end":{"line":728,"column":27}},"170":{"start":{"line":732,"column":26},"end":{"line":732,"column":82}},"171":{"start":{"line":733,"column":25},"end":{"line":733,"column":62}},"172":{"start":{"line":734,"column":4},"end":{"line":736,"column":6}},"173":{"start":{"line":735,"column":40},"end":{"line":735,"column":55}},"174":{"start":{"line":740,"column":4},"end":{"line":751,"column":5}},"175":{"start":{"line":742,"column":18},"end":{"line":748,"column":10}},"176":{"start":{"line":750,"column":6},"end":{"line":750,"column":59}},"177":{"start":{"line":755,"column":0},"end":{"line":755,"column":27}}},"fnMap":{"0":{"name":"(anonymous_9)","decl":{"start":{"line":11,"column":2},"end":{"line":11,"column":7}},"loc":{"start":{"line":12,"column":18},"end":{"line":90,"column":3}}},"1":{"name":"(anonymous_10)","decl":{"start":{"line":20,"column":6},"end":{"line":20,"column":11}},"loc":{"start":{"line":20,"column":17},"end":{"line":88,"column":7}}},"2":{"name":"(anonymous_11)","decl":{"start":{"line":92,"column":2},"end":{"line":92,"column":7}},"loc":{"start":{"line":92,"column":25},"end":{"line":106,"column":3}}},"3":{"name":"(anonymous_12)","decl":{"start":{"line":108,"column":2},"end":{"line":108,"column":7}},"loc":{"start":{"line":108,"column":37},"end":{"line":123,"column":3}}},"4":{"name":"(anonymous_13)","decl":{"start":{"line":125,"column":2},"end":{"line":125,"column":7}},"loc":{"start":{"line":125,"column":51},"end":{"line":131,"column":3}}},"5":{"name":"(anonymous_14)","decl":{"start":{"line":133,"column":2},"end":{"line":133,"column":7}},"loc":{"start":{"line":133,"column":25},"end":{"line":136,"column":3}}},"6":{"name":"(anonymous_15)","decl":{"start":{"line":138,"column":2},"end":{"line":138,"column":7}},"loc":{"start":{"line":143,"column":30},"end":{"line":249,"column":3}}},"7":{"name":"(anonymous_16)","decl":{"start":{"line":210,"column":16},"end":{"line":210,"column":21}},"loc":{"start":{"line":210,"column":31},"end":{"line":232,"column":7}}},"8":{"name":"(anonymous_17)","decl":{"start":{"line":251,"column":2},"end":{"line":251,"column":7}},"loc":{"start":{"line":257,"column":21},"end":{"line":408,"column":3}}},"9":{"name":"(anonymous_18)","decl":{"start":{"line":307,"column":55},"end":{"line":307,"column":56}},"loc":{"start":{"line":308,"column":12},"end":{"line":308,"column":52}}},"10":{"name":"(anonymous_19)","decl":{"start":{"line":410,"column":0},"end":{"line":410,"column":5}},"loc":{"start":{"line":414,"column":14},"end":{"line":527,"column":1}}},"11":{"name":"(anonymous_20)","decl":{"start":{"line":445,"column":6},"end":{"line":445,"column":11}},"loc":{"start":{"line":445,"column":17},"end":{"line":478,"column":7}}},"12":{"name":"(anonymous_21)","decl":{"start":{"line":471,"column":24},"end":{"line":471,"column":25}},"loc":{"start":{"line":471,"column":37},"end":{"line":477,"column":10}}},"13":{"name":"(anonymous_22)","decl":{"start":{"line":495,"column":6},"end":{"line":495,"column":11}},"loc":{"start":{"line":495,"column":17},"end":{"line":509,"column":7}}},"14":{"name":"(anonymous_23)","decl":{"start":{"line":497,"column":10},"end":{"line":497,"column":11}},"loc":{"start":{"line":497,"column":17},"end":{"line":497,"column":38}}},"15":{"name":"(anonymous_24)","decl":{"start":{"line":529,"column":2},"end":{"line":529,"column":7}},"loc":{"start":{"line":530,"column":19},"end":{"line":561,"column":3}}},"16":{"name":"(anonymous_25)","decl":{"start":{"line":563,"column":2},"end":{"line":563,"column":7}},"loc":{"start":{"line":565,"column":19},"end":{"line":668,"column":3}}},"17":{"name":"(anonymous_26)","decl":{"start":{"line":670,"column":2},"end":{"line":670,"column":7}},"loc":{"start":{"line":672,"column":19},"end":{"line":729,"column":3}}},"18":{"name":"(anonymous_27)","decl":{"start":{"line":731,"column":2},"end":{"line":731,"column":7}},"loc":{"start":{"line":731,"column":41},"end":{"line":737,"column":3}}},"19":{"name":"(anonymous_28)","decl":{"start":{"line":735,"column":6},"end":{"line":735,"column":7}},"loc":{"start":{"line":735,"column":40},"end":{"line":735,"column":55}}},"20":{"name":"(anonymous_29)","decl":{"start":{"line":739,"column":2},"end":{"line":739,"column":7}},"loc":{"start":{"line":739,"column":20},"end":{"line":752,"column":3}}}},"branchMap":{"0":{"loc":{"start":{"line":78,"column":10},"end":{"line":78,"column":57}},"type":"binary-expr","locations":[{"start":{"line":78,"column":10},"end":{"line":78,"column":49}},{"start":{"line":78,"column":53},"end":{"line":78,"column":57}}]},"1":{"loc":{"start":{"line":122,"column":11},"end":{"line":122,"column":33}},"type":"binary-expr","locations":[{"start":{"line":122,"column":11},"end":{"line":122,"column":25}},{"start":{"line":122,"column":29},"end":{"line":122,"column":33}}]},"2":{"loc":{"start":{"line":130,"column":12},"end":{"line":130,"column":32}},"type":"binary-expr","locations":[{"start":{"line":130,"column":12},"end":{"line":130,"column":27}},{"start":{"line":130,"column":31},"end":{"line":130,"column":32}}]},"3":{"loc":{"start":{"line":135,"column":12},"end":{"line":135,"column":32}},"type":"binary-expr","locations":[{"start":{"line":135,"column":12},"end":{"line":135,"column":27}},{"start":{"line":135,"column":31},"end":{"line":135,"column":32}}]},"4":{"loc":{"start":{"line":152,"column":4},"end":{"line":162,"column":5}},"type":"if","locations":[{"start":{"line":152,"column":4},"end":{"line":162,"column":5}}]},"5":{"loc":{"start":{"line":164,"column":4},"end":{"line":168,"column":5}},"type":"if","locations":[{"start":{"line":164,"column":4},"end":{"line":168,"column":5}}]},"6":{"loc":{"start":{"line":170,"column":4},"end":{"line":174,"column":5}},"type":"if","locations":[{"start":{"line":170,"column":4},"end":{"line":174,"column":5}}]},"7":{"loc":{"start":{"line":176,"column":4},"end":{"line":180,"column":5}},"type":"if","locations":[{"start":{"line":176,"column":4},"end":{"line":180,"column":5}}]},"8":{"loc":{"start":{"line":182,"column":24},"end":{"line":182,"column":84}},"type":"cond-expr","locations":[{"start":{"line":182,"column":44},"end":{"line":182,"column":79}},{"start":{"line":182,"column":82},"end":{"line":182,"column":84}}]},"9":{"loc":{"start":{"line":225,"column":26},"end":{"line":225,"column":43}},"type":"binary-expr","locations":[{"start":{"line":225,"column":26},"end":{"line":225,"column":38}},{"start":{"line":225,"column":42},"end":{"line":225,"column":43}}]},"10":{"loc":{"start":{"line":226,"column":30},"end":{"line":226,"column":51}},"type":"binary-expr","locations":[{"start":{"line":226,"column":30},"end":{"line":226,"column":46}},{"start":{"line":226,"column":50},"end":{"line":226,"column":51}}]},"11":{"loc":{"start":{"line":278,"column":8},"end":{"line":284,"column":9}},"type":"if","locations":[{"start":{"line":278,"column":8},"end":{"line":284,"column":9}}]},"12":{"loc":{"start":{"line":286,"column":8},"end":{"line":288,"column":49}},"type":"cond-expr","locations":[{"start":{"line":287,"column":13},"end":{"line":287,"column":48}},{"start":{"line":288,"column":12},"end":{"line":288,"column":49}}]},"13":{"loc":{"start":{"line":296,"column":8},"end":{"line":296,"column":82}},"type":"if","locations":[{"start":{"line":296,"column":8},"end":{"line":296,"column":82}}]},"14":{"loc":{"start":{"line":296,"column":12},"end":{"line":296,"column":71}},"type":"binary-expr","locations":[{"start":{"line":296,"column":12},"end":{"line":296,"column":17}},{"start":{"line":296,"column":21},"end":{"line":296,"column":38}},{"start":{"line":296,"column":42},"end":{"line":296,"column":71}}]},"15":{"loc":{"start":{"line":299,"column":8},"end":{"line":330,"column":9}},"type":"if","locations":[{"start":{"line":299,"column":8},"end":{"line":330,"column":9}},{"start":{"line":306,"column":13},"end":{"line":330,"column":9}}]},"16":{"loc":{"start":{"line":300,"column":10},"end":{"line":302,"column":11}},"type":"if","locations":[{"start":{"line":300,"column":10},"end":{"line":302,"column":11}}]},"17":{"loc":{"start":{"line":306,"column":13},"end":{"line":330,"column":9}},"type":"if","locations":[{"start":{"line":306,"column":13},"end":{"line":330,"column":9}},{"start":{"line":318,"column":13},"end":{"line":330,"column":9}}]},"18":{"loc":{"start":{"line":311,"column":10},"end":{"line":314,"column":52}},"type":"if","locations":[{"start":{"line":311,"column":10},"end":{"line":314,"column":52}},{"start":{"line":312,"column":15},"end":{"line":314,"column":52}}]},"19":{"loc":{"start":{"line":312,"column":15},"end":{"line":314,"column":52}},"type":"if","locations":[{"start":{"line":312,"column":15},"end":{"line":314,"column":52}},{"start":{"line":313,"column":15},"end":{"line":314,"column":52}}]},"20":{"loc":{"start":{"line":313,"column":15},"end":{"line":314,"column":52}},"type":"if","locations":[{"start":{"line":313,"column":15},"end":{"line":314,"column":52}},{"start":{"line":314,"column":15},"end":{"line":314,"column":52}}]},"21":{"loc":{"start":{"line":314,"column":15},"end":{"line":314,"column":52}},"type":"if","locations":[{"start":{"line":314,"column":15},"end":{"line":314,"column":52}}]},"22":{"loc":{"start":{"line":318,"column":13},"end":{"line":330,"column":9}},"type":"if","locations":[{"start":{"line":318,"column":13},"end":{"line":330,"column":9}}]},"23":{"loc":{"start":{"line":319,"column":34},"end":{"line":319,"column":59}},"type":"binary-expr","locations":[{"start":{"line":319,"column":34},"end":{"line":319,"column":53}},{"start":{"line":319,"column":57},"end":{"line":319,"column":59}}]},"24":{"loc":{"start":{"line":323,"column":37},"end":{"line":323,"column":60}},"type":"binary-expr","locations":[{"start":{"line":323,"column":37},"end":{"line":323,"column":54}},{"start":{"line":323,"column":58},"end":{"line":323,"column":60}}]},"25":{"loc":{"start":{"line":327,"column":10},"end":{"line":329,"column":11}},"type":"if","locations":[{"start":{"line":327,"column":10},"end":{"line":329,"column":11}}]},"26":{"loc":{"start":{"line":327,"column":14},"end":{"line":327,"column":50}},"type":"binary-expr","locations":[{"start":{"line":327,"column":14},"end":{"line":327,"column":22}},{"start":{"line":327,"column":26},"end":{"line":327,"column":50}}]},"27":{"loc":{"start":{"line":328,"column":21},"end":{"line":328,"column":52}},"type":"cond-expr","locations":[{"start":{"line":328,"column":42},"end":{"line":328,"column":45}},{"start":{"line":328,"column":48},"end":{"line":328,"column":52}}]},"28":{"loc":{"start":{"line":352,"column":10},"end":{"line":385,"column":11}},"type":"if","locations":[{"start":{"line":352,"column":10},"end":{"line":385,"column":11}},{"start":{"line":370,"column":15},"end":{"line":385,"column":11}}]},"29":{"loc":{"start":{"line":370,"column":15},"end":{"line":385,"column":11}},"type":"if","locations":[{"start":{"line":370,"column":15},"end":{"line":385,"column":11}}]},"30":{"loc":{"start":{"line":500,"column":8},"end":{"line":500,"column":38}},"type":"if","locations":[{"start":{"line":500,"column":8},"end":{"line":500,"column":38}}]},"31":{"loc":{"start":{"line":547,"column":6},"end":{"line":551,"column":7}},"type":"if","locations":[{"start":{"line":547,"column":6},"end":{"line":551,"column":7}}]},"32":{"loc":{"start":{"line":547,"column":10},"end":{"line":547,"column":41}},"type":"binary-expr","locations":[{"start":{"line":547,"column":10},"end":{"line":547,"column":15}},{"start":{"line":547,"column":19},"end":{"line":547,"column":41}}]},"33":{"loc":{"start":{"line":576,"column":18},"end":{"line":576,"column":52}},"type":"binary-expr","locations":[{"start":{"line":576,"column":18},"end":{"line":576,"column":44}},{"start":{"line":576,"column":48},"end":{"line":576,"column":52}}]},"34":{"loc":{"start":{"line":640,"column":6},"end":{"line":642,"column":7}},"type":"if","locations":[{"start":{"line":640,"column":6},"end":{"line":642,"column":7}}]},"35":{"loc":{"start":{"line":645,"column":19},"end":{"line":645,"column":40}},"type":"binary-expr","locations":[{"start":{"line":645,"column":19},"end":{"line":645,"column":32}},{"start":{"line":645,"column":36},"end":{"line":645,"column":40}}]},"36":{"loc":{"start":{"line":646,"column":24},"end":{"line":646,"column":74}},"type":"binary-expr","locations":[{"start":{"line":646,"column":24},"end":{"line":646,"column":42}},{"start":{"line":646,"column":46},"end":{"line":646,"column":66}},{"start":{"line":646,"column":70},"end":{"line":646,"column":74}}]},"37":{"loc":{"start":{"line":658,"column":16},"end":{"line":658,"column":30}},"type":"binary-expr","locations":[{"start":{"line":658,"column":16},"end":{"line":658,"column":24}},{"start":{"line":658,"column":28},"end":{"line":658,"column":30}}]},"38":{"loc":{"start":{"line":659,"column":25},"end":{"line":659,"column":48}},"type":"binary-expr","locations":[{"start":{"line":659,"column":25},"end":{"line":659,"column":42}},{"start":{"line":659,"column":46},"end":{"line":659,"column":48}}]},"39":{"loc":{"start":{"line":660,"column":22},"end":{"line":660,"column":54}},"type":"binary-expr","locations":[{"start":{"line":660,"column":22},"end":{"line":660,"column":48}},{"start":{"line":660,"column":52},"end":{"line":660,"column":54}}]},"40":{"loc":{"start":{"line":685,"column":4},"end":{"line":690,"column":5}},"type":"if","locations":[{"start":{"line":685,"column":4},"end":{"line":690,"column":5}}]},"41":{"loc":{"start":{"line":705,"column":4},"end":{"line":710,"column":5}},"type":"if","locations":[{"start":{"line":705,"column":4},"end":{"line":710,"column":5}}]},"42":{"loc":{"start":{"line":714,"column":4},"end":{"line":719,"column":5}},"type":"if","locations":[{"start":{"line":714,"column":4},"end":{"line":719,"column":5}}]},"43":{"loc":{"start":{"line":721,"column":4},"end":{"line":726,"column":5}},"type":"if","locations":[{"start":{"line":721,"column":4},"end":{"line":726,"column":5}}]},"44":{"loc":{"start":{"line":721,"column":8},"end":{"line":721,"column":41}},"type":"binary-expr","locations":[{"start":{"line":721,"column":8},"end":{"line":721,"column":16}},{"start":{"line":721,"column":20},"end":{"line":721,"column":41}}]}},"s":{"0":1,"1":1,"2":1,"3":1,"4":1,"5":0,"6":0,"7":0,"8":0,"9":0,"10":0,"11":0,"12":0,"13":0,"14":0,"15":0,"16":0,"17":0,"18":0,"19":0,"20":0,"21":0,"22":0,"23":0,"24":0,"25":0,"26":0,"27":0,"28":0,"29":0,"30":0,"31":0,"32":0,"33":0,"34":0,"35":0,"36":0,"37":0,"38":0,"39":0,"40":0,"41":0,"42":0,"43":0,"44":0,"45":0,"46":0,"47":0,"48":0,"49":0,"50":0,"51":0,"52":0,"53":0,"54":0,"55":0,"56":0,"57":0,"58":0,"59":0,"60":0,"61":0,"62":0,"63":0,"64":0,"65":0,"66":0,"67":0,"68":0,"69":0,"70":0,"71":0,"72":0,"73":0,"74":0,"75":0,"76":0,"77":0,"78":0,"79":0,"80":0,"81":0,"82":0,"83":0,"84":0,"85":0,"86":0,"87":0,"88":0,"89":0,"90":0,"91":0,"92":0,"93":0,"94":0,"95":0,"96":0,"97":0,"98":0,"99":0,"100":0,"101":0,"102":0,"103":0,"104":0,"105":0,"106":0,"107":0,"108":0,"109":0,"110":0,"111":0,"112":0,"113":0,"114":0,"115":0,"116":0,"117":0,"118":0,"119":0,"120":0,"121":0,"122":0,"123":0,"124":0,"125":0,"126":0,"127":0,"128":0,"129":0,"130":0,"131":0,"132":0,"133":0,"134":0,"135":0,"136":0,"137":0,"138":0,"139":0,"140":0,"141":0,"142":0,"143":0,"144":0,"145":0,"146":0,"147":0,"148":0,"149":0,"150":0,"151":0,"152":0,"153":0,"154":0,"155":0,"156":0,"157":0,"158":0,"159":0,"160":0,"161":0,"162":0,"163":0,"164":0,"165":0,"166":0,"167":0,"168":0,"169":0,"170":0,"171":0,"172":0,"173":0,"174":0,"175":0,"176":0,"177":1},"f":{"0":0,"1":0,"2":0,"3":0,"4":0,"5":0,"6":0,"7":0,"8":0,"9":0,"10":0,"11":0,"12":0,"13":0,"14":0,"15":0,"16":0,"17":0,"18":0,"19":0,"20":0},"b":{"0":[0,0],"1":[0,0],"2":[0,0],"3":[0,0],"4":[0],"5":[0],"6":[0],"7":[0],"8":[0,0],"9":[0,0],"10":[0,0],"11":[0],"12":[0,0],"13":[0],"14":[0,0,0],"15":[0,0],"16":[0],"17":[0,0],"18":[0,0],"19":[0,0],"20":[0,0],"21":[0],"22":[0],"23":[0,0],"24":[0,0],"25":[0],"26":[0,0],"27":[0,0],"28":[0,0],"29":[0],"30":[0],"31":[
[...]
{"start":{"line":108,"column":16},"end":{"line":108,"column":59}},"35":{"start":{"line":111,"column":12},"end":{"line":113,"column":13}},"36":{"start":{"line":112,"column":16},"end":{"line":112,"column":97}},"37":{"start":{"line":115,"column":29},"end":{"line":115,"column":59}},"38":{"start":{"line":118,"column":30},"end":{"line":124,"column":14}},"39":{"start":{"line":126,"column":27},"end":{"line":126,"column":69}},"40":{"start":{"line":128,"column":12},"end":{"line":128,"column":41}},"41":{"start":{"line":130,"column":12},"end":{"line":130,"column":45}},"42":{"start":{"line":132,"column":12},"end":{"line":132,"column":43}},"43":{"start":{"line":133,"column":12},"end":{"line":133,"column":52}},"44":{"start":{"line":134,"column":12},"end":{"line":134,"column":35}},"45":{"start":{"line":136,"column":12},"end":{"line":136,"column":29}},"46":{"start":{"line":141,"column":8},"end":{"line":153,"column":9}},"47":{"start":{"line":143,"column":24},"end":{"line":149,"column":14}},"48":{"start":{"line":152,"column":12},"end":{"line":152,"column":65}},"49":{"start":{"line":158,"column":0},"end":{"line":158,"column":36}}},"fnMap":{"0":{"name":"(anonymous_9)","decl":{"start":{"line":5,"column":4},"end":{"line":5,"column":9}},"loc":{"start":{"line":5,"column":16},"end":{"line":30,"column":5}}},"1":{"name":"(anonymous_10)","decl":{"start":{"line":32,"column":4},"end":{"line":32,"column":9}},"loc":{"start":{"line":32,"column":28},"end":{"line":36,"column":5}}},"2":{"name":"(anonymous_11)","decl":{"start":{"line":38,"column":4},"end":{"line":38,"column":9}},"loc":{"start":{"line":38,"column":92},"end":{"line":56,"column":5}}},"3":{"name":"(anonymous_12)","decl":{"start":{"line":58,"column":4},"end":{"line":58,"column":9}},"loc":{"start":{"line":58,"column":84},"end":{"line":86,"column":5}}},"4":{"name":"(anonymous_13)","decl":{"start":{"line":88,"column":4},"end":{"line":88,"column":9}},"loc":{"start":{"line":88,"column":27},"end":{"line":92,"column":5}}},"5":{"name":"(anonymous_14)","decl":{"start":{"line":94,"column":4},"end":{"line":94,"column":9}},"loc":{"start":{"line":95,"column":27},"end":{"line":138,"column":5}}},"6":{"name":"(anonymous_15)","decl":{"start":{"line":140,"column":4},"end":{"line":140,"column":9}},"loc":{"start":{"line":140,"column":22},"end":{"line":154,"column":5}}}},"branchMap":{"0":{"loc":{"start":{"line":35,"column":15},"end":{"line":35,"column":37}},"type":"binary-expr","locations":[{"start":{"line":35,"column":15},"end":{"line":35,"column":29}},{"start":{"line":35,"column":33},"end":{"line":35,"column":37}}]},"1":{"loc":{"start":{"line":47,"column":12},"end":{"line":47,"column":36}},"type":"binary-expr","locations":[{"start":{"line":47,"column":12},"end":{"line":47,"column":28}},{"start":{"line":47,"column":32},"end":{"line":47,"column":36}}]},"2":{"loc":{"start":{"line":48,"column":12},"end":{"line":48,"column":35}},"type":"binary-expr","locations":[{"start":{"line":48,"column":12},"end":{"line":48,"column":27}},{"start":{"line":48,"column":31},"end":{"line":48,"column":35}}]},"3":{"loc":{"start":{"line":49,"column":12},"end":{"line":49,"column":33}},"type":"binary-expr","locations":[{"start":{"line":49,"column":12},"end":{"line":49,"column":25}},{"start":{"line":49,"column":29},"end":{"line":49,"column":33}}]},"4":{"loc":{"start":{"line":50,"column":12},"end":{"line":50,"column":36}},"type":"binary-expr","locations":[{"start":{"line":50,"column":12},"end":{"line":50,"column":23}},{"start":{"line":50,"column":27},"end":{"line":50,"column":36}}]},"5":{"loc":{"start":{"line":51,"column":12},"end":{"line":51,"column":40}},"type":"binary-expr","locations":[{"start":{"line":51,"column":12},"end":{"line":51,"column":32}},{"start":{"line":51,"column":36},"end":{"line":51,"column":40}}]},"6":{"loc":{"start":{"line":52,"column":12},"end":{"line":52,"column":35}},"type":"binary-expr","locations":[{"start":{"line":52,"column":12},"end":{"line":52,"column":27}},{"start":{"line":52,"column":31},"end":{"line":52,"column":35}}]},"7":{"loc":{"start":{"line":75,"column":12},"end":{"line":75,"column":30}},"type":"binary-expr","locations":[{"start":{"line":75,"column":12},"end":{"line":75,"column":22}},{"start":{"line":75,"column":26},"end":{"line":75,"column":30}}]},"8":{"loc":{"start":{"line":76,"column":12},"end":{"line":76,"column":36}},"type":"binary-expr","locations":[{"start":{"line":76,"column":12},"end":{"line":76,"column":28}},{"start":{"line":76,"column":32},"end":{"line":76,"column":36}}]},"9":{"loc":{"start":{"line":77,"column":12},"end":{"line":77,"column":35}},"type":"binary-expr","locations":[{"start":{"line":77,"column":12},"end":{"line":77,"column":27}},{"start":{"line":77,"column":31},"end":{"line":77,"column":35}}]},"10":{"loc":{"start":{"line":78,"column":12},"end":{"line":78,"column":33}},"type":"binary-expr","locations":[{"start":{"line":78,"column":12},"end":{"line":78,"column":25}},{"start":{"line":78,"column":29},"end":{"line":78,"column":33}}]},"11":{"loc":{"start":{"line":79,"column":12},"end":{"line":79,"column":31}},"type":"binary-expr","locations":[{"start":{"line":79,"column":12},"end":{"line":79,"column":23}},{"start":{"line":79,"column":27},"end":{"line":79,"column":31}}]},"12":{"loc":{"start":{"line":80,"column":12},"end":{"line":80,"column":40}},"type":"binary-expr","locations":[{"start":{"line":80,"column":12},"end":{"line":80,"column":32}},{"start":{"line":80,"column":36},"end":{"line":80,"column":40}}]},"13":{"loc":{"start":{"line":81,"column":12},"end":{"line":81,"column":35}},"type":"binary-expr","locations":[{"start":{"line":81,"column":12},"end":{"line":81,"column":27}},{"start":{"line":81,"column":31},"end":{"line":81,"column":35}}]},"14":{"loc":{"start":{"line":85,"column":15},"end":{"line":85,"column":37}},"type":"binary-expr","locations":[{"start":{"line":85,"column":15},"end":{"line":85,"column":29}},{"start":{"line":85,"column":33},"end":{"line":85,"column":37}}]},"15":{"loc":{"start":{"line":91,"column":16},"end":{"line":91,"column":36}},"type":"binary-expr","locations":[{"start":{"line":91,"column":16},"end":{"line":91,"column":31}},{"start":{"line":91,"column":35},"end":{"line":91,"column":36}}]},"16":{"loc":{"start":{"line":106,"column":12},"end":{"line":109,"column":13}},"type":"if","locations":[{"start":{"line":106,"column":12},"end":{"line":109,"column":13}}]},"17":{"loc":{"start":{"line":111,"column":12},"end":{"line":113,"column":13}},"type":"if","locations":[{"start":{"line":111,"column":12},"end":{"line":113,"column":13}}]}},"s":{"0":1,"1":1,"2":1,"3":1,"4":1,"5":1,"6":1,"7":1,"8":1,"9":0,"10":0,"11":0,"12":1,"13":0,"14":0,"15":0,"16":0,"17":0,"18":0,"19":0,"20":2,"21":2,"22":2,"23":2,"24":0,"25":0,"26":0,"27":1,"28":1,"29":1,"30":1,"31":1,"32":1,"33":1,"34":1,"35":1,"36":0,"37":1,"38":1,"39":1,"40":1,"41":1,"42":0,"43":0,"44":0,"45":1,"46":1,"47":1,"48":0,"49":1},"f":{"0":1,"1":0,"2":0,"3":2,"4":0,"5":1,"6":1},"b":{"0":[0,0],"1":[0,0],"2":[0,0],"3":[0,0],"4":[0,0],"5":[0,0],"6":[0,0],"7":[2,2],"8":[2,2],"9":[2,2],"10":[2,2],"11":[2,1],"12":[2,2],"13":[2,2],"14":[2,0],"15":[0,0],"16":[1],"17":[0]}}
,"E:\\Desktop\\unit test\\datn-dev\\datn-dev\\src\\services\\subject.service.ts": {"path":"E:\\Desktop\\unit test\\datn-dev\\datn-dev\\src\\services\\subject.service.ts","statementMap":{"0":{"start":{"line":1,"column":0},"end":{"line":1,"column":49}},"1":{"start":{"line":4,"column":23},"end":{"line":31,"column":null}},"2":{"start":{"line":6,"column":26},"end":{"line":6,"column":111}},"3":{"start":{"line":7,"column":23},"end":{"line":7,"column":62}},"4":{"start":{"line":9,"column":8},"end":{"line":9,"column":27}},"5":{"start":{"line":13,"column":23},"end":{"line":13,"column":160}},"6":{"start":{"line":14,"column":8},"end":{"line":14,"column":30}},"7":{"start":{"line":18,"column":23},"end":{"line":18,"column":136}},"8":{"start":{"line":19,"column":8},"end":{"line":19,"column":30}},"9":{"start":{"line":23,"column":23},"end":{"line":23,"column":110}},"10":{"start":{"line":24,"column":8},"end":{"line":24,"column":42}},"11":{"start":{"line":28,"column":8},"end":{"line":28,"column":69}},"12":{"start":{"line":29,"column":8},"end":{"line":29,"column":71}},"13":{"start":{"line":33,"column":0},"end":{"line":33,"column":30}}},"fnMap":{"0":{"name":"(anonymous_0)","decl":{"start":{"line":5,"column":4},"end":{"line":5,"column":9}},"loc":{"start":{"line":5,"column":56},"end":{"line":10,"column":5}}},"1":{"name":"(anonymous_1)","decl":{"start":{"line":12,"column":4},"end":{"line":12,"column":9}},"loc":{"start":{"line":12,"column":33},"end":{"line":15,"column":5}}},"2":{"name":"(anonymous_2)","decl":{"start":{"line":17,"column":4},"end":{"line":17,"column":9}},"loc":{"start":{"line":17,"column":45},"end":{"line":20,"column":5}}},"3":{"name":"(anonymous_3)","decl":{"start":{"line":22,"column":4},"end":{"line":22,"column":9}},"loc":{"start":{"line":22,"column":53},"end":{"line":25,"column":5}}},"4":{"name":"(anonymous_4)","decl":{"start":{"line":27,"column":4},"end":{"line":27,"column":9}},"loc":{"start":{"line":27,"column":27},"end":{"line":30,"column":5}}}},"branchMap":{"0":{"loc":{"start":{"line":5,"column":17},"end":{"line":5,"column":36}},"type":"default-arg","locations":[{"start":{"line":5,"column":33},"end":{"line":5,"column":36}}]},"1":{"loc":{"start":{"line":5,"column":38},"end":{"line":5,"column":56}},"type":"default-arg","locations":[{"start":{"line":5,"column":55},"end":{"line":5,"column":56}}]},"2":{"loc":{"start":{"line":24,"column":16},"end":{"line":24,"column":36}},"type":"binary-expr","locations":[{"start":{"line":24,"column":16},"end":{"line":24,"column":31}},{"start":{"line":24,"column":35},"end":{"line":24,"column":36}}]}},"s":{"0":1,"1":1,"2":0,"3":0,"4":0,"5":0,"6":0,"7":0,"8":0,"9":0,"10":0,"11":0,"12":0,"13":1},"f":{"0":0,"1":0,"2":0,"3":0,"4":0},"b":{"0":[0],"1":[0],"2":[0,0]}}
,"E:\\Desktop\\unit test\\datn-dev\\datn-dev\\src\\services\\topic.service.ts": {"path":"E:\\Desktop\\unit test\\datn-dev\\datn-dev\\src\\services\\topic.service.ts","statementMap":{"0":{"start":{"line":2,"column":0},"end":{"line":2,"column":40}},"1":{"start":{"line":4,"column":21},"end":{"line":38,"column":null}},"2":{"start":{"line":7,"column":23},"end":{"line":7,"column":75}},"3":{"start":{"line":8,"column":8},"end":{"line":8,"column":38}},"4":{"start":{"line":12,"column":23},"end":{"line":15,"column":null}},"5":{"start":{"line":17,"column":8},"end":{"line":17,"column":39}},"6":{"start":{"line":21,"column":23},"end":{"line":28,"column":null}},"7":{"start":{"line":30,"column":8},"end":{"line":30,"column":64}},"8":{"start":{"line":30,"column":29},"end":{"line":30,"column":64}},"9":{"start":{"line":31,"column":8},"end":{"line":31,"column":39}},"10":{"start":{"line":35,"column":23},"end":{"line":35,"column":81}},"11":{"start":{"line":36,"column":8},"end":{"line":36,"column":70}},"12":{"start":{"line":36,"column":35},"end":{"line":36,"column":70}},"13":{"start":{"line":40,"column":0},"end":{"line":40,"column":null}}},"fnMap":{"0":{"name":"(anonymous_0)","decl":{"start":{"line":6,"column":4},"end":{"line":6,"column":9}},"loc":{"start":{"line":6,"column":16},"end":{"line":9,"column":5}}},"1":{"name":"(anonymous_1)","decl":{"start":{"line":11,"column":4},"end":{"line":11,"column":9}},"loc":{"start":{"line":11,"column":29},"end":{"line":18,"column":5}}},"2":{"name":"(anonymous_2)","decl":{"start":{"line":20,"column":4},"end":{"line":20,"column":9}},"loc":{"start":{"line":20,"column":68},"end":{"line":32,"column":5}}},"3":{"name":"(anonymous_3)","decl":{"start":{"line":34,"column":4},"end":{"line":34,"column":9}},"loc":{"start":{"line":34,"column":27},"end":{"line":37,"column":5}}}},"branchMap":{"0":{"loc":{"start":{"line":15,"column":26},"end":{"line":15,"column":51}},"type":"binary-expr","locations":[{"start":{"line":15,"column":26},"end":{"line":15,"column":43}},{"start":{"line":15,"column":47},"end":{"line":15,"column":51}}]},"1":{"loc":{"start":{"line":15,"column":53},"end":{"line":15,"column":77}},"type":"binary-expr","locations":[{"start":{"line":15,"column":53},"end":{"line":15,"column":69}},{"start":{"line":15,"column":73},"end":{"line":15,"column":77}}]},"2":{"loc":{"start":{"line":30,"column":8},"end":{"line":30,"column":64}},"type":"if","locations":[{"start":{"line":30,"column":8},"end":{"line":30,"column":64}}]},"3":{"loc":{"start":{"line":36,"column":8},"end":{"line":36,"column":70}},"type":"if","locations":[{"start":{"line":36,"column":8},"end":{"line":36,"column":70}}]}},"s":{"0":1,"1":1,"2":0,"3":0,"4":0,"5":0,"6":0,"7":0,"8":0,"9":0,"10":0,"11":0,"12":0,"13":1},"f":{"0":0,"1":0,"2":0,"3":0},"b":{"0":[0,0],"1":[0,0],"2":[0],"3":[0]}}
,"E:\\Desktop\\unit test\\datn-dev\\datn-dev\\src\\services\\user.goal.service.ts": {"path":"E:\\Desktop\\unit test\\datn-dev\\datn-dev\\src\\services\\user.goal.service.ts","statementMap":{"0":{"start":{"line":1,"column":0},"end":{"line":1,"column":42}},"1":{"start":{"line":4,"column":13},"end":{"line":69,"column":2}},"2":{"start":{"line":6,"column":23},"end":{"line":29,"column":null}},"3":{"start":{"line":31,"column":8},"end":{"line":31,"column":27}},"4":{"start":{"line":36,"column":23},"end":{"line":40,"column":null}},"5":{"start":{"line":43,"column":8},"end":{"line":43,"column":30}},"6":{"start":{"line":47,"column":8},"end":{"line":50,"column":10}},"7":{"start":{"line":51,"column":8},"end":{"line":51,"column":20}},"8":{"start":{"line":55,"column":8},"end":{"line":67,"column":9}},"9":{"start":{"line":57,"column":24},"end":{"line":63,"column":14}},"10":{"start":{"line":66,"column":12},"end":{"line":66,"column":65}}},"fnMap":{"0":{"name":"(anonymous_0)","decl":{"start":{"line":5,"column":4},"end":{"line":5,"column":9}},"loc":{"start":{"line":5,"column":31},"end":{"line":32,"column":5}}},"1":{"name":"(anonymous_1)","decl":{"start":{"line":34,"column":4},"end":{"line":34,"column":9}},"loc":{"start":{"line":34,"column":31},"end":{"line":44,"column":5}}},"2":{"name":"(anonymous_2)","decl":{"start":{"line":46,"column":4},"end":{"line":46,"column":9}},"loc":{"start":{"line":46,"column":43},"end":{"line":52,"column":5}}},"3":{"name":"(anonymous_3)","decl":{"start":{"line":54,"column":4},"end":{"line":54,"column":9}},"loc":{"start":{"line":54,"column":22},"end":{"line":68,"column":5}}}},"branchMap":{},"s":{"0":1,"1":1,"2":1,"3":1,"4":2,"5":2,"6":1,"7":1,"8":1,"9":1,"10":0},"f":{"0":1,"1":2,"2":1,"3":1},"b":{}}
,"E:\\Desktop\\unit test\\datn-dev\\datn-dev\\src\\services\\user.service.ts": {"path":"E:\\Desktop\\unit test\\datn-dev\\datn-dev\\src\\services\\user.service.ts","statementMap":{"0":{"start":{"line":1,"column":0},"end":{"line":1,"column":43}},"1":{"start":{"line":4,"column":20},"end":{"line":126,"column":2}},"2":{"start":{"line":12,"column":22},"end":{"line":12,"column":24}},"3":{"start":{"line":13,"column":23},"end":{"line":13,"column":41}},"4":{"start":{"line":15,"column":30},"end":{"line":15,"column":32}},"5":{"start":{"line":16,"column":25},"end":{"line":16,"column":26}},"6":{"start":{"line":18,"column":26},"end":{"line":18,"column":37}},"7":{"start":{"line":21,"column":8},"end":{"line":25,"column":9}},"8":{"start":{"line":22,"column":12},"end":{"line":22,"column":63}},"9":{"start":{"line":23,"column":12},"end":{"line":23,"column":43}},"10":{"start":{"line":24,"column":12},"end":{"line":24,"column":25}},"11":{"start":{"line":28,"column":8},"end":{"line":32,"column":9}},"12":{"start":{"line":29,"column":12},"end":{"line":29,"column":61}},"13":{"start":{"line":30,"column":12},"end":{"line":30,"column":30}},"14":{"start":{"line":31,"column":12},"end":{"line":31,"column":25}},"15":{"start":{"line":35,"column":8},"end":{"line":47,"column":9}},"16":{"start":{"line":36,"column":12},"end":{"line":44,"column":12}},"17":{"start":{"line":45,"column":12},"end":{"line":45,"column":37}},"18":{"start":{"line":46,"column":12},"end":{"line":46,"column":25}},"19":{"start":{"line":50,"column":26},"end":{"line":64,"column":10}},"20":{"start":{"line":66,"column":8},"end":{"line":66,"column":35}},"21":{"start":{"line":68,"column":23},"end":{"line":68,"column":53}},"22":{"start":{"line":71,"column":27},"end":{"line":76,"column":10}},"23":{"start":{"line":78,"column":28},"end":{"line":80,"column":null}},"24":{"start":{"line":83,"column":27},"end":{"line":83,"column":60}},"25":{"start":{"line":84,"column":27},"end":{"line":84,"column":56}},"26":{"start":{"line":86,"column":8},"end":{"line":89,"column":10}},"27":{"start":{"line":94,"column":23},"end":{"line":98,"column":19}},"28":{"start":{"line":99,"column":8},"end":{"line":99,"column":63}},"29":{"start":{"line":99,"column":29},"end":{"line":99,"column":63}},"30":{"start":{"line":100,"column":8},"end":{"line":100,"column":38}},"31":{"start":{"line":105,"column":23},"end":{"line":115,"column":null}},"32":{"start":{"line":117,"column":8},"end":{"line":117,"column":63}},"33":{"start":{"line":117,"column":29},"end":{"line":117,"column":63}},"34":{"start":{"line":118,"column":8},"end":{"line":118,"column":38}},"35":{"start":{"line":123,"column":23},"end":{"line":123,"column":81}},"36":{"start":{"line":124,"column":8},"end":{"line":124,"column":69}},"37":{"start":{"line":124,"column":35},"end":{"line":124,"column":69}},"38":{"start":{"line":128,"column":0},"end":{"line":128,"column":27}}},"fnMap":{"0":{"name":"(anonymous_0)","decl":{"start":{"line":6,"column":4},"end":{"line":6,"column":9}},"loc":{"start":{"line":10,"column":27},"end":{"line":90,"column":5}}},"1":{"name":"(anonymous_1)","decl":{"start":{"line":93,"column":4},"end":{"line":93,"column":9}},"loc":{"start":{"line":93,"column":28},"end":{"line":101,"column":5}}},"2":{"name":"(anonymous_2)","decl":{"start":{"line":104,"column":4},"end":{"line":104,"column":9}},"loc":{"start":{"line":104,"column":80},"end":{"line":119,"column":5}}},"3":{"name":"(anonymous_3)","decl":{"start":{"line":122,"column":4},"end":{"line":122,"column":9}},"loc":{"start":{"line":122,"column":27},"end":{"line":125,"column":5}}}},"branchMap":{"0":{"loc":{"start":{"line":21,"column":8},"end":{"line":25,"column":9}},"type":"if","locations":[{"start":{"line":21,"column":8},"end":{"line":25,"column":9}}]},"1":{"loc":{"start":{"line":21,"column":12},"end":{"line":21,"column":38}},"type":"binary-expr","locations":[{"start":{"line":21,"column":12},"end":{"line":21,"column":18}},{"start":{"line":21,"column":22},"end":{"line":21,"column":38}}]},"2":{"loc":{"start":{"line":28,"column":8},"end":{"line":32,"column":9}},"type":"if","locations":[{"start":{"line":28,"column":8},"end":{"line":32,"column":9}}]},"3":{"loc":{"start":{"line":28,"column":12},"end":{"line":28,"column":34}},"type":"binary-expr","locations":[{"start":{"line":28,"column":12},"end":{"line":28,"column":16}},{"start":{"line":28,"column":20},"end":{"line":28,"column":34}}]},"4":{"loc":{"start":{"line":35,"column":8},"end":{"line":47,"column":9}},"type":"if","locations":[{"start":{"line":35,"column":8},"end":{"line":47,"column":9}}]},"5":{"loc":{"start":{"line":35,"column":12},"end":{"line":35,"column":52}},"type":"binary-expr","locations":[{"start":{"line":35,"column":12},"end":{"line":35,"column":23}},{"start":{"line":35,"column":27},"end":{"line":35,"column":52}}]},"6":{"loc":{"start":{"line":99,"column":8},"end":{"line":99,"column":63}},"type":"if","locations":[{"start":{"line":99,"column":8},"end":{"line":99,"column":63}}]},"7":{"loc":{"start":{"line":117,"column":8},"end":{"line":117,"column":63}},"type":"if","locations":[{"start":{"line":117,"column":8},"end":{"line":117,"column":63}}]},"8":{"loc":{"start":{"line":124,"column":8},"end":{"line":124,"column":69}},"type":"if","locations":[{"start":{"line":124,"column":8},"end":{"line":124,"column":69}}]}},"s":{"0":1,"1":1,"2":6,"3":6,"4":6,"5":6,"6":6,"7":6,"8":1,"9":1,"10":1,"11":6,"12":1,"13":1,"14":1,"15":6,"16":1,"17":1,"18":1,"19":6,"20":6,"21":6,"22":6,"23":6,"24":6,"25":6,"26":6,"27":2,"28":2,"29":1,"30":1,"31":7,"32":7,"33":0,"34":6,"35":3,"36":3,"37":1,"38":1},"f":{"0":6,"1":2,"2":7,"3":3},"b":{"0":[1],"1":[6,6],"2":[1],"3":[6,6],"4":[1],"5":[6,1],"6":[1],"7":[0],"8":[1]}}
}
