{"total": {"lines":{"total":930,"covered":286,"skipped":0,"pct":30.75},"statements":{"total":962,"covered":293,"skipped":0,"pct":30.45},"functions":{"total":138,"covered":43,"skipped":0,"pct":31.15},"branches":{"total":326,"covered":55,"skipped":0,"pct":16.87},"branchesTrue":{"total":0,"covered":0,"skipped":0,"pct":"Unknown"}}
,"E:\\Desktop\\unit test\\datn-dev\\datn-dev\\src\\services\\auth.service.ts": {"lines":{"total":33,"covered":32,"skipped":0,"pct":96.96},"functions":{"total":3,"covered":3,"skipped":0,"pct":100},"statements":{"total":33,"covered":32,"skipped":0,"pct":96.96},"branches":{"total":7,"covered":6,"skipped":0,"pct":85.71}}
,"E:\\Desktop\\unit test\\datn-dev\\datn-dev\\src\\services\\bank.question.service.ts": {"lines":{"total":23,"covered":21,"skipped":0,"pct":91.3},"functions":{"total":5,"covered":5,"skipped":0,"pct":100},"statements":{"total":24,"covered":22,"skipped":0,"pct":91.66},"branches":{"total":5,"covered":4,"skipped":0,"pct":80}}
,"E:\\Desktop\\unit test\\datn-dev\\datn-dev\\src\\services\\bank.service.ts": {"lines":{"total":135,"covered":4,"skipped":0,"pct":2.96},"functions":{"total":13,"covered":0,"skipped":0,"pct":0},"statements":{"total":139,"covered":4,"skipped":0,"pct":2.87},"branches":{"total":58,"covered":0,"skipped":0,"pct":0}}
,"E:\\Desktop\\unit test\\datn-dev\\datn-dev\\src\\services\\current.process.service.ts": {"lines":{"total":10,"covered":2,"skipped":0,"pct":20},"functions":{"total":4,"covered":0,"skipped":0,"pct":0},"statements":{"total":10,"covered":2,"skipped":0,"pct":20},"branches":{"total":2,"covered":0,"skipped":0,"pct":0}}
,"E:\\Desktop\\unit test\\datn-dev\\datn-dev\\src\\services\\dashboard.service.ts": {"lines":{"total":59,"covered":3,"skipped":0,"pct":5.08},"functions":{"total":18,"covered":0,"skipped":0,"pct":0},"statements":{"total":63,"covered":3,"skipped":0,"pct":4.76},"branches":{"total":12,"covered":0,"skipped":0,"pct":0}}
,"E:\\Desktop\\unit test\\datn-dev\\datn-dev\\src\\services\\document.service.ts": {"lines":{"total":56,"covered":46,"skipped":0,"pct":82.14},"functions":{"total":5,"covered":4,"skipped":0,"pct":80},"statements":{"total":56,"covered":46,"skipped":0,"pct":82.14},"branches":{"total":14,"covered":4,"skipped":0,"pct":28.57}}
,"E:\\Desktop\\unit test\\datn-dev\\datn-dev\\src\\services\\exam.question.service.ts": {"lines":{"total":26,"covered":23,"skipped":0,"pct":88.46},"functions":{"total":5,"covered":5,"skipped":0,"pct":100},"statements":{"total":27,"covered":24,"skipped":0,"pct":88.88},"branches":{"total":3,"covered":1,"skipped":0,"pct":33.33}}
,"E:\\Desktop\\unit test\\datn-dev\\datn-dev\\src\\services\\exam.service.ts": {"lines":{"total":170,"covered":6,"skipped":0,"pct":3.52},"functions":{"total":21,"covered":0,"skipped":0,"pct":0},"statements":{"total":178,"covered":6,"skipped":0,"pct":3.37},"branches":{"total":74,"covered":0,"skipped":0,"pct":0}}
,"E:\\Desktop\\unit test\\datn-dev\\datn-dev\\src\\services\\file.service.ts": {"lines":{"total":27,"covered":24,"skipped":0,"pct":88.88},"functions":{"total":8,"covered":8,"skipped":0,"pct":100},"statements":{"total":32,"covered":27,"skipped":0,"pct":84.37},"branches":{"total":10,"covered":5,"skipped":0,"pct":50}}
,"E:\\Desktop\\unit test\\datn-dev\\datn-dev\\src\\services\\flashcard.deck.service.ts": {"lines":{"total":48,"covered":0,"skipped":0,"pct":0},"functions":{"total":5,"covered":0,"skipped":0,"pct":0},"statements":{"total":49,"covered":0,"skipped":0,"pct":0},"branches":{"total":9,"covered":0,"skipped":0,"pct":0}}
,"E:\\Desktop\\unit test\\datn-dev\\datn-dev\\src\\services\\flashcard.service.ts": {"lines":{"total":34,"covered":3,"skipped":0,"pct":8.82},"functions":{"total":6,"covered":0,"skipped":0,"pct":0},"statements":{"total":36,"covered":3,"skipped":0,"pct":8.33},"branches":{"total":12,"covered":0,"skipped":0,"pct":0}}
,"E:\\Desktop\\unit test\\datn-dev\\datn-dev\\src\\services\\question.service.ts": {"lines":{"total":107,"covered":4,"skipped":0,"pct":3.73},"functions":{"total":6,"covered":0,"skipped":0,"pct":0},"statements":{"total":107,"covered":4,"skipped":0,"pct":3.73},"branches":{"total":34,"covered":0,"skipped":0,"pct":0}}
,"E:\\Desktop\\unit test\\datn-dev\\datn-dev\\src\\services\\roadmap.service.ts": {"lines":{"total":20,"covered":3,"skipped":0,"pct":15},"functions":{"total":5,"covered":0,"skipped":0,"pct":0},"statements":{"total":20,"covered":3,"skipped":0,"pct":15},"branches":{"total":12,"covered":0,"skipped":0,"pct":0}}
,"E:\\Desktop\\unit test\\datn-dev\\datn-dev\\src\\services\\role.service.ts": {"lines":{"total":21,"covered":9,"skipped":0,"pct":42.85},"functions":{"total":5,"covered":3,"skipped":0,"pct":60},"statements":{"total":21,"covered":9,"skipped":0,"pct":42.85},"branches":{"total":4,"covered":1,"skipped":0,"pct":25}}
,"E:\\Desktop\\unit test\\datn-dev\\datn-dev\\src\\services\\schedule.exam.service.ts": {"lines":{"total":38,"covered":22,"skipped":0,"pct":57.89},"functions":{"total":5,"covered":3,"skipped":0,"pct":60},"statements":{"total":39,"covered":22,"skipped":0,"pct":56.41},"branches":{"total":14,"covered":7,"skipped":0,"pct":50}}
,"E:\\Desktop\\unit test\\datn-dev\\datn-dev\\src\\services\\schedule.study.service.ts": {"lines":{"total":50,"covered":32,"skipped":0,"pct":64},"functions":{"total":7,"covered":4,"skipped":0,"pct":57.14},"statements":{"total":50,"covered":32,"skipped":0,"pct":64},"branches":{"total":34,"covered":16,"skipped":0,"pct":47.05}}
,"E:\\Desktop\\unit test\\datn-dev\\datn-dev\\src\\services\\subject.service.ts": {"lines":{"total":14,"covered":3,"skipped":0,"pct":21.42},"functions":{"total":5,"covered":0,"skipped":0,"pct":0},"statements":{"total":14,"covered":3,"skipped":0,"pct":21.42},"branches":{"total":4,"covered":0,"skipped":0,"pct":0}}
,"E:\\Desktop\\unit test\\datn-dev\\datn-dev\\src\\services\\topic.service.ts": {"lines":{"total":12,"covered":3,"skipped":0,"pct":25},"functions":{"total":4,"covered":0,"skipped":0,"pct":0},"statements":{"total":14,"covered":3,"skipped":0,"pct":21.42},"branches":{"total":6,"covered":0,"skipped":0,"pct":0}}
,"E:\\Desktop\\unit test\\datn-dev\\datn-dev\\src\\services\\user.goal.service.ts": {"lines":{"total":11,"covered":10,"skipped":0,"pct":90.9},"functions":{"total":4,"covered":4,"skipped":0,"pct":100},"statements":{"total":11,"covered":10,"skipped":0,"pct":90.9},"branches":{"total":0,"covered":0,"skipped":0,"pct":100}}
,"E:\\Desktop\\unit test\\datn-dev\\datn-dev\\src\\services\\user.service.ts": {"lines":{"total":36,"covered":36,"skipped":0,"pct":100},"functions":{"total":4,"covered":4,"skipped":0,"pct":100},"statements":{"total":39,"covered":38,"skipped":0,"pct":97.43},"branches":{"total":12,"covered":11,"skipped":0,"pct":91.66}}
}
