TN:
SF:src\services\auth.service.ts
FN:14,(anonymous_1)
FN:28,(anonymous_2)
FN:61,(anonymous_3)
FNF:3
FNH:3
FNDA:1,(anonymous_1)
FNDA:8,(anonymous_2)
FNDA:6,(anonymous_3)
DA:2,1
DA:4,1
DA:5,1
DA:7,1
DA:12,1
DA:14,1
DA:17,1
DA:18,0
DA:24,1
DA:27,1
DA:35,8
DA:38,8
DA:39,1
DA:43,7
DA:46,7
DA:52,7
DA:53,7
DA:56,6
DA:58,6
DA:69,6
DA:74,6
DA:75,3
DA:78,3
DA:80,3
DA:81,1
DA:84,2
DA:88,2
DA:89,1
DA:92,1
DA:97,1
DA:99,1
DA:101,1
DA:109,1
LF:33
LH:32
BRDA:17,0,0,0
BRDA:24,1,0,1
BRDA:24,1,1,1
BRDA:38,2,0,1
BRDA:74,3,0,3
BRDA:80,4,0,1
BRDA:88,5,0,1
BRF:7
BRH:6
end_of_record
TN:
SF:src\services\bank.question.service.ts
FN:6,(anonymous_9)
FN:21,(anonymous_10)
FN:28,(anonymous_11)
FN:36,(anonymous_12)
FN:67,(anonymous_13)
FNF:5
FNH:5
FNDA:2,(anonymous_9)
FNDA:1,(anonymous_10)
FNDA:1,(anonymous_11)
FNDA:1,(anonymous_12)
FNDA:1,(anonymous_13)
DA:1,1
DA:5,1
DA:9,2
DA:10,1
DA:13,1
DA:15,1
DA:16,1
DA:18,1
DA:21,1
DA:24,1
DA:28,1
DA:34,1
DA:35,1
DA:37,1
DA:38,1
DA:42,1
DA:51,1
DA:53,1
DA:59,0
DA:60,0
DA:63,1
DA:68,1
DA:72,1
LF:23
LH:21
BRDA:9,0,0,1
BRDA:9,1,0,2
BRDA:9,1,1,2
BRDA:72,2,0,1
BRDA:72,2,1,0
BRF:5
BRH:4
end_of_record
TN:
SF:src\services\bank.service.ts
FN:7,(anonymous_9)
FN:87,(anonymous_10)
FN:174,(anonymous_11)
FN:182,(anonymous_12)
FN:188,(anonymous_13)
FN:240,(anonymous_14)
FN:318,(anonymous_15)
FN:354,(anonymous_16)
FN:461,(anonymous_17)
FN:469,(anonymous_18)
FN:475,(anonymous_19)
FN:530,(anonymous_20)
FN:534,(anonymous_21)
FNF:13
FNH:0
FNDA:0,(anonymous_9)
FNDA:0,(anonymous_10)
FNDA:0,(anonymous_11)
FNDA:0,(anonymous_12)
FNDA:0,(anonymous_13)
FNDA:0,(anonymous_14)
FNDA:0,(anonymous_15)
FNDA:0,(anonymous_16)
FNDA:0,(anonymous_17)
FNDA:0,(anonymous_18)
FNDA:0,(anonymous_19)
FNDA:0,(anonymous_20)
FNDA:0,(anonymous_21)
DA:1,1
DA:4,1
DA:6,1
DA:14,0
DA:61,0
DA:63,0
DA:71,0
DA:74,0
DA:76,0
DA:81,0
DA:95,0
DA:96,0
DA:98,0
DA:99,0
DA:100,0
DA:103,0
DA:104,0
DA:111,0
DA:112,0
DA:116,0
DA:117,0
DA:118,0
DA:119,0
DA:123,0
DA:124,0
DA:125,0
DA:126,0
DA:130,0
DA:131,0
DA:132,0
DA:133,0
DA:136,0
DA:141,0
DA:153,0
DA:156,0
DA:164,0
DA:168,0
DA:175,0
DA:178,0
DA:179,0
DA:183,0
DA:184,0
DA:185,0
DA:195,0
DA:197,0
DA:198,0
DA:201,0
DA:213,0
DA:214,0
DA:215,0
DA:216,0
DA:222,0
DA:223,0
DA:229,0
DA:230,0
DA:231,0
DA:232,0
DA:234,0
DA:236,0
DA:238,0
DA:239,0
DA:240,0
DA:241,0
DA:242,0
DA:243,0
DA:244,0
DA:246,0
DA:249,0
DA:254,0
DA:263,0
DA:266,0
DA:267,0
DA:270,0
DA:271,0
DA:288,0
DA:289,0
DA:307,0
DA:308,0
DA:311,0
DA:312,0
DA:314,0
DA:330,0
DA:332,0
DA:337,0
DA:338,0
DA:339,0
DA:344,0
DA:349,0
DA:350,0
DA:363,0
DA:367,0
DA:370,0
DA:409,0
DA:412,0
DA:422,0
DA:425,0
DA:430,0
DA:431,0
DA:432,0
DA:435,0
DA:442,0
DA:444,0
DA:445,0
DA:455,0
DA:462,0
DA:466,0
DA:470,0
DA:471,0
DA:472,0
DA:477,0
DA:478,0
DA:480,0
DA:481,0
DA:482,0
DA:485,0
DA:488,0
DA:489,0
DA:490,0
DA:491,0
DA:495,0
DA:496,0
DA:497,0
DA:498,0
DA:501,0
DA:503,0
DA:514,0
DA:517,0
DA:523,0
DA:525,0
DA:527,0
DA:531,0
DA:532,0
DA:533,0
DA:534,0
DA:539,1
LF:135
LH:4
BRDA:74,0,0,0
BRDA:74,0,1,0
BRDA:103,1,0,0
BRDA:116,2,0,0
BRDA:123,3,0,0
BRDA:130,4,0,0
BRDA:136,5,0,0
BRDA:136,5,1,0
BRDA:185,6,0,0
BRDA:185,6,1,0
BRDA:215,7,0,0
BRDA:223,8,0,0
BRDA:223,8,1,0
BRDA:232,9,0,0
BRDA:234,10,0,0
BRDA:234,10,1,0
BRDA:234,11,0,0
BRDA:234,11,1,0
BRDA:238,12,0,0
BRDA:241,13,0,0
BRDA:241,13,1,0
BRDA:242,14,0,0
BRDA:242,14,1,0
BRDA:243,15,0,0
BRDA:243,15,1,0
BRDA:246,16,0,0
BRDA:246,17,0,0
BRDA:246,17,1,0
BRDA:249,18,0,0
BRDA:249,18,1,0
BRDA:270,19,0,0
BRDA:270,19,1,0
BRDA:288,20,0,0
BRDA:338,21,0,0
BRDA:338,22,0,0
BRDA:338,22,1,0
BRDA:367,23,0,0
BRDA:367,23,1,0
BRDA:431,24,0,0
BRDA:436,25,0,0
BRDA:436,25,1,0
BRDA:437,26,0,0
BRDA:437,26,1,0
BRDA:437,26,2,0
BRDA:449,27,0,0
BRDA:449,27,1,0
BRDA:450,28,0,0
BRDA:450,28,1,0
BRDA:451,29,0,0
BRDA:451,29,1,0
BRDA:466,30,0,0
BRDA:466,30,1,0
BRDA:472,31,0,0
BRDA:472,31,1,0
BRDA:488,32,0,0
BRDA:495,33,0,0
BRDA:501,34,0,0
BRDA:501,34,1,0
BRF:58
BRH:0
end_of_record
TN:
SF:src\services\current.process.service.ts
FN:5,(anonymous_0)
FN:18,(anonymous_1)
FN:26,(anonymous_2)
FN:34,(anonymous_3)
FNF:4
FNH:0
FNDA:0,(anonymous_0)
FNDA:0,(anonymous_1)
FNDA:0,(anonymous_2)
FNDA:0,(anonymous_3)
DA:2,1
DA:4,1
DA:6,0
DA:8,0
DA:15,0
DA:19,0
DA:23,0
DA:27,0
DA:31,0
DA:35,0
LF:10
LH:2
BRDA:31,0,0,0
BRDA:31,0,1,0
BRF:2
BRH:0
end_of_record
TN:
SF:src\services\dashboard.service.ts
FN:8,(anonymous_1)
FN:11,(anonymous_2)
FN:42,(anonymous_3)
FN:95,(anonymous_4)
FN:96,(anonymous_5)
FN:119,(anonymous_6)
FN:120,(anonymous_7)
FN:163,(anonymous_8)
FN:173,(anonymous_9)
FN:176,(anonymous_10)
FN:193,(anonymous_11)
FN:194,(anonymous_12)
FN:228,(anonymous_13)
FN:229,(anonymous_14)
FN:230,(anonymous_15)
FN:245,(anonymous_16)
FN:248,(anonymous_17)
FN:276,(anonymous_18)
FNF:18
FNH:0
FNDA:0,(anonymous_1)
FNDA:0,(anonymous_2)
FNDA:0,(anonymous_3)
FNDA:0,(anonymous_4)
FNDA:0,(anonymous_5)
FNDA:0,(anonymous_6)
FNDA:0,(anonymous_7)
FNDA:0,(anonymous_8)
FNDA:0,(anonymous_9)
FNDA:0,(anonymous_10)
FNDA:0,(anonymous_11)
FNDA:0,(anonymous_12)
FNDA:0,(anonymous_13)
FNDA:0,(anonymous_14)
FNDA:0,(anonymous_15)
FNDA:0,(anonymous_16)
FNDA:0,(anonymous_17)
FNDA:0,(anonymous_18)
DA:1,1
DA:3,1
DA:5,1
DA:9,0
DA:11,0
DA:12,0
DA:13,0
DA:14,0
DA:15,0
DA:16,0
DA:17,0
DA:19,0
DA:33,0
DA:40,0
DA:42,0
DA:43,0
DA:45,0
DA:58,0
DA:61,0
DA:68,0
DA:75,0
DA:89,0
DA:96,0
DA:97,0
DA:113,0
DA:114,0
DA:120,0
DA:121,0
DA:122,0
DA:123,0
DA:137,0
DA:146,0
DA:156,0
DA:162,0
DA:163,0
DA:164,0
DA:172,0
DA:173,0
DA:175,0
DA:176,0
DA:178,0
DA:187,0
DA:194,0
DA:195,0
DA:196,0
DA:197,0
DA:204,0
DA:211,0
DA:222,0
DA:228,0
DA:229,0
DA:230,0
DA:233,0
DA:239,0
DA:246,0
DA:248,0
DA:249,0
DA:274,0
DA:276,0
LF:59
LH:3
BRDA:43,0,0,0
BRDA:43,0,1,0
BRDA:43,1,0,0
BRDA:43,1,1,0
BRDA:58,2,0,0
BRDA:58,2,1,0
BRDA:279,3,0,0
BRDA:279,3,1,0
BRDA:280,4,0,0
BRDA:280,4,1,0
BRDA:281,5,0,0
BRDA:281,5,1,0
BRF:12
BRH:0
end_of_record
TN:
SF:src\services\document.service.ts
FN:6,(anonymous_0)
FN:96,(anonymous_1)
FN:116,(anonymous_2)
FN:151,(anonymous_3)
FN:156,(anonymous_4)
FNF:5
FNH:4
FNDA:1,(anonymous_0)
FNDA:1,(anonymous_1)
FNDA:1,(anonymous_2)
FNDA:0,(anonymous_3)
FNDA:1,(anonymous_4)
DA:1,1
DA:5,1
DA:14,1
DA:15,1
DA:17,1
DA:18,1
DA:19,1
DA:22,1
DA:23,0
DA:28,0
DA:29,0
DA:33,1
DA:34,0
DA:35,0
DA:36,0
DA:40,1
DA:41,1
DA:42,1
DA:43,1
DA:47,1
DA:48,1
DA:49,1
DA:50,1
DA:54,1
DA:57,1
DA:75,1
DA:76,1
DA:79,1
DA:87,1
DA:88,1
DA:90,1
DA:98,1
DA:105,1
DA:113,1
DA:117,1
DA:118,0
DA:122,1
DA:123,1
DA:124,1
DA:125,1
DA:127,1
DA:128,3
DA:129,3
DA:130,1
DA:131,1
DA:132,1
DA:136,1
DA:137,0
DA:140,1
DA:141,1
DA:146,1
DA:148,1
DA:152,0
DA:153,0
DA:157,1
DA:161,1
LF:56
LH:46
BRDA:7,0,0,0
BRDA:8,1,0,0
BRDA:9,2,0,0
BRDA:22,3,0,0
BRDA:33,4,0,0
BRDA:40,5,0,1
BRDA:47,6,0,1
BRDA:54,7,0,1
BRDA:54,7,1,0
BRDA:117,8,0,0
BRDA:129,9,0,1
BRDA:136,10,0,0
BRDA:153,11,0,0
BRDA:153,11,1,0
BRF:14
BRH:4
end_of_record
TN:
SF:src\services\exam.question.service.ts
FN:6,(anonymous_9)
FN:20,(anonymous_10)
FN:27,(anonymous_11)
FN:35,(anonymous_12)
FN:69,(anonymous_13)
FNF:5
FNH:5
FNDA:1,(anonymous_9)
FNDA:1,(anonymous_10)
FNDA:1,(anonymous_11)
FNDA:1,(anonymous_12)
FNDA:1,(anonymous_13)
DA:1,1
DA:3,1
DA:5,1
DA:9,1
DA:10,0
DA:13,1
DA:15,1
DA:16,1
DA:18,1
DA:20,1
DA:23,1
DA:27,1
DA:33,1
DA:34,1
DA:36,1
DA:37,1
DA:41,1
DA:50,1
DA:53,1
DA:55,1
DA:61,0
DA:62,0
DA:65,1
DA:70,1
DA:75,1
DA:76,1
LF:26
LH:23
BRDA:9,0,0,0
BRDA:76,1,0,1
BRDA:76,1,1,0
BRF:3
BRH:1
end_of_record
TN:
SF:src\services\exam.service.ts
FN:11,(anonymous_9)
FN:20,(anonymous_10)
FN:92,(anonymous_11)
FN:108,(anonymous_12)
FN:125,(anonymous_13)
FN:133,(anonymous_14)
FN:138,(anonymous_15)
FN:210,(anonymous_16)
FN:251,(anonymous_17)
FN:307,(anonymous_18)
FN:410,(anonymous_19)
FN:445,(anonymous_20)
FN:471,(anonymous_21)
FN:495,(anonymous_22)
FN:497,(anonymous_23)
FN:529,(anonymous_24)
FN:563,(anonymous_25)
FN:670,(anonymous_26)
FN:731,(anonymous_27)
FN:735,(anonymous_28)
FN:739,(anonymous_29)
FNF:21
FNH:0
FNDA:0,(anonymous_9)
FNDA:0,(anonymous_10)
FNDA:0,(anonymous_11)
FNDA:0,(anonymous_12)
FNDA:0,(anonymous_13)
FNDA:0,(anonymous_14)
FNDA:0,(anonymous_15)
FNDA:0,(anonymous_16)
FNDA:0,(anonymous_17)
FNDA:0,(anonymous_18)
FNDA:0,(anonymous_19)
FNDA:0,(anonymous_20)
FNDA:0,(anonymous_21)
FNDA:0,(anonymous_22)
FNDA:0,(anonymous_23)
FNDA:0,(anonymous_24)
FNDA:0,(anonymous_25)
FNDA:0,(anonymous_26)
FNDA:0,(anonymous_27)
FNDA:0,(anonymous_28)
FNDA:0,(anonymous_29)
DA:2,1
DA:4,1
DA:5,1
DA:6,1
DA:9,1
DA:17,0
DA:21,0
DA:66,0
DA:68,0
DA:76,0
DA:78,0
DA:80,0
DA:84,0
DA:93,0
DA:98,0
DA:105,0
DA:109,0
DA:115,0
DA:122,0
DA:126,0
DA:130,0
DA:134,0
DA:135,0
DA:145,0
DA:146,0
DA:148,0
DA:149,0
DA:150,0
DA:152,0
DA:153,0
DA:160,0
DA:161,0
DA:164,0
DA:165,0
DA:166,0
DA:167,0
DA:170,0
DA:171,0
DA:172,0
DA:173,0
DA:176,0
DA:177,0
DA:178,0
DA:179,0
DA:182,0
DA:184,0
DA:205,0
DA:206,0
DA:209,0
DA:211,0
DA:218,0
DA:219,0
DA:220,0
DA:221,0
DA:222,0
DA:231,0
DA:236,0
DA:245,0
DA:246,0
DA:248,0
DA:259,0
DA:261,0
DA:262,0
DA:264,0
DA:276,0
DA:277,0
DA:278,0
DA:279,0
DA:285,0
DA:286,0
DA:293,0
DA:294,0
DA:295,0
DA:296,0
DA:299,0
DA:300,0
DA:301,0
DA:306,0
DA:307,0
DA:308,0
DA:311,0
DA:312,0
DA:313,0
DA:314,0
DA:318,0
DA:319,0
DA:323,0
DA:327,0
DA:328,0
DA:334,0
DA:343,0
DA:348,0
DA:349,0
DA:352,0
DA:353,0
DA:370,0
DA:371,0
DA:389,0
DA:391,0
DA:393,0
DA:394,0
DA:400,0
DA:403,0
DA:404,0
DA:406,0
DA:431,0
DA:432,0
DA:433,0
DA:435,0
DA:436,0
DA:438,0
DA:442,0
DA:446,0
DA:471,0
DA:481,0
DA:482,0
DA:487,0
DA:492,0
DA:496,0
DA:497,0
DA:500,0
DA:502,0
DA:504,0
DA:512,0
DA:519,0
DA:520,0
DA:539,0
DA:541,0
DA:546,0
DA:547,0
DA:548,0
DA:553,0
DA:558,0
DA:559,0
DA:572,0
DA:576,0
DA:579,0
DA:618,0
DA:621,0
DA:631,0
DA:634,0
DA:639,0
DA:640,0
DA:641,0
DA:644,0
DA:651,0
DA:653,0
DA:654,0
DA:664,0
DA:675,0
DA:683,0
DA:685,0
DA:686,0
DA:692,0
DA:705,0
DA:706,0
DA:712,0
DA:714,0
DA:715,0
DA:721,0
DA:722,0
DA:728,0
DA:732,0
DA:733,0
DA:734,0
DA:735,0
DA:740,0
DA:742,0
DA:750,0
DA:755,1
LF:170
LH:6
BRDA:78,0,0,0
BRDA:78,0,1,0
BRDA:122,1,0,0
BRDA:122,1,1,0
BRDA:130,2,0,0
BRDA:130,2,1,0
BRDA:135,3,0,0
BRDA:135,3,1,0
BRDA:152,4,0,0
BRDA:164,5,0,0
BRDA:170,6,0,0
BRDA:176,7,0,0
BRDA:182,8,0,0
BRDA:182,8,1,0
BRDA:225,9,0,0
BRDA:225,9,1,0
BRDA:226,10,0,0
BRDA:226,10,1,0
BRDA:278,11,0,0
BRDA:286,12,0,0
BRDA:286,12,1,0
BRDA:296,13,0,0
BRDA:296,14,0,0
BRDA:296,14,1,0
BRDA:296,14,2,0
BRDA:299,15,0,0
BRDA:299,15,1,0
BRDA:300,16,0,0
BRDA:306,17,0,0
BRDA:306,17,1,0
BRDA:311,18,0,0
BRDA:311,18,1,0
BRDA:312,19,0,0
BRDA:312,19,1,0
BRDA:313,20,0,0
BRDA:313,20,1,0
BRDA:314,21,0,0
BRDA:318,22,0,0
BRDA:319,23,0,0
BRDA:319,23,1,0
BRDA:323,24,0,0
BRDA:323,24,1,0
BRDA:327,25,0,0
BRDA:327,26,0,0
BRDA:327,26,1,0
BRDA:328,27,0,0
BRDA:328,27,1,0
BRDA:352,28,0,0
BRDA:352,28,1,0
BRDA:370,29,0,0
BRDA:500,30,0,0
BRDA:547,31,0,0
BRDA:547,32,0,0
BRDA:547,32,1,0
BRDA:576,33,0,0
BRDA:576,33,1,0
BRDA:640,34,0,0
BRDA:645,35,0,0
BRDA:645,35,1,0
BRDA:646,36,0,0
BRDA:646,36,1,0
BRDA:646,36,2,0
BRDA:658,37,0,0
BRDA:658,37,1,0
BRDA:659,38,0,0
BRDA:659,38,1,0
BRDA:660,39,0,0
BRDA:660,39,1,0
BRDA:685,40,0,0
BRDA:705,41,0,0
BRDA:714,42,0,0
BRDA:721,43,0,0
BRDA:721,44,0,0
BRDA:721,44,1,0
BRF:74
BRH:0
end_of_record
TN:
SF:src\services\file.service.ts
FN:13,(anonymous_1)
FN:18,(anonymous_2)
FN:21,(anonymous_3)
FN:32,(anonymous_4)
FN:38,(anonymous_5)
FN:39,(anonymous_6)
FN:43,(anonymous_7)
FN:56,(anonymous_8)
FNF:8
FNH:8
FNDA:1,(anonymous_1)
FNDA:3,(anonymous_2)
FNDA:3,(anonymous_3)
FNDA:1,(anonymous_4)
FNDA:1,(anonymous_5)
FNDA:1,(anonymous_6)
FNDA:3,(anonymous_7)
FNDA:3,(anonymous_8)
DA:1,1
DA:2,1
DA:8,1
DA:9,1
DA:10,1
DA:14,1
DA:15,0
DA:18,3
DA:22,3
DA:24,3
DA:25,1
DA:28,2
DA:33,1
DA:34,0
DA:37,1
DA:38,1
DA:39,1
DA:44,3
DA:46,3
DA:47,0
DA:50,3
DA:57,3
DA:58,3
DA:59,2
DA:60,1
DA:61,1
DA:62,1
LF:27
LH:24
BRDA:14,0,0,0
BRDA:24,1,0,1
BRDA:33,2,0,0
BRDA:46,3,0,0
BRDA:58,4,0,1
BRDA:59,5,0,1
BRDA:59,6,0,2
BRDA:59,6,1,1
BRDA:60,7,0,0
BRDA:61,8,0,0
BRF:10
BRH:5
end_of_record
TN:
SF:src\services\flashcard.deck.service.ts
FN:8,(anonymous_1)
FN:43,(anonymous_2)
FN:88,(anonymous_3)
FN:97,(anonymous_4)
FN:123,(anonymous_5)
FNF:5
FNH:0
FNDA:0,(anonymous_1)
FNDA:0,(anonymous_2)
FNDA:0,(anonymous_3)
FNDA:0,(anonymous_4)
FNDA:0,(anonymous_5)
DA:1,0
DA:4,0
DA:7,0
DA:11,0
DA:12,0
DA:13,0
DA:14,0
DA:15,0
DA:16,0
DA:24,0
DA:28,0
DA:30,0
DA:31,0
DA:33,0
DA:35,0
DA:36,0
DA:37,0
DA:39,0
DA:46,0
DA:48,0
DA:49,0
DA:52,0
DA:56,0
DA:59,0
DA:65,0
DA:70,0
DA:72,0
DA:73,0
DA:74,0
DA:80,0
DA:81,0
DA:82,0
DA:84,0
DA:89,0
DA:94,0
DA:101,0
DA:102,0
DA:103,0
DA:105,0
DA:106,0
DA:107,0
DA:108,0
DA:111,0
DA:113,0
DA:114,0
DA:120,0
DA:124,0
DA:128,0
LF:48
LH:0
BRDA:11,0,0,0
BRDA:11,0,1,0
BRDA:75,1,0,0
BRDA:75,1,1,0
BRDA:111,2,0,0
BRDA:120,3,0,0
BRDA:120,3,1,0
BRDA:128,4,0,0
BRDA:128,4,1,0
BRF:9
BRH:0
end_of_record
TN:
SF:src\services\flashcard.service.ts
FN:7,(anonymous_1)
FN:34,(anonymous_2)
FN:60,(anonymous_3)
FN:68,(anonymous_4)
FN:84,(anonymous_5)
FN:99,(anonymous_6)
FNF:6
FNH:0
FNDA:0,(anonymous_1)
FNDA:0,(anonymous_2)
FNDA:0,(anonymous_3)
FNDA:0,(anonymous_4)
FNDA:0,(anonymous_5)
FNDA:0,(anonymous_6)
DA:1,1
DA:3,1
DA:6,1
DA:8,0
DA:9,0
DA:11,0
DA:16,0
DA:18,0
DA:25,0
DA:27,0
DA:28,0
DA:30,0
DA:38,0
DA:39,0
DA:40,0
DA:42,0
DA:43,0
DA:44,0
DA:45,0
DA:48,0
DA:50,0
DA:51,0
DA:57,0
DA:61,0
DA:65,0
DA:69,0
DA:81,0
DA:85,0
DA:96,0
DA:100,0
DA:101,0
DA:108,0
DA:109,0
DA:116,0
LF:34
LH:3
BRDA:16,0,0,0
BRDA:48,1,0,0
BRDA:57,2,0,0
BRDA:57,2,1,0
BRDA:65,3,0,0
BRDA:65,3,1,0
BRDA:81,4,0,0
BRDA:81,4,1,0
BRDA:96,5,0,0
BRDA:96,5,1,0
BRDA:100,6,0,0
BRDA:108,7,0,0
BRF:12
BRH:0
end_of_record
TN:
SF:src\services\question.service.ts
FN:6,(anonymous_1)
FN:18,(anonymous_2)
FN:127,(anonymous_3)
FN:234,(anonymous_4)
FN:318,(anonymous_5)
FN:326,(anonymous_6)
FNF:6
FNH:0
FNDA:0,(anonymous_1)
FNDA:0,(anonymous_2)
FNDA:0,(anonymous_3)
FNDA:0,(anonymous_4)
FNDA:0,(anonymous_5)
FNDA:0,(anonymous_6)
DA:1,1
DA:2,1
DA:5,1
DA:7,0
DA:8,0
DA:11,0
DA:14,0
DA:15,0
DA:24,0
DA:25,0
DA:27,0
DA:28,0
DA:30,0
DA:33,0
DA:34,0
DA:35,0
DA:36,0
DA:40,0
DA:41,0
DA:42,0
DA:43,0
DA:47,0
DA:48,0
DA:52,0
DA:53,0
DA:57,0
DA:102,0
DA:104,0
DA:107,0
DA:113,0
DA:118,0
DA:119,0
DA:121,0
DA:128,0
DA:130,0
DA:131,0
DA:133,0
DA:153,0
DA:159,0
DA:162,0
DA:163,0
DA:164,0
DA:173,0
DA:177,0
DA:178,0
DA:180,0
DA:197,0
DA:202,0
DA:205,0
DA:206,0
DA:207,0
DA:215,0
DA:218,0
DA:222,0
DA:223,0
DA:226,0
DA:227,0
DA:229,0
DA:235,0
DA:236,0
DA:237,0
DA:239,0
DA:242,0
DA:243,0
DA:244,0
DA:245,0
DA:247,0
DA:248,0
DA:249,0
DA:250,0
DA:251,0
DA:255,0
DA:257,0
DA:258,0
DA:259,0
DA:264,0
DA:265,0
DA:267,0
DA:271,0
DA:274,0
DA:275,0
DA:276,0
DA:280,0
DA:281,0
DA:282,0
DA:284,0
DA:292,0
DA:302,0
DA:306,0
DA:308,0
DA:309,0
DA:311,0
DA:312,0
DA:314,0
DA:319,0
DA:323,0
DA:327,0
DA:328,0
DA:329,0
DA:331,0
DA:334,0
DA:340,0
DA:345,0
DA:347,0
DA:348,0
DA:350,0
DA:355,1
LF:107
LH:4
BRDA:7,0,0,0
BRDA:7,1,0,0
BRDA:7,1,1,0
BRDA:33,2,0,0
BRDA:33,3,0,0
BRDA:33,3,1,0
BRDA:40,4,0,0
BRDA:47,5,0,0
BRDA:47,6,0,0
BRDA:47,6,1,0
BRDA:146,7,0,0
BRDA:146,7,1,0
BRDA:147,8,0,0
BRDA:147,8,1,0
BRDA:148,9,0,0
BRDA:148,9,1,0
BRDA:162,10,0,0
BRDA:177,11,0,0
BRDA:205,12,0,0
BRDA:248,13,0,0
BRDA:257,14,0,0
BRDA:257,14,1,0
BRDA:265,15,0,0
BRDA:265,15,1,0
BRDA:271,16,0,0
BRDA:271,16,1,0
BRDA:274,17,0,0
BRDA:280,18,0,0
BRDA:280,19,0,0
BRDA:280,19,1,0
BRDA:282,20,0,0
BRDA:282,20,1,0
BRDA:323,21,0,0
BRDA:323,21,1,0
BRF:34
BRH:0
end_of_record
TN:
SF:src\services\roadmap.service.ts
FN:5,(anonymous_0)
FN:11,(anonymous_1)
FN:18,(anonymous_2)
FN:32,(anonymous_3)
FN:55,(anonymous_4)
FNF:5
FNH:0
FNDA:0,(anonymous_0)
FNDA:0,(anonymous_1)
FNDA:0,(anonymous_2)
FNDA:0,(anonymous_3)
FNDA:0,(anonymous_4)
DA:2,1
DA:4,1
DA:6,0
DA:7,0
DA:8,0
DA:12,0
DA:13,0
DA:14,0
DA:20,0
DA:25,0
DA:27,0
DA:28,0
DA:33,0
DA:43,0
DA:50,0
DA:51,0
DA:56,0
DA:57,0
DA:58,0
DA:62,1
LF:20
LH:3
BRDA:14,0,0,0
BRDA:14,0,1,0
BRDA:44,1,0,0
BRDA:44,1,1,0
BRDA:45,2,0,0
BRDA:45,2,1,0
BRDA:46,3,0,0
BRDA:46,3,1,0
BRDA:51,4,0,0
BRDA:51,4,1,0
BRDA:58,5,0,0
BRDA:58,5,1,0
BRF:12
BRH:0
end_of_record
TN:
SF:src\services\role.service.ts
FN:5,(anonymous_0)
FN:10,(anonymous_1)
FN:18,(anonymous_2)
FN:38,(anonymous_3)
FN:49,(anonymous_4)
FNF:5
FNH:3
FNDA:1,(anonymous_0)
FNDA:0,(anonymous_1)
FNDA:1,(anonymous_2)
FNDA:0,(anonymous_3)
FNDA:1,(anonymous_4)
DA:1,1
DA:4,1
DA:6,1
DA:7,1
DA:11,0
DA:12,0
DA:13,0
DA:15,0
DA:20,1
DA:25,1
DA:26,1
DA:30,0
DA:35,0
DA:39,0
DA:43,0
DA:44,0
DA:46,0
DA:50,1
DA:51,0
DA:52,0
DA:57,1
LF:21
LH:9
BRDA:12,0,0,0
BRDA:25,1,0,1
BRDA:43,2,0,0
BRDA:51,3,0,0
BRF:4
BRH:1
end_of_record
TN:
SF:src\services\schedule.exam.service.ts
FN:6,(anonymous_0)
FN:66,(anonymous_1)
FN:120,(anonymous_2)
FN:134,(anonymous_3)
FN:151,(anonymous_4)
FNF:5
FNH:3
FNDA:2,(anonymous_0)
FNDA:0,(anonymous_1)
FNDA:2,(anonymous_2)
FNDA:0,(anonymous_3)
FNDA:1,(anonymous_4)
DA:1,1
DA:4,1
DA:10,2
DA:12,2
DA:13,2
DA:15,2
DA:16,2
DA:18,2
DA:44,2
DA:46,2
DA:47,1
DA:48,1
DA:51,2
DA:53,2
DA:54,2
DA:55,2
DA:57,2
DA:59,2
DA:72,0
DA:75,0
DA:80,0
DA:81,0
DA:82,0
DA:85,0
DA:99,0
DA:102,0
DA:105,0
DA:106,0
DA:108,0
DA:111,0
DA:122,2
DA:126,2
DA:130,2
DA:135,0
DA:142,0
DA:147,0
DA:152,1
DA:156,0
LF:38
LH:22
BRDA:10,0,0,2
BRDA:10,0,1,1
BRDA:16,1,0,1
BRDA:16,1,1,1
BRDA:46,2,0,1
BRDA:57,3,0,1
BRDA:57,3,1,1
BRDA:68,4,0,0
BRDA:69,5,0,0
BRDA:108,6,0,0
BRDA:147,7,0,0
BRDA:147,7,1,0
BRDA:156,8,0,0
BRDA:156,8,1,0
BRF:14
BRH:7
end_of_record
TN:
SF:src\services\schedule.study.service.ts
FN:5,(anonymous_9)
FN:32,(anonymous_10)
FN:38,(anonymous_11)
FN:58,(anonymous_12)
FN:88,(anonymous_13)
FN:94,(anonymous_14)
FN:140,(anonymous_15)
FNF:7
FNH:4
FNDA:1,(anonymous_9)
FNDA:0,(anonymous_10)
FNDA:0,(anonymous_11)
FNDA:2,(anonymous_12)
FNDA:0,(anonymous_13)
FNDA:1,(anonymous_14)
FNDA:1,(anonymous_15)
DA:1,1
DA:4,1
DA:6,1
DA:7,1
DA:8,1
DA:10,1
DA:18,1
DA:20,1
DA:22,1
DA:24,0
DA:25,0
DA:26,0
DA:28,1
DA:33,0
DA:34,0
DA:35,0
DA:39,0
DA:45,0
DA:54,0
DA:55,0
DA:60,2
DA:74,2
DA:84,2
DA:85,2
DA:89,0
DA:90,0
DA:91,0
DA:97,1
DA:98,1
DA:99,1
DA:102,1
DA:103,1
DA:106,1
DA:107,1
DA:108,1
DA:111,1
DA:112,0
DA:115,1
DA:118,1
DA:126,1
DA:128,1
DA:130,1
DA:132,0
DA:133,0
DA:134,0
DA:136,1
DA:141,1
DA:143,1
DA:152,0
DA:158,1
LF:50
LH:32
BRDA:35,0,0,0
BRDA:35,0,1,0
BRDA:47,1,0,0
BRDA:47,1,1,0
BRDA:48,2,0,0
BRDA:48,2,1,0
BRDA:49,3,0,0
BRDA:49,3,1,0
BRDA:50,4,0,0
BRDA:50,4,1,0
BRDA:51,5,0,0
BRDA:51,5,1,0
BRDA:52,6,0,0
BRDA:52,6,1,0
BRDA:75,7,0,2
BRDA:75,7,1,2
BRDA:76,8,0,2
BRDA:76,8,1,2
BRDA:77,9,0,2
BRDA:77,9,1,2
BRDA:78,10,0,2
BRDA:78,10,1,2
BRDA:79,11,0,2
BRDA:79,11,1,1
BRDA:80,12,0,2
BRDA:80,12,1,2
BRDA:81,13,0,2
BRDA:81,13,1,2
BRDA:85,14,0,2
BRDA:85,14,1,0
BRDA:91,15,0,0
BRDA:91,15,1,0
BRDA:106,16,0,1
BRDA:111,17,0,0
BRF:34
BRH:16
end_of_record
TN:
SF:src\services\subject.service.ts
FN:5,(anonymous_0)
FN:12,(anonymous_1)
FN:17,(anonymous_2)
FN:22,(anonymous_3)
FN:27,(anonymous_4)
FNF:5
FNH:0
FNDA:0,(anonymous_0)
FNDA:0,(anonymous_1)
FNDA:0,(anonymous_2)
FNDA:0,(anonymous_3)
FNDA:0,(anonymous_4)
DA:1,1
DA:4,1
DA:6,0
DA:7,0
DA:9,0
DA:13,0
DA:14,0
DA:18,0
DA:19,0
DA:23,0
DA:24,0
DA:28,0
DA:29,0
DA:33,1
LF:14
LH:3
BRDA:5,0,0,0
BRDA:5,1,0,0
BRDA:24,2,0,0
BRDA:24,2,1,0
BRF:4
BRH:0
end_of_record
TN:
SF:src\services\topic.service.ts
FN:6,(anonymous_0)
FN:11,(anonymous_1)
FN:20,(anonymous_2)
FN:34,(anonymous_3)
FNF:4
FNH:0
FNDA:0,(anonymous_0)
FNDA:0,(anonymous_1)
FNDA:0,(anonymous_2)
FNDA:0,(anonymous_3)
DA:2,1
DA:4,1
DA:7,0
DA:8,0
DA:12,0
DA:17,0
DA:21,0
DA:30,0
DA:31,0
DA:35,0
DA:36,0
DA:40,1
LF:12
LH:3
BRDA:15,0,0,0
BRDA:15,0,1,0
BRDA:15,1,0,0
BRDA:15,1,1,0
BRDA:30,2,0,0
BRDA:36,3,0,0
BRF:6
BRH:0
end_of_record
TN:
SF:src\services\user.goal.service.ts
FN:5,(anonymous_0)
FN:34,(anonymous_1)
FN:46,(anonymous_2)
FN:54,(anonymous_3)
FNF:4
FNH:4
FNDA:1,(anonymous_0)
FNDA:2,(anonymous_1)
FNDA:1,(anonymous_2)
FNDA:1,(anonymous_3)
DA:1,1
DA:4,1
DA:6,1
DA:31,1
DA:36,2
DA:43,2
DA:47,1
DA:51,1
DA:55,1
DA:57,1
DA:66,0
LF:11
LH:10
BRF:0
BRH:0
end_of_record
TN:
SF:src\services\user.service.ts
FN:6,(anonymous_0)
FN:93,(anonymous_1)
FN:104,(anonymous_2)
FN:122,(anonymous_3)
FNF:4
FNH:4
FNDA:6,(anonymous_0)
FNDA:2,(anonymous_1)
FNDA:7,(anonymous_2)
FNDA:3,(anonymous_3)
DA:1,1
DA:4,1
DA:12,6
DA:13,6
DA:15,6
DA:16,6
DA:18,6
DA:21,6
DA:22,1
DA:23,1
DA:24,1
DA:28,6
DA:29,1
DA:30,1
DA:31,1
DA:35,6
DA:36,1
DA:45,1
DA:46,1
DA:50,6
DA:66,6
DA:68,6
DA:71,6
DA:78,6
DA:83,6
DA:84,6
DA:86,6
DA:94,2
DA:99,2
DA:100,1
DA:105,7
DA:117,7
DA:118,6
DA:123,3
DA:124,3
DA:128,1
LF:36
LH:36
BRDA:21,0,0,1
BRDA:21,1,0,6
BRDA:21,1,1,6
BRDA:28,2,0,1
BRDA:28,3,0,6
BRDA:28,3,1,6
BRDA:35,4,0,1
BRDA:35,5,0,6
BRDA:35,5,1,1
BRDA:99,6,0,1
BRDA:117,7,0,0
BRDA:124,8,0,1
BRF:12
BRH:11
end_of_record
